[2023-10-23T18:25:58.722-0700] {processor.py:153} INFO - Started process (PID=64078) to work on /opt/homebrew/lib/python3.10/site-packages/airflow/example_dags/example_dynamic_task_mapping.py
[2023-10-23T18:25:58.727-0700] {processor.py:743} INFO - Processing file /opt/homebrew/lib/python3.10/site-packages/airflow/example_dags/example_dynamic_task_mapping.py for tasks to queue
[2023-10-23T18:25:58.727-0700] {logging_mixin.py:137} INFO - [2023-10-23T18:25:58.727-0700] {dagbag.py:538} INFO - Filling up the DagBag from /opt/homebrew/lib/python3.10/site-packages/airflow/example_dags/example_dynamic_task_mapping.py
[2023-10-23T18:25:58.777-0700] {processor.py:753} INFO - DAG(s) dict_keys(['example_dynamic_task_mapping']) retrieved from /opt/homebrew/lib/python3.10/site-packages/airflow/example_dags/example_dynamic_task_mapping.py
[2023-10-23T18:25:59.103-0700] {logging_mixin.py:137} INFO - [2023-10-23T18:25:59.103-0700] {manager.py:504} INFO - Created Permission View: can edit on DAG:example_dynamic_task_mapping
[2023-10-23T18:25:59.106-0700] {logging_mixin.py:137} INFO - [2023-10-23T18:25:59.106-0700] {manager.py:504} INFO - Created Permission View: can read on DAG:example_dynamic_task_mapping
[2023-10-23T18:25:59.109-0700] {logging_mixin.py:137} INFO - [2023-10-23T18:25:59.109-0700] {manager.py:504} INFO - Created Permission View: can delete on DAG:example_dynamic_task_mapping
[2023-10-23T18:25:59.109-0700] {logging_mixin.py:137} INFO - [2023-10-23T18:25:59.109-0700] {dag.py:2690} INFO - Sync 1 DAGs
[2023-10-23T18:25:59.113-0700] {logging_mixin.py:137} INFO - [2023-10-23T18:25:59.113-0700] {dag.py:2711} INFO - Creating ORM DAG for example_dynamic_task_mapping
[2023-10-23T18:25:59.116-0700] {logging_mixin.py:137} INFO - [2023-10-23T18:25:59.116-0700] {dag.py:3437} INFO - Setting next_dagrun for example_dynamic_task_mapping to 2022-03-04T00:00:00+00:00, run_after=2022-03-05T00:00:00+00:00
[2023-10-23T18:25:59.122-0700] {processor.py:175} INFO - Processing /opt/homebrew/lib/python3.10/site-packages/airflow/example_dags/example_dynamic_task_mapping.py took 0.401 seconds
[2023-10-23T18:27:21.154-0700] {processor.py:153} INFO - Started process (PID=64239) to work on /opt/homebrew/lib/python3.10/site-packages/airflow/example_dags/example_dynamic_task_mapping.py
[2023-10-23T18:27:21.159-0700] {processor.py:743} INFO - Processing file /opt/homebrew/lib/python3.10/site-packages/airflow/example_dags/example_dynamic_task_mapping.py for tasks to queue
[2023-10-23T18:27:21.160-0700] {logging_mixin.py:137} INFO - [2023-10-23T18:27:21.159-0700] {dagbag.py:538} INFO - Filling up the DagBag from /opt/homebrew/lib/python3.10/site-packages/airflow/example_dags/example_dynamic_task_mapping.py
[2023-10-23T18:27:21.207-0700] {processor.py:753} INFO - DAG(s) dict_keys(['example_dynamic_task_mapping']) retrieved from /opt/homebrew/lib/python3.10/site-packages/airflow/example_dags/example_dynamic_task_mapping.py
[2023-10-23T18:27:21.508-0700] {logging_mixin.py:137} INFO - [2023-10-23T18:27:21.508-0700] {dag.py:2690} INFO - Sync 1 DAGs
[2023-10-23T18:27:21.514-0700] {logging_mixin.py:137} INFO - [2023-10-23T18:27:21.514-0700] {dag.py:3437} INFO - Setting next_dagrun for example_dynamic_task_mapping to 2022-03-04T00:00:00+00:00, run_after=2022-03-05T00:00:00+00:00
[2023-10-23T18:27:21.522-0700] {processor.py:175} INFO - Processing /opt/homebrew/lib/python3.10/site-packages/airflow/example_dags/example_dynamic_task_mapping.py took 0.369 seconds
[2023-10-23T18:28:51.577-0700] {processor.py:153} INFO - Started process (PID=64393) to work on /opt/homebrew/lib/python3.10/site-packages/airflow/example_dags/example_dynamic_task_mapping.py
[2023-10-23T18:28:51.583-0700] {processor.py:743} INFO - Processing file /opt/homebrew/lib/python3.10/site-packages/airflow/example_dags/example_dynamic_task_mapping.py for tasks to queue
[2023-10-23T18:28:51.583-0700] {logging_mixin.py:137} INFO - [2023-10-23T18:28:51.583-0700] {dagbag.py:538} INFO - Filling up the DagBag from /opt/homebrew/lib/python3.10/site-packages/airflow/example_dags/example_dynamic_task_mapping.py
[2023-10-23T18:28:51.628-0700] {processor.py:753} INFO - DAG(s) dict_keys(['example_dynamic_task_mapping']) retrieved from /opt/homebrew/lib/python3.10/site-packages/airflow/example_dags/example_dynamic_task_mapping.py
[2023-10-23T18:28:51.919-0700] {logging_mixin.py:137} INFO - [2023-10-23T18:28:51.919-0700] {dag.py:2690} INFO - Sync 1 DAGs
[2023-10-23T18:28:51.925-0700] {logging_mixin.py:137} INFO - [2023-10-23T18:28:51.925-0700] {dag.py:3437} INFO - Setting next_dagrun for example_dynamic_task_mapping to 2022-03-04T00:00:00+00:00, run_after=2022-03-05T00:00:00+00:00
[2023-10-23T18:28:51.932-0700] {processor.py:175} INFO - Processing /opt/homebrew/lib/python3.10/site-packages/airflow/example_dags/example_dynamic_task_mapping.py took 0.356 seconds
