[2023-10-23T18:25:27.606-0700] {processor.py:153} INFO - Started process (PID=63933) to work on /opt/homebrew/lib/python3.10/site-packages/airflow/example_dags/example_task_group.py
[2023-10-23T18:25:27.612-0700] {processor.py:743} INFO - Processing file /opt/homebrew/lib/python3.10/site-packages/airflow/example_dags/example_task_group.py for tasks to queue
[2023-10-23T18:25:27.613-0700] {logging_mixin.py:137} INFO - [2023-10-23T18:25:27.613-0700] {dagbag.py:538} INFO - Filling up the DagBag from /opt/homebrew/lib/python3.10/site-packages/airflow/example_dags/example_task_group.py
[2023-10-23T18:25:27.624-0700] {processor.py:753} INFO - DAG(s) dict_keys(['example_task_group']) retrieved from /opt/homebrew/lib/python3.10/site-packages/airflow/example_dags/example_task_group.py
[2023-10-23T18:25:28.126-0700] {logging_mixin.py:137} INFO - [2023-10-23T18:25:28.126-0700] {manager.py:504} INFO - Created Permission View: can read on DAG:example_task_group
[2023-10-23T18:25:28.129-0700] {logging_mixin.py:137} INFO - [2023-10-23T18:25:28.129-0700] {manager.py:504} INFO - Created Permission View: can delete on DAG:example_task_group
[2023-10-23T18:25:28.131-0700] {logging_mixin.py:137} INFO - [2023-10-23T18:25:28.131-0700] {manager.py:504} INFO - Created Permission View: can edit on DAG:example_task_group
[2023-10-23T18:25:28.131-0700] {logging_mixin.py:137} INFO - [2023-10-23T18:25:28.131-0700] {dag.py:2690} INFO - Sync 1 DAGs
[2023-10-23T18:25:28.136-0700] {logging_mixin.py:137} INFO - [2023-10-23T18:25:28.135-0700] {dag.py:2711} INFO - Creating ORM DAG for example_task_group
[2023-10-23T18:25:28.142-0700] {logging_mixin.py:137} INFO - [2023-10-23T18:25:28.141-0700] {dag.py:3437} INFO - Setting next_dagrun for example_task_group to 2023-10-23T01:25:28.141803+00:00, run_after=2023-10-24T01:25:28.141803+00:00
[2023-10-23T18:25:28.154-0700] {processor.py:175} INFO - Processing /opt/homebrew/lib/python3.10/site-packages/airflow/example_dags/example_task_group.py took 0.549 seconds
[2023-10-23T18:26:40.287-0700] {processor.py:153} INFO - Started process (PID=64166) to work on /opt/homebrew/lib/python3.10/site-packages/airflow/example_dags/example_task_group.py
[2023-10-23T18:26:40.293-0700] {processor.py:743} INFO - Processing file /opt/homebrew/lib/python3.10/site-packages/airflow/example_dags/example_task_group.py for tasks to queue
[2023-10-23T18:26:40.293-0700] {logging_mixin.py:137} INFO - [2023-10-23T18:26:40.293-0700] {dagbag.py:538} INFO - Filling up the DagBag from /opt/homebrew/lib/python3.10/site-packages/airflow/example_dags/example_task_group.py
[2023-10-23T18:26:40.305-0700] {processor.py:753} INFO - DAG(s) dict_keys(['example_task_group']) retrieved from /opt/homebrew/lib/python3.10/site-packages/airflow/example_dags/example_task_group.py
[2023-10-23T18:26:40.628-0700] {logging_mixin.py:137} INFO - [2023-10-23T18:26:40.627-0700] {dag.py:2690} INFO - Sync 1 DAGs
[2023-10-23T18:26:40.633-0700] {logging_mixin.py:137} INFO - [2023-10-23T18:26:40.633-0700] {dag.py:3437} INFO - Setting next_dagrun for example_task_group to 2023-10-23T01:26:40.633891+00:00, run_after=2023-10-24T01:26:40.633891+00:00
[2023-10-23T18:26:40.640-0700] {processor.py:175} INFO - Processing /opt/homebrew/lib/python3.10/site-packages/airflow/example_dags/example_task_group.py took 0.354 seconds
[2023-10-23T18:28:07.873-0700] {processor.py:153} INFO - Started process (PID=64319) to work on /opt/homebrew/lib/python3.10/site-packages/airflow/example_dags/example_task_group.py
[2023-10-23T18:28:07.875-0700] {processor.py:743} INFO - Processing file /opt/homebrew/lib/python3.10/site-packages/airflow/example_dags/example_task_group.py for tasks to queue
[2023-10-23T18:28:07.875-0700] {logging_mixin.py:137} INFO - [2023-10-23T18:28:07.875-0700] {dagbag.py:538} INFO - Filling up the DagBag from /opt/homebrew/lib/python3.10/site-packages/airflow/example_dags/example_task_group.py
[2023-10-23T18:28:07.886-0700] {processor.py:753} INFO - DAG(s) dict_keys(['example_task_group']) retrieved from /opt/homebrew/lib/python3.10/site-packages/airflow/example_dags/example_task_group.py
[2023-10-23T18:28:08.220-0700] {logging_mixin.py:137} INFO - [2023-10-23T18:28:08.219-0700] {dag.py:2690} INFO - Sync 1 DAGs
[2023-10-23T18:28:08.226-0700] {logging_mixin.py:137} INFO - [2023-10-23T18:28:08.226-0700] {dag.py:3437} INFO - Setting next_dagrun for example_task_group to 2023-10-23T01:28:08.226241+00:00, run_after=2023-10-24T01:28:08.226241+00:00
[2023-10-23T18:28:08.232-0700] {processor.py:175} INFO - Processing /opt/homebrew/lib/python3.10/site-packages/airflow/example_dags/example_task_group.py took 0.360 seconds
