[2023-10-23T18:26:13.010-0700] {processor.py:153} INFO - Started process (PID=64105) to work on /opt/homebrew/lib/python3.10/site-packages/airflow/example_dags/example_branch_labels.py
[2023-10-23T18:26:13.015-0700] {processor.py:743} INFO - Processing file /opt/homebrew/lib/python3.10/site-packages/airflow/example_dags/example_branch_labels.py for tasks to queue
[2023-10-23T18:26:13.016-0700] {logging_mixin.py:137} INFO - [2023-10-23T18:26:13.016-0700] {dagbag.py:538} INFO - Filling up the DagBag from /opt/homebrew/lib/python3.10/site-packages/airflow/example_dags/example_branch_labels.py
[2023-10-23T18:26:13.029-0700] {processor.py:753} INFO - DAG(s) dict_keys(['example_branch_labels']) retrieved from /opt/homebrew/lib/python3.10/site-packages/airflow/example_dags/example_branch_labels.py
[2023-10-23T18:26:13.415-0700] {logging_mixin.py:137} INFO - [2023-10-23T18:26:13.415-0700] {manager.py:504} INFO - Created Permission View: can read on DAG:example_branch_labels
[2023-10-23T18:26:13.418-0700] {logging_mixin.py:137} INFO - [2023-10-23T18:26:13.417-0700] {manager.py:504} INFO - Created Permission View: can edit on DAG:example_branch_labels
[2023-10-23T18:26:13.420-0700] {logging_mixin.py:137} INFO - [2023-10-23T18:26:13.420-0700] {manager.py:504} INFO - Created Permission View: can delete on DAG:example_branch_labels
[2023-10-23T18:26:13.420-0700] {logging_mixin.py:137} INFO - [2023-10-23T18:26:13.420-0700] {dag.py:2690} INFO - Sync 1 DAGs
[2023-10-23T18:26:13.424-0700] {logging_mixin.py:137} INFO - [2023-10-23T18:26:13.424-0700] {dag.py:2711} INFO - Creating ORM DAG for example_branch_labels
[2023-10-23T18:26:13.427-0700] {logging_mixin.py:137} INFO - [2023-10-23T18:26:13.427-0700] {dag.py:3437} INFO - Setting next_dagrun for example_branch_labels to 2023-10-23T00:00:00+00:00, run_after=2023-10-24T00:00:00+00:00
[2023-10-23T18:26:13.434-0700] {processor.py:175} INFO - Processing /opt/homebrew/lib/python3.10/site-packages/airflow/example_dags/example_branch_labels.py took 0.425 seconds
[2023-10-23T18:27:35.574-0700] {processor.py:153} INFO - Started process (PID=64264) to work on /opt/homebrew/lib/python3.10/site-packages/airflow/example_dags/example_branch_labels.py
[2023-10-23T18:27:35.578-0700] {processor.py:743} INFO - Processing file /opt/homebrew/lib/python3.10/site-packages/airflow/example_dags/example_branch_labels.py for tasks to queue
[2023-10-23T18:27:35.578-0700] {logging_mixin.py:137} INFO - [2023-10-23T18:27:35.578-0700] {dagbag.py:538} INFO - Filling up the DagBag from /opt/homebrew/lib/python3.10/site-packages/airflow/example_dags/example_branch_labels.py
[2023-10-23T18:27:35.590-0700] {processor.py:753} INFO - DAG(s) dict_keys(['example_branch_labels']) retrieved from /opt/homebrew/lib/python3.10/site-packages/airflow/example_dags/example_branch_labels.py
[2023-10-23T18:27:35.914-0700] {logging_mixin.py:137} INFO - [2023-10-23T18:27:35.914-0700] {dag.py:2690} INFO - Sync 1 DAGs
[2023-10-23T18:27:35.921-0700] {logging_mixin.py:137} INFO - [2023-10-23T18:27:35.921-0700] {dag.py:3437} INFO - Setting next_dagrun for example_branch_labels to 2023-10-23T00:00:00+00:00, run_after=2023-10-24T00:00:00+00:00
[2023-10-23T18:27:35.927-0700] {processor.py:175} INFO - Processing /opt/homebrew/lib/python3.10/site-packages/airflow/example_dags/example_branch_labels.py took 0.354 seconds
[2023-10-23T18:29:04.539-0700] {processor.py:153} INFO - Started process (PID=64418) to work on /opt/homebrew/lib/python3.10/site-packages/airflow/example_dags/example_branch_labels.py
[2023-10-23T18:29:04.548-0700] {processor.py:743} INFO - Processing file /opt/homebrew/lib/python3.10/site-packages/airflow/example_dags/example_branch_labels.py for tasks to queue
[2023-10-23T18:29:04.548-0700] {logging_mixin.py:137} INFO - [2023-10-23T18:29:04.548-0700] {dagbag.py:538} INFO - Filling up the DagBag from /opt/homebrew/lib/python3.10/site-packages/airflow/example_dags/example_branch_labels.py
[2023-10-23T18:29:04.558-0700] {processor.py:753} INFO - DAG(s) dict_keys(['example_branch_labels']) retrieved from /opt/homebrew/lib/python3.10/site-packages/airflow/example_dags/example_branch_labels.py
[2023-10-23T18:29:04.900-0700] {logging_mixin.py:137} INFO - [2023-10-23T18:29:04.900-0700] {dag.py:2690} INFO - Sync 1 DAGs
[2023-10-23T18:29:04.906-0700] {logging_mixin.py:137} INFO - [2023-10-23T18:29:04.906-0700] {dag.py:3437} INFO - Setting next_dagrun for example_branch_labels to 2023-10-23T00:00:00+00:00, run_after=2023-10-24T00:00:00+00:00
[2023-10-23T18:29:04.913-0700] {processor.py:175} INFO - Processing /opt/homebrew/lib/python3.10/site-packages/airflow/example_dags/example_branch_labels.py took 0.375 seconds
