[2023-10-23T18:25:43.708-0700] {processor.py:153} INFO - Started process (PID=63981) to work on /opt/homebrew/lib/python3.10/site-packages/airflow/example_dags/example_python_operator.py
[2023-10-23T18:25:43.713-0700] {processor.py:743} INFO - Processing file /opt/homebrew/lib/python3.10/site-packages/airflow/example_dags/example_python_operator.py for tasks to queue
[2023-10-23T18:25:43.713-0700] {logging_mixin.py:137} INFO - [2023-10-23T18:25:43.713-0700] {dagbag.py:538} INFO - Filling up the DagBag from /opt/homebrew/lib/python3.10/site-packages/airflow/example_dags/example_python_operator.py
[2023-10-23T18:25:43.769-0700] {logging_mixin.py:137} INFO - [2023-10-23T18:25:43.769-0700] {taskmixin.py:205} WARNING - Dependency <Task(_PythonDecoratedOperator): print_the_context>, log_sql_query already registered for DAG: example_python_operator
[2023-10-23T18:25:43.769-0700] {logging_mixin.py:137} INFO - [2023-10-23T18:25:43.769-0700] {taskmixin.py:205} WARNING - Dependency <Task(_PythonDecoratedOperator): log_sql_query>, print_the_context already registered for DAG: example_python_operator
[2023-10-23T18:25:43.769-0700] {logging_mixin.py:137} INFO - [2023-10-23T18:25:43.769-0700] {taskmixin.py:205} WARNING - Dependency <Task(_PythonDecoratedOperator): print_the_context>, log_sql_query already registered for DAG: example_python_operator
[2023-10-23T18:25:43.769-0700] {logging_mixin.py:137} INFO - [2023-10-23T18:25:43.769-0700] {taskmixin.py:205} WARNING - Dependency <Task(_PythonDecoratedOperator): log_sql_query>, print_the_context already registered for DAG: example_python_operator
[2023-10-23T18:25:43.770-0700] {logging_mixin.py:137} INFO - [2023-10-23T18:25:43.770-0700] {taskmixin.py:205} WARNING - Dependency <Task(_PythonDecoratedOperator): print_the_context>, log_sql_query already registered for DAG: example_python_operator
[2023-10-23T18:25:43.770-0700] {logging_mixin.py:137} INFO - [2023-10-23T18:25:43.770-0700] {taskmixin.py:205} WARNING - Dependency <Task(_PythonDecoratedOperator): log_sql_query>, print_the_context already registered for DAG: example_python_operator
[2023-10-23T18:25:43.771-0700] {logging_mixin.py:137} INFO - [2023-10-23T18:25:43.771-0700] {taskmixin.py:205} WARNING - Dependency <Task(_PythonDecoratedOperator): print_the_context>, log_sql_query already registered for DAG: example_python_operator
[2023-10-23T18:25:43.771-0700] {logging_mixin.py:137} INFO - [2023-10-23T18:25:43.771-0700] {taskmixin.py:205} WARNING - Dependency <Task(_PythonDecoratedOperator): log_sql_query>, print_the_context already registered for DAG: example_python_operator
[2023-10-23T18:25:43.772-0700] {logging_mixin.py:137} INFO - [2023-10-23T18:25:43.772-0700] {example_python_operator.py:90} WARNING - The virtalenv_python example task requires virtualenv, please install it.
[2023-10-23T18:25:43.776-0700] {processor.py:753} INFO - DAG(s) dict_keys(['example_python_operator']) retrieved from /opt/homebrew/lib/python3.10/site-packages/airflow/example_dags/example_python_operator.py
[2023-10-23T18:25:44.077-0700] {logging_mixin.py:137} INFO - [2023-10-23T18:25:44.077-0700] {manager.py:504} INFO - Created Permission View: can delete on DAG:example_python_operator
[2023-10-23T18:25:44.082-0700] {logging_mixin.py:137} INFO - [2023-10-23T18:25:44.082-0700] {manager.py:504} INFO - Created Permission View: can edit on DAG:example_python_operator
[2023-10-23T18:25:44.084-0700] {logging_mixin.py:137} INFO - [2023-10-23T18:25:44.084-0700] {manager.py:504} INFO - Created Permission View: can read on DAG:example_python_operator
[2023-10-23T18:25:44.084-0700] {logging_mixin.py:137} INFO - [2023-10-23T18:25:44.084-0700] {dag.py:2690} INFO - Sync 1 DAGs
[2023-10-23T18:25:44.089-0700] {logging_mixin.py:137} INFO - [2023-10-23T18:25:44.089-0700] {dag.py:2711} INFO - Creating ORM DAG for example_python_operator
[2023-10-23T18:25:44.092-0700] {logging_mixin.py:137} INFO - [2023-10-23T18:25:44.092-0700] {dag.py:3437} INFO - Setting next_dagrun for example_python_operator to None, run_after=None
[2023-10-23T18:25:44.099-0700] {processor.py:175} INFO - Processing /opt/homebrew/lib/python3.10/site-packages/airflow/example_dags/example_python_operator.py took 0.391 seconds
[2023-10-23T18:26:56.298-0700] {processor.py:153} INFO - Started process (PID=64195) to work on /opt/homebrew/lib/python3.10/site-packages/airflow/example_dags/example_python_operator.py
[2023-10-23T18:26:56.308-0700] {processor.py:743} INFO - Processing file /opt/homebrew/lib/python3.10/site-packages/airflow/example_dags/example_python_operator.py for tasks to queue
[2023-10-23T18:26:56.308-0700] {logging_mixin.py:137} INFO - [2023-10-23T18:26:56.308-0700] {dagbag.py:538} INFO - Filling up the DagBag from /opt/homebrew/lib/python3.10/site-packages/airflow/example_dags/example_python_operator.py
[2023-10-23T18:26:56.351-0700] {logging_mixin.py:137} INFO - [2023-10-23T18:26:56.351-0700] {taskmixin.py:205} WARNING - Dependency <Task(_PythonDecoratedOperator): print_the_context>, log_sql_query already registered for DAG: example_python_operator
[2023-10-23T18:26:56.351-0700] {logging_mixin.py:137} INFO - [2023-10-23T18:26:56.351-0700] {taskmixin.py:205} WARNING - Dependency <Task(_PythonDecoratedOperator): log_sql_query>, print_the_context already registered for DAG: example_python_operator
[2023-10-23T18:26:56.352-0700] {logging_mixin.py:137} INFO - [2023-10-23T18:26:56.352-0700] {taskmixin.py:205} WARNING - Dependency <Task(_PythonDecoratedOperator): print_the_context>, log_sql_query already registered for DAG: example_python_operator
[2023-10-23T18:26:56.352-0700] {logging_mixin.py:137} INFO - [2023-10-23T18:26:56.352-0700] {taskmixin.py:205} WARNING - Dependency <Task(_PythonDecoratedOperator): log_sql_query>, print_the_context already registered for DAG: example_python_operator
[2023-10-23T18:26:56.352-0700] {logging_mixin.py:137} INFO - [2023-10-23T18:26:56.352-0700] {taskmixin.py:205} WARNING - Dependency <Task(_PythonDecoratedOperator): print_the_context>, log_sql_query already registered for DAG: example_python_operator
[2023-10-23T18:26:56.352-0700] {logging_mixin.py:137} INFO - [2023-10-23T18:26:56.352-0700] {taskmixin.py:205} WARNING - Dependency <Task(_PythonDecoratedOperator): log_sql_query>, print_the_context already registered for DAG: example_python_operator
[2023-10-23T18:26:56.352-0700] {logging_mixin.py:137} INFO - [2023-10-23T18:26:56.352-0700] {taskmixin.py:205} WARNING - Dependency <Task(_PythonDecoratedOperator): print_the_context>, log_sql_query already registered for DAG: example_python_operator
[2023-10-23T18:26:56.352-0700] {logging_mixin.py:137} INFO - [2023-10-23T18:26:56.352-0700] {taskmixin.py:205} WARNING - Dependency <Task(_PythonDecoratedOperator): log_sql_query>, print_the_context already registered for DAG: example_python_operator
[2023-10-23T18:26:56.353-0700] {logging_mixin.py:137} INFO - [2023-10-23T18:26:56.352-0700] {example_python_operator.py:90} WARNING - The virtalenv_python example task requires virtualenv, please install it.
[2023-10-23T18:26:56.355-0700] {processor.py:753} INFO - DAG(s) dict_keys(['example_python_operator']) retrieved from /opt/homebrew/lib/python3.10/site-packages/airflow/example_dags/example_python_operator.py
[2023-10-23T18:26:56.627-0700] {logging_mixin.py:137} INFO - [2023-10-23T18:26:56.627-0700] {dag.py:2690} INFO - Sync 1 DAGs
[2023-10-23T18:26:56.634-0700] {logging_mixin.py:137} INFO - [2023-10-23T18:26:56.634-0700] {dag.py:3437} INFO - Setting next_dagrun for example_python_operator to None, run_after=None
[2023-10-23T18:26:56.641-0700] {processor.py:175} INFO - Processing /opt/homebrew/lib/python3.10/site-packages/airflow/example_dags/example_python_operator.py took 0.344 seconds
[2023-10-23T18:28:22.392-0700] {processor.py:153} INFO - Started process (PID=64345) to work on /opt/homebrew/lib/python3.10/site-packages/airflow/example_dags/example_python_operator.py
[2023-10-23T18:28:22.395-0700] {processor.py:743} INFO - Processing file /opt/homebrew/lib/python3.10/site-packages/airflow/example_dags/example_python_operator.py for tasks to queue
[2023-10-23T18:28:22.395-0700] {logging_mixin.py:137} INFO - [2023-10-23T18:28:22.395-0700] {dagbag.py:538} INFO - Filling up the DagBag from /opt/homebrew/lib/python3.10/site-packages/airflow/example_dags/example_python_operator.py
[2023-10-23T18:28:22.433-0700] {logging_mixin.py:137} INFO - [2023-10-23T18:28:22.433-0700] {taskmixin.py:205} WARNING - Dependency <Task(_PythonDecoratedOperator): print_the_context>, log_sql_query already registered for DAG: example_python_operator
[2023-10-23T18:28:22.433-0700] {logging_mixin.py:137} INFO - [2023-10-23T18:28:22.433-0700] {taskmixin.py:205} WARNING - Dependency <Task(_PythonDecoratedOperator): log_sql_query>, print_the_context already registered for DAG: example_python_operator
[2023-10-23T18:28:22.433-0700] {logging_mixin.py:137} INFO - [2023-10-23T18:28:22.433-0700] {taskmixin.py:205} WARNING - Dependency <Task(_PythonDecoratedOperator): print_the_context>, log_sql_query already registered for DAG: example_python_operator
[2023-10-23T18:28:22.433-0700] {logging_mixin.py:137} INFO - [2023-10-23T18:28:22.433-0700] {taskmixin.py:205} WARNING - Dependency <Task(_PythonDecoratedOperator): log_sql_query>, print_the_context already registered for DAG: example_python_operator
[2023-10-23T18:28:22.433-0700] {logging_mixin.py:137} INFO - [2023-10-23T18:28:22.433-0700] {taskmixin.py:205} WARNING - Dependency <Task(_PythonDecoratedOperator): print_the_context>, log_sql_query already registered for DAG: example_python_operator
[2023-10-23T18:28:22.433-0700] {logging_mixin.py:137} INFO - [2023-10-23T18:28:22.433-0700] {taskmixin.py:205} WARNING - Dependency <Task(_PythonDecoratedOperator): log_sql_query>, print_the_context already registered for DAG: example_python_operator
[2023-10-23T18:28:22.434-0700] {logging_mixin.py:137} INFO - [2023-10-23T18:28:22.434-0700] {taskmixin.py:205} WARNING - Dependency <Task(_PythonDecoratedOperator): print_the_context>, log_sql_query already registered for DAG: example_python_operator
[2023-10-23T18:28:22.434-0700] {logging_mixin.py:137} INFO - [2023-10-23T18:28:22.434-0700] {taskmixin.py:205} WARNING - Dependency <Task(_PythonDecoratedOperator): log_sql_query>, print_the_context already registered for DAG: example_python_operator
[2023-10-23T18:28:22.434-0700] {logging_mixin.py:137} INFO - [2023-10-23T18:28:22.434-0700] {example_python_operator.py:90} WARNING - The virtalenv_python example task requires virtualenv, please install it.
[2023-10-23T18:28:22.436-0700] {processor.py:753} INFO - DAG(s) dict_keys(['example_python_operator']) retrieved from /opt/homebrew/lib/python3.10/site-packages/airflow/example_dags/example_python_operator.py
[2023-10-23T18:28:22.722-0700] {logging_mixin.py:137} INFO - [2023-10-23T18:28:22.722-0700] {dag.py:2690} INFO - Sync 1 DAGs
[2023-10-23T18:28:22.728-0700] {logging_mixin.py:137} INFO - [2023-10-23T18:28:22.728-0700] {dag.py:3437} INFO - Setting next_dagrun for example_python_operator to None, run_after=None
[2023-10-23T18:28:22.735-0700] {processor.py:175} INFO - Processing /opt/homebrew/lib/python3.10/site-packages/airflow/example_dags/example_python_operator.py took 0.343 seconds
