[2023-10-23T18:26:16.084-0700] {processor.py:153} INFO - Started process (PID=64110) to work on /opt/homebrew/lib/python3.10/site-packages/airflow/example_dags/example_branch_datetime_operator.py
[2023-10-23T18:26:16.090-0700] {processor.py:743} INFO - Processing file /opt/homebrew/lib/python3.10/site-packages/airflow/example_dags/example_branch_datetime_operator.py for tasks to queue
[2023-10-23T18:26:16.090-0700] {logging_mixin.py:137} INFO - [2023-10-23T18:26:16.090-0700] {dagbag.py:538} INFO - Filling up the DagBag from /opt/homebrew/lib/python3.10/site-packages/airflow/example_dags/example_branch_datetime_operator.py
[2023-10-23T18:26:16.103-0700] {processor.py:753} INFO - DAG(s) dict_keys(['example_branch_datetime_operator_3', 'example_branch_datetime_operator', 'example_branch_datetime_operator_2']) retrieved from /opt/homebrew/lib/python3.10/site-packages/airflow/example_dags/example_branch_datetime_operator.py
[2023-10-23T18:26:16.461-0700] {logging_mixin.py:137} INFO - [2023-10-23T18:26:16.461-0700] {manager.py:504} INFO - Created Permission View: can edit on DAG:example_branch_datetime_operator_3
[2023-10-23T18:26:16.464-0700] {logging_mixin.py:137} INFO - [2023-10-23T18:26:16.464-0700] {manager.py:504} INFO - Created Permission View: can read on DAG:example_branch_datetime_operator_3
[2023-10-23T18:26:16.466-0700] {logging_mixin.py:137} INFO - [2023-10-23T18:26:16.465-0700] {manager.py:504} INFO - Created Permission View: can delete on DAG:example_branch_datetime_operator_3
[2023-10-23T18:26:16.470-0700] {logging_mixin.py:137} INFO - [2023-10-23T18:26:16.470-0700] {manager.py:504} INFO - Created Permission View: can edit on DAG:example_branch_datetime_operator
[2023-10-23T18:26:16.472-0700] {logging_mixin.py:137} INFO - [2023-10-23T18:26:16.472-0700] {manager.py:504} INFO - Created Permission View: can read on DAG:example_branch_datetime_operator
[2023-10-23T18:26:16.473-0700] {logging_mixin.py:137} INFO - [2023-10-23T18:26:16.473-0700] {manager.py:504} INFO - Created Permission View: can delete on DAG:example_branch_datetime_operator
[2023-10-23T18:26:16.477-0700] {logging_mixin.py:137} INFO - [2023-10-23T18:26:16.477-0700] {manager.py:504} INFO - Created Permission View: can edit on DAG:example_branch_datetime_operator_2
[2023-10-23T18:26:16.479-0700] {logging_mixin.py:137} INFO - [2023-10-23T18:26:16.479-0700] {manager.py:504} INFO - Created Permission View: can read on DAG:example_branch_datetime_operator_2
[2023-10-23T18:26:16.481-0700] {logging_mixin.py:137} INFO - [2023-10-23T18:26:16.481-0700] {manager.py:504} INFO - Created Permission View: can delete on DAG:example_branch_datetime_operator_2
[2023-10-23T18:26:16.481-0700] {logging_mixin.py:137} INFO - [2023-10-23T18:26:16.481-0700] {dag.py:2690} INFO - Sync 3 DAGs
[2023-10-23T18:26:16.485-0700] {logging_mixin.py:137} INFO - [2023-10-23T18:26:16.485-0700] {dag.py:2711} INFO - Creating ORM DAG for example_branch_datetime_operator_3
[2023-10-23T18:26:16.485-0700] {logging_mixin.py:137} INFO - [2023-10-23T18:26:16.485-0700] {dag.py:2711} INFO - Creating ORM DAG for example_branch_datetime_operator
[2023-10-23T18:26:16.485-0700] {logging_mixin.py:137} INFO - [2023-10-23T18:26:16.485-0700] {dag.py:2711} INFO - Creating ORM DAG for example_branch_datetime_operator_2
[2023-10-23T18:26:16.489-0700] {logging_mixin.py:137} INFO - [2023-10-23T18:26:16.489-0700] {dag.py:3437} INFO - Setting next_dagrun for example_branch_datetime_operator to 2023-10-23T00:00:00+00:00, run_after=2023-10-24T00:00:00+00:00
[2023-10-23T18:26:16.490-0700] {logging_mixin.py:137} INFO - [2023-10-23T18:26:16.490-0700] {dag.py:3437} INFO - Setting next_dagrun for example_branch_datetime_operator_2 to 2023-10-23T00:00:00+00:00, run_after=2023-10-24T00:00:00+00:00
[2023-10-23T18:26:16.490-0700] {logging_mixin.py:137} INFO - [2023-10-23T18:26:16.490-0700] {dag.py:3437} INFO - Setting next_dagrun for example_branch_datetime_operator_3 to 2023-10-23T00:00:00+00:00, run_after=2023-10-24T00:00:00+00:00
[2023-10-23T18:26:16.496-0700] {processor.py:175} INFO - Processing /opt/homebrew/lib/python3.10/site-packages/airflow/example_dags/example_branch_datetime_operator.py took 0.413 seconds
[2023-10-23T18:27:39.415-0700] {processor.py:153} INFO - Started process (PID=64275) to work on /opt/homebrew/lib/python3.10/site-packages/airflow/example_dags/example_branch_datetime_operator.py
[2023-10-23T18:27:39.421-0700] {processor.py:743} INFO - Processing file /opt/homebrew/lib/python3.10/site-packages/airflow/example_dags/example_branch_datetime_operator.py for tasks to queue
[2023-10-23T18:27:39.421-0700] {logging_mixin.py:137} INFO - [2023-10-23T18:27:39.421-0700] {dagbag.py:538} INFO - Filling up the DagBag from /opt/homebrew/lib/python3.10/site-packages/airflow/example_dags/example_branch_datetime_operator.py
[2023-10-23T18:27:39.435-0700] {processor.py:753} INFO - DAG(s) dict_keys(['example_branch_datetime_operator_2', 'example_branch_datetime_operator_3', 'example_branch_datetime_operator']) retrieved from /opt/homebrew/lib/python3.10/site-packages/airflow/example_dags/example_branch_datetime_operator.py
[2023-10-23T18:27:39.766-0700] {logging_mixin.py:137} INFO - [2023-10-23T18:27:39.766-0700] {dag.py:2690} INFO - Sync 3 DAGs
[2023-10-23T18:27:39.773-0700] {logging_mixin.py:137} INFO - [2023-10-23T18:27:39.773-0700] {dag.py:3437} INFO - Setting next_dagrun for example_branch_datetime_operator to 2023-10-23T00:00:00+00:00, run_after=2023-10-24T00:00:00+00:00
[2023-10-23T18:27:39.774-0700] {logging_mixin.py:137} INFO - [2023-10-23T18:27:39.774-0700] {dag.py:3437} INFO - Setting next_dagrun for example_branch_datetime_operator_2 to 2023-10-23T00:00:00+00:00, run_after=2023-10-24T00:00:00+00:00
[2023-10-23T18:27:39.775-0700] {logging_mixin.py:137} INFO - [2023-10-23T18:27:39.775-0700] {dag.py:3437} INFO - Setting next_dagrun for example_branch_datetime_operator_3 to 2023-10-23T00:00:00+00:00, run_after=2023-10-24T00:00:00+00:00
[2023-10-23T18:27:39.781-0700] {processor.py:175} INFO - Processing /opt/homebrew/lib/python3.10/site-packages/airflow/example_dags/example_branch_datetime_operator.py took 0.366 seconds
[2023-10-23T18:29:08.527-0700] {processor.py:153} INFO - Started process (PID=64428) to work on /opt/homebrew/lib/python3.10/site-packages/airflow/example_dags/example_branch_datetime_operator.py
[2023-10-23T18:29:08.533-0700] {processor.py:743} INFO - Processing file /opt/homebrew/lib/python3.10/site-packages/airflow/example_dags/example_branch_datetime_operator.py for tasks to queue
[2023-10-23T18:29:08.533-0700] {logging_mixin.py:137} INFO - [2023-10-23T18:29:08.533-0700] {dagbag.py:538} INFO - Filling up the DagBag from /opt/homebrew/lib/python3.10/site-packages/airflow/example_dags/example_branch_datetime_operator.py
[2023-10-23T18:29:08.545-0700] {processor.py:753} INFO - DAG(s) dict_keys(['example_branch_datetime_operator', 'example_branch_datetime_operator_2', 'example_branch_datetime_operator_3']) retrieved from /opt/homebrew/lib/python3.10/site-packages/airflow/example_dags/example_branch_datetime_operator.py
[2023-10-23T18:29:08.858-0700] {logging_mixin.py:137} INFO - [2023-10-23T18:29:08.858-0700] {dag.py:2690} INFO - Sync 3 DAGs
[2023-10-23T18:29:08.866-0700] {logging_mixin.py:137} INFO - [2023-10-23T18:29:08.866-0700] {dag.py:3437} INFO - Setting next_dagrun for example_branch_datetime_operator to 2023-10-23T00:00:00+00:00, run_after=2023-10-24T00:00:00+00:00
[2023-10-23T18:29:08.867-0700] {logging_mixin.py:137} INFO - [2023-10-23T18:29:08.867-0700] {dag.py:3437} INFO - Setting next_dagrun for example_branch_datetime_operator_2 to 2023-10-23T00:00:00+00:00, run_after=2023-10-24T00:00:00+00:00
[2023-10-23T18:29:08.868-0700] {logging_mixin.py:137} INFO - [2023-10-23T18:29:08.868-0700] {dag.py:3437} INFO - Setting next_dagrun for example_branch_datetime_operator_3 to 2023-10-23T00:00:00+00:00, run_after=2023-10-24T00:00:00+00:00
[2023-10-23T18:29:08.874-0700] {processor.py:175} INFO - Processing /opt/homebrew/lib/python3.10/site-packages/airflow/example_dags/example_branch_datetime_operator.py took 0.348 seconds
