[2023-10-23T18:25:20.126-0700] {processor.py:153} INFO - Started process (PID=63920) to work on /opt/homebrew/lib/python3.10/site-packages/airflow/example_dags/example_trigger_controller_dag.py
[2023-10-23T18:25:20.130-0700] {processor.py:743} INFO - Processing file /opt/homebrew/lib/python3.10/site-packages/airflow/example_dags/example_trigger_controller_dag.py for tasks to queue
[2023-10-23T18:25:20.130-0700] {logging_mixin.py:137} INFO - [2023-10-23T18:25:20.130-0700] {dagbag.py:538} INFO - Filling up the DagBag from /opt/homebrew/lib/python3.10/site-packages/airflow/example_dags/example_trigger_controller_dag.py
[2023-10-23T18:25:20.142-0700] {processor.py:753} INFO - DAG(s) dict_keys(['example_trigger_controller_dag']) retrieved from /opt/homebrew/lib/python3.10/site-packages/airflow/example_dags/example_trigger_controller_dag.py
[2023-10-23T18:25:20.500-0700] {logging_mixin.py:137} INFO - [2023-10-23T18:25:20.500-0700] {manager.py:504} INFO - Created Permission View: can edit on DAG:example_trigger_controller_dag
[2023-10-23T18:25:20.502-0700] {logging_mixin.py:137} INFO - [2023-10-23T18:25:20.502-0700] {manager.py:504} INFO - Created Permission View: can read on DAG:example_trigger_controller_dag
[2023-10-23T18:25:20.505-0700] {logging_mixin.py:137} INFO - [2023-10-23T18:25:20.505-0700] {manager.py:504} INFO - Created Permission View: can delete on DAG:example_trigger_controller_dag
[2023-10-23T18:25:20.505-0700] {logging_mixin.py:137} INFO - [2023-10-23T18:25:20.505-0700] {dag.py:2690} INFO - Sync 1 DAGs
[2023-10-23T18:25:20.509-0700] {logging_mixin.py:137} INFO - [2023-10-23T18:25:20.509-0700] {dag.py:2711} INFO - Creating ORM DAG for example_trigger_controller_dag
[2023-10-23T18:25:20.512-0700] {logging_mixin.py:137} INFO - [2023-10-23T18:25:20.512-0700] {dag.py:3437} INFO - Setting next_dagrun for example_trigger_controller_dag to 2021-01-01T00:00:00+00:00, run_after=2021-01-01T00:00:00+00:00
[2023-10-23T18:25:20.519-0700] {processor.py:175} INFO - Processing /opt/homebrew/lib/python3.10/site-packages/airflow/example_dags/example_trigger_controller_dag.py took 0.394 seconds
[2023-10-23T18:26:34.986-0700] {processor.py:153} INFO - Started process (PID=64143) to work on /opt/homebrew/lib/python3.10/site-packages/airflow/example_dags/example_trigger_controller_dag.py
[2023-10-23T18:26:34.995-0700] {processor.py:743} INFO - Processing file /opt/homebrew/lib/python3.10/site-packages/airflow/example_dags/example_trigger_controller_dag.py for tasks to queue
[2023-10-23T18:26:34.995-0700] {logging_mixin.py:137} INFO - [2023-10-23T18:26:34.995-0700] {dagbag.py:538} INFO - Filling up the DagBag from /opt/homebrew/lib/python3.10/site-packages/airflow/example_dags/example_trigger_controller_dag.py
[2023-10-23T18:26:35.005-0700] {processor.py:753} INFO - DAG(s) dict_keys(['example_trigger_controller_dag']) retrieved from /opt/homebrew/lib/python3.10/site-packages/airflow/example_dags/example_trigger_controller_dag.py
[2023-10-23T18:26:35.324-0700] {logging_mixin.py:137} INFO - [2023-10-23T18:26:35.324-0700] {dag.py:2690} INFO - Sync 1 DAGs
[2023-10-23T18:26:35.330-0700] {logging_mixin.py:137} INFO - [2023-10-23T18:26:35.330-0700] {dag.py:3437} INFO - Setting next_dagrun for example_trigger_controller_dag to 2021-01-01T00:00:00+00:00, run_after=2021-01-01T00:00:00+00:00
[2023-10-23T18:26:35.337-0700] {processor.py:175} INFO - Processing /opt/homebrew/lib/python3.10/site-packages/airflow/example_dags/example_trigger_controller_dag.py took 0.352 seconds
[2023-10-23T18:28:01.816-0700] {processor.py:153} INFO - Started process (PID=64309) to work on /opt/homebrew/lib/python3.10/site-packages/airflow/example_dags/example_trigger_controller_dag.py
[2023-10-23T18:28:01.824-0700] {processor.py:743} INFO - Processing file /opt/homebrew/lib/python3.10/site-packages/airflow/example_dags/example_trigger_controller_dag.py for tasks to queue
[2023-10-23T18:28:01.825-0700] {logging_mixin.py:137} INFO - [2023-10-23T18:28:01.825-0700] {dagbag.py:538} INFO - Filling up the DagBag from /opt/homebrew/lib/python3.10/site-packages/airflow/example_dags/example_trigger_controller_dag.py
[2023-10-23T18:28:01.834-0700] {processor.py:753} INFO - DAG(s) dict_keys(['example_trigger_controller_dag']) retrieved from /opt/homebrew/lib/python3.10/site-packages/airflow/example_dags/example_trigger_controller_dag.py
[2023-10-23T18:28:02.237-0700] {logging_mixin.py:137} INFO - [2023-10-23T18:28:02.236-0700] {dag.py:2690} INFO - Sync 1 DAGs
[2023-10-23T18:28:02.245-0700] {logging_mixin.py:137} INFO - [2023-10-23T18:28:02.245-0700] {dag.py:3437} INFO - Setting next_dagrun for example_trigger_controller_dag to 2021-01-01T00:00:00+00:00, run_after=2021-01-01T00:00:00+00:00
[2023-10-23T18:28:02.251-0700] {processor.py:175} INFO - Processing /opt/homebrew/lib/python3.10/site-packages/airflow/example_dags/example_trigger_controller_dag.py took 0.436 seconds
[2023-10-23T18:29:29.693-0700] {processor.py:153} INFO - Started process (PID=64476) to work on /opt/homebrew/lib/python3.10/site-packages/airflow/example_dags/example_trigger_controller_dag.py
[2023-10-23T18:29:29.699-0700] {processor.py:743} INFO - Processing file /opt/homebrew/lib/python3.10/site-packages/airflow/example_dags/example_trigger_controller_dag.py for tasks to queue
[2023-10-23T18:29:29.699-0700] {logging_mixin.py:137} INFO - [2023-10-23T18:29:29.699-0700] {dagbag.py:538} INFO - Filling up the DagBag from /opt/homebrew/lib/python3.10/site-packages/airflow/example_dags/example_trigger_controller_dag.py
[2023-10-23T18:29:29.709-0700] {processor.py:753} INFO - DAG(s) dict_keys(['example_trigger_controller_dag']) retrieved from /opt/homebrew/lib/python3.10/site-packages/airflow/example_dags/example_trigger_controller_dag.py
[2023-10-23T18:29:30.026-0700] {logging_mixin.py:137} INFO - [2023-10-23T18:29:30.026-0700] {dag.py:2690} INFO - Sync 1 DAGs
[2023-10-23T18:29:30.033-0700] {logging_mixin.py:137} INFO - [2023-10-23T18:29:30.033-0700] {dag.py:3437} INFO - Setting next_dagrun for example_trigger_controller_dag to 2021-01-01T00:00:00+00:00, run_after=2021-01-01T00:00:00+00:00
[2023-10-23T18:29:30.040-0700] {processor.py:175} INFO - Processing /opt/homebrew/lib/python3.10/site-packages/airflow/example_dags/example_trigger_controller_dag.py took 0.347 seconds
