[2023-10-23T18:25:57.106-0700] {processor.py:153} INFO - Started process (PID=64054) to work on /opt/homebrew/lib/python3.10/site-packages/airflow/example_dags/example_external_task_marker_dag.py
[2023-10-23T18:25:57.111-0700] {processor.py:743} INFO - Processing file /opt/homebrew/lib/python3.10/site-packages/airflow/example_dags/example_external_task_marker_dag.py for tasks to queue
[2023-10-23T18:25:57.112-0700] {logging_mixin.py:137} INFO - [2023-10-23T18:25:57.112-0700] {dagbag.py:538} INFO - Filling up the DagBag from /opt/homebrew/lib/python3.10/site-packages/airflow/example_dags/example_external_task_marker_dag.py
[2023-10-23T18:25:57.127-0700] {processor.py:753} INFO - DAG(s) dict_keys(['example_external_task_marker_child', 'example_external_task_marker_parent']) retrieved from /opt/homebrew/lib/python3.10/site-packages/airflow/example_dags/example_external_task_marker_dag.py
[2023-10-23T18:25:57.720-0700] {logging_mixin.py:137} INFO - [2023-10-23T18:25:57.720-0700] {manager.py:504} INFO - Created Permission View: can delete on DAG:example_external_task_marker_child
[2023-10-23T18:25:57.722-0700] {logging_mixin.py:137} INFO - [2023-10-23T18:25:57.722-0700] {manager.py:504} INFO - Created Permission View: can read on DAG:example_external_task_marker_child
[2023-10-23T18:25:57.725-0700] {logging_mixin.py:137} INFO - [2023-10-23T18:25:57.725-0700] {manager.py:504} INFO - Created Permission View: can edit on DAG:example_external_task_marker_child
[2023-10-23T18:25:57.730-0700] {logging_mixin.py:137} INFO - [2023-10-23T18:25:57.730-0700] {manager.py:504} INFO - Created Permission View: can delete on DAG:example_external_task_marker_parent
[2023-10-23T18:25:57.732-0700] {logging_mixin.py:137} INFO - [2023-10-23T18:25:57.732-0700] {manager.py:504} INFO - Created Permission View: can read on DAG:example_external_task_marker_parent
[2023-10-23T18:25:57.734-0700] {logging_mixin.py:137} INFO - [2023-10-23T18:25:57.734-0700] {manager.py:504} INFO - Created Permission View: can edit on DAG:example_external_task_marker_parent
[2023-10-23T18:25:57.735-0700] {logging_mixin.py:137} INFO - [2023-10-23T18:25:57.734-0700] {dag.py:2690} INFO - Sync 2 DAGs
[2023-10-23T18:25:57.738-0700] {logging_mixin.py:137} INFO - [2023-10-23T18:25:57.738-0700] {dag.py:2711} INFO - Creating ORM DAG for example_external_task_marker_child
[2023-10-23T18:25:57.739-0700] {logging_mixin.py:137} INFO - [2023-10-23T18:25:57.739-0700] {dag.py:2711} INFO - Creating ORM DAG for example_external_task_marker_parent
[2023-10-23T18:25:57.743-0700] {logging_mixin.py:137} INFO - [2023-10-23T18:25:57.743-0700] {dag.py:3437} INFO - Setting next_dagrun for example_external_task_marker_child to None, run_after=None
[2023-10-23T18:25:57.744-0700] {logging_mixin.py:137} INFO - [2023-10-23T18:25:57.744-0700] {dag.py:3437} INFO - Setting next_dagrun for example_external_task_marker_parent to None, run_after=None
[2023-10-23T18:25:57.751-0700] {processor.py:175} INFO - Processing /opt/homebrew/lib/python3.10/site-packages/airflow/example_dags/example_external_task_marker_dag.py took 0.647 seconds
[2023-10-23T18:27:19.145-0700] {processor.py:153} INFO - Started process (PID=64235) to work on /opt/homebrew/lib/python3.10/site-packages/airflow/example_dags/example_external_task_marker_dag.py
[2023-10-23T18:27:19.147-0700] {processor.py:743} INFO - Processing file /opt/homebrew/lib/python3.10/site-packages/airflow/example_dags/example_external_task_marker_dag.py for tasks to queue
[2023-10-23T18:27:19.147-0700] {logging_mixin.py:137} INFO - [2023-10-23T18:27:19.147-0700] {dagbag.py:538} INFO - Filling up the DagBag from /opt/homebrew/lib/python3.10/site-packages/airflow/example_dags/example_external_task_marker_dag.py
[2023-10-23T18:27:19.160-0700] {processor.py:753} INFO - DAG(s) dict_keys(['example_external_task_marker_parent', 'example_external_task_marker_child']) retrieved from /opt/homebrew/lib/python3.10/site-packages/airflow/example_dags/example_external_task_marker_dag.py
[2023-10-23T18:27:19.548-0700] {logging_mixin.py:137} INFO - [2023-10-23T18:27:19.548-0700] {dag.py:2690} INFO - Sync 2 DAGs
[2023-10-23T18:27:19.554-0700] {logging_mixin.py:137} INFO - [2023-10-23T18:27:19.554-0700] {dag.py:3437} INFO - Setting next_dagrun for example_external_task_marker_child to None, run_after=None
[2023-10-23T18:27:19.554-0700] {logging_mixin.py:137} INFO - [2023-10-23T18:27:19.554-0700] {dag.py:3437} INFO - Setting next_dagrun for example_external_task_marker_parent to None, run_after=None
[2023-10-23T18:27:19.561-0700] {processor.py:175} INFO - Processing /opt/homebrew/lib/python3.10/site-packages/airflow/example_dags/example_external_task_marker_dag.py took 0.417 seconds
[2023-10-23T18:28:49.405-0700] {processor.py:153} INFO - Started process (PID=64389) to work on /opt/homebrew/lib/python3.10/site-packages/airflow/example_dags/example_external_task_marker_dag.py
[2023-10-23T18:28:49.411-0700] {processor.py:743} INFO - Processing file /opt/homebrew/lib/python3.10/site-packages/airflow/example_dags/example_external_task_marker_dag.py for tasks to queue
[2023-10-23T18:28:49.411-0700] {logging_mixin.py:137} INFO - [2023-10-23T18:28:49.411-0700] {dagbag.py:538} INFO - Filling up the DagBag from /opt/homebrew/lib/python3.10/site-packages/airflow/example_dags/example_external_task_marker_dag.py
[2023-10-23T18:28:49.436-0700] {processor.py:753} INFO - DAG(s) dict_keys(['example_external_task_marker_child', 'example_external_task_marker_parent']) retrieved from /opt/homebrew/lib/python3.10/site-packages/airflow/example_dags/example_external_task_marker_dag.py
[2023-10-23T18:28:49.862-0700] {logging_mixin.py:137} INFO - [2023-10-23T18:28:49.861-0700] {dag.py:2690} INFO - Sync 2 DAGs
[2023-10-23T18:28:49.868-0700] {logging_mixin.py:137} INFO - [2023-10-23T18:28:49.868-0700] {dag.py:3437} INFO - Setting next_dagrun for example_external_task_marker_child to None, run_after=None
[2023-10-23T18:28:49.869-0700] {logging_mixin.py:137} INFO - [2023-10-23T18:28:49.869-0700] {dag.py:3437} INFO - Setting next_dagrun for example_external_task_marker_parent to None, run_after=None
[2023-10-23T18:28:49.875-0700] {processor.py:175} INFO - Processing /opt/homebrew/lib/python3.10/site-packages/airflow/example_dags/example_external_task_marker_dag.py took 0.471 seconds
