[2023-10-23T18:26:14.104-0700] {processor.py:153} INFO - Started process (PID=64107) to work on /opt/homebrew/lib/python3.10/site-packages/airflow/example_dags/example_branch_day_of_week_operator.py
[2023-10-23T18:26:14.111-0700] {processor.py:743} INFO - Processing file /opt/homebrew/lib/python3.10/site-packages/airflow/example_dags/example_branch_day_of_week_operator.py for tasks to queue
[2023-10-23T18:26:14.111-0700] {logging_mixin.py:137} INFO - [2023-10-23T18:26:14.111-0700] {dagbag.py:538} INFO - Filling up the DagBag from /opt/homebrew/lib/python3.10/site-packages/airflow/example_dags/example_branch_day_of_week_operator.py
[2023-10-23T18:26:14.123-0700] {processor.py:753} INFO - DAG(s) dict_keys(['example_weekday_branch_operator']) retrieved from /opt/homebrew/lib/python3.10/site-packages/airflow/example_dags/example_branch_day_of_week_operator.py
[2023-10-23T18:26:14.463-0700] {logging_mixin.py:137} INFO - [2023-10-23T18:26:14.463-0700] {manager.py:504} INFO - Created Permission View: can edit on DAG:example_weekday_branch_operator
[2023-10-23T18:26:14.466-0700] {logging_mixin.py:137} INFO - [2023-10-23T18:26:14.466-0700] {manager.py:504} INFO - Created Permission View: can read on DAG:example_weekday_branch_operator
[2023-10-23T18:26:14.468-0700] {logging_mixin.py:137} INFO - [2023-10-23T18:26:14.468-0700] {manager.py:504} INFO - Created Permission View: can delete on DAG:example_weekday_branch_operator
[2023-10-23T18:26:14.468-0700] {logging_mixin.py:137} INFO - [2023-10-23T18:26:14.468-0700] {dag.py:2690} INFO - Sync 1 DAGs
[2023-10-23T18:26:14.471-0700] {logging_mixin.py:137} INFO - [2023-10-23T18:26:14.471-0700] {dag.py:2711} INFO - Creating ORM DAG for example_weekday_branch_operator
[2023-10-23T18:26:14.475-0700] {logging_mixin.py:137} INFO - [2023-10-23T18:26:14.475-0700] {dag.py:3437} INFO - Setting next_dagrun for example_weekday_branch_operator to 2023-10-23T00:00:00+00:00, run_after=2023-10-24T00:00:00+00:00
[2023-10-23T18:26:14.482-0700] {processor.py:175} INFO - Processing /opt/homebrew/lib/python3.10/site-packages/airflow/example_dags/example_branch_day_of_week_operator.py took 0.379 seconds
[2023-10-23T18:27:37.222-0700] {processor.py:153} INFO - Started process (PID=64269) to work on /opt/homebrew/lib/python3.10/site-packages/airflow/example_dags/example_branch_day_of_week_operator.py
[2023-10-23T18:27:37.227-0700] {processor.py:743} INFO - Processing file /opt/homebrew/lib/python3.10/site-packages/airflow/example_dags/example_branch_day_of_week_operator.py for tasks to queue
[2023-10-23T18:27:37.228-0700] {logging_mixin.py:137} INFO - [2023-10-23T18:27:37.228-0700] {dagbag.py:538} INFO - Filling up the DagBag from /opt/homebrew/lib/python3.10/site-packages/airflow/example_dags/example_branch_day_of_week_operator.py
[2023-10-23T18:27:37.240-0700] {processor.py:753} INFO - DAG(s) dict_keys(['example_weekday_branch_operator']) retrieved from /opt/homebrew/lib/python3.10/site-packages/airflow/example_dags/example_branch_day_of_week_operator.py
[2023-10-23T18:27:37.645-0700] {logging_mixin.py:137} INFO - [2023-10-23T18:27:37.645-0700] {dag.py:2690} INFO - Sync 1 DAGs
[2023-10-23T18:27:37.652-0700] {logging_mixin.py:137} INFO - [2023-10-23T18:27:37.652-0700] {dag.py:3437} INFO - Setting next_dagrun for example_weekday_branch_operator to 2023-10-23T00:00:00+00:00, run_after=2023-10-24T00:00:00+00:00
[2023-10-23T18:27:37.661-0700] {processor.py:175} INFO - Processing /opt/homebrew/lib/python3.10/site-packages/airflow/example_dags/example_branch_day_of_week_operator.py took 0.440 seconds
[2023-10-23T18:29:06.522-0700] {processor.py:153} INFO - Started process (PID=64425) to work on /opt/homebrew/lib/python3.10/site-packages/airflow/example_dags/example_branch_day_of_week_operator.py
[2023-10-23T18:29:06.529-0700] {processor.py:743} INFO - Processing file /opt/homebrew/lib/python3.10/site-packages/airflow/example_dags/example_branch_day_of_week_operator.py for tasks to queue
[2023-10-23T18:29:06.529-0700] {logging_mixin.py:137} INFO - [2023-10-23T18:29:06.529-0700] {dagbag.py:538} INFO - Filling up the DagBag from /opt/homebrew/lib/python3.10/site-packages/airflow/example_dags/example_branch_day_of_week_operator.py
[2023-10-23T18:29:06.542-0700] {processor.py:753} INFO - DAG(s) dict_keys(['example_weekday_branch_operator']) retrieved from /opt/homebrew/lib/python3.10/site-packages/airflow/example_dags/example_branch_day_of_week_operator.py
[2023-10-23T18:29:06.895-0700] {logging_mixin.py:137} INFO - [2023-10-23T18:29:06.895-0700] {dag.py:2690} INFO - Sync 1 DAGs
[2023-10-23T18:29:06.902-0700] {logging_mixin.py:137} INFO - [2023-10-23T18:29:06.902-0700] {dag.py:3437} INFO - Setting next_dagrun for example_weekday_branch_operator to 2023-10-23T00:00:00+00:00, run_after=2023-10-24T00:00:00+00:00
[2023-10-23T18:29:06.910-0700] {processor.py:175} INFO - Processing /opt/homebrew/lib/python3.10/site-packages/airflow/example_dags/example_branch_day_of_week_operator.py took 0.388 seconds
