[2023-10-23T18:25:15.940-0700] {processor.py:153} INFO - Started process (PID=63913) to work on /opt/homebrew/lib/python3.10/site-packages/airflow/example_dags/example_xcom.py
[2023-10-23T18:25:15.946-0700] {processor.py:743} INFO - Processing file /opt/homebrew/lib/python3.10/site-packages/airflow/example_dags/example_xcom.py for tasks to queue
[2023-10-23T18:25:15.946-0700] {logging_mixin.py:137} INFO - [2023-10-23T18:25:15.946-0700] {dagbag.py:538} INFO - Filling up the DagBag from /opt/homebrew/lib/python3.10/site-packages/airflow/example_dags/example_xcom.py
[2023-10-23T18:25:15.989-0700] {processor.py:753} INFO - DAG(s) dict_keys(['example_xcom']) retrieved from /opt/homebrew/lib/python3.10/site-packages/airflow/example_dags/example_xcom.py
[2023-10-23T18:25:16.396-0700] {logging_mixin.py:137} INFO - [2023-10-23T18:25:16.396-0700] {manager.py:504} INFO - Created Permission View: can read on DAG:example_xcom
[2023-10-23T18:25:16.399-0700] {logging_mixin.py:137} INFO - [2023-10-23T18:25:16.399-0700] {manager.py:504} INFO - Created Permission View: can edit on DAG:example_xcom
[2023-10-23T18:25:16.401-0700] {logging_mixin.py:137} INFO - [2023-10-23T18:25:16.401-0700] {manager.py:504} INFO - Created Permission View: can delete on DAG:example_xcom
[2023-10-23T18:25:16.401-0700] {logging_mixin.py:137} INFO - [2023-10-23T18:25:16.401-0700] {dag.py:2690} INFO - Sync 1 DAGs
[2023-10-23T18:25:16.406-0700] {logging_mixin.py:137} INFO - [2023-10-23T18:25:16.406-0700] {dag.py:2711} INFO - Creating ORM DAG for example_xcom
[2023-10-23T18:25:16.409-0700] {logging_mixin.py:137} INFO - [2023-10-23T18:25:16.409-0700] {dag.py:3437} INFO - Setting next_dagrun for example_xcom to 2021-01-01T00:00:00+00:00, run_after=2021-01-01T00:00:00+00:00
[2023-10-23T18:25:16.416-0700] {processor.py:175} INFO - Processing /opt/homebrew/lib/python3.10/site-packages/airflow/example_dags/example_xcom.py took 0.477 seconds
[2023-10-23T18:26:31.058-0700] {processor.py:153} INFO - Started process (PID=64134) to work on /opt/homebrew/lib/python3.10/site-packages/airflow/example_dags/example_xcom.py
[2023-10-23T18:26:31.063-0700] {processor.py:743} INFO - Processing file /opt/homebrew/lib/python3.10/site-packages/airflow/example_dags/example_xcom.py for tasks to queue
[2023-10-23T18:26:31.064-0700] {logging_mixin.py:137} INFO - [2023-10-23T18:26:31.063-0700] {dagbag.py:538} INFO - Filling up the DagBag from /opt/homebrew/lib/python3.10/site-packages/airflow/example_dags/example_xcom.py
[2023-10-23T18:26:31.104-0700] {processor.py:753} INFO - DAG(s) dict_keys(['example_xcom']) retrieved from /opt/homebrew/lib/python3.10/site-packages/airflow/example_dags/example_xcom.py
[2023-10-23T18:26:31.389-0700] {logging_mixin.py:137} INFO - [2023-10-23T18:26:31.389-0700] {dag.py:2690} INFO - Sync 1 DAGs
[2023-10-23T18:26:31.396-0700] {logging_mixin.py:137} INFO - [2023-10-23T18:26:31.396-0700] {dag.py:3437} INFO - Setting next_dagrun for example_xcom to 2021-01-01T00:00:00+00:00, run_after=2021-01-01T00:00:00+00:00
[2023-10-23T18:26:31.403-0700] {processor.py:175} INFO - Processing /opt/homebrew/lib/python3.10/site-packages/airflow/example_dags/example_xcom.py took 0.346 seconds
[2023-10-23T18:27:58.686-0700] {processor.py:153} INFO - Started process (PID=64301) to work on /opt/homebrew/lib/python3.10/site-packages/airflow/example_dags/example_xcom.py
[2023-10-23T18:27:58.691-0700] {processor.py:743} INFO - Processing file /opt/homebrew/lib/python3.10/site-packages/airflow/example_dags/example_xcom.py for tasks to queue
[2023-10-23T18:27:58.691-0700] {logging_mixin.py:137} INFO - [2023-10-23T18:27:58.691-0700] {dagbag.py:538} INFO - Filling up the DagBag from /opt/homebrew/lib/python3.10/site-packages/airflow/example_dags/example_xcom.py
[2023-10-23T18:27:58.739-0700] {processor.py:753} INFO - DAG(s) dict_keys(['example_xcom']) retrieved from /opt/homebrew/lib/python3.10/site-packages/airflow/example_dags/example_xcom.py
[2023-10-23T18:27:59.024-0700] {logging_mixin.py:137} INFO - [2023-10-23T18:27:59.024-0700] {dag.py:2690} INFO - Sync 1 DAGs
[2023-10-23T18:27:59.031-0700] {logging_mixin.py:137} INFO - [2023-10-23T18:27:59.031-0700] {dag.py:3437} INFO - Setting next_dagrun for example_xcom to 2021-01-01T00:00:00+00:00, run_after=2021-01-01T00:00:00+00:00
[2023-10-23T18:27:59.039-0700] {processor.py:175} INFO - Processing /opt/homebrew/lib/python3.10/site-packages/airflow/example_dags/example_xcom.py took 0.355 seconds
[2023-10-23T18:29:25.696-0700] {processor.py:153} INFO - Started process (PID=64468) to work on /opt/homebrew/lib/python3.10/site-packages/airflow/example_dags/example_xcom.py
[2023-10-23T18:29:25.702-0700] {processor.py:743} INFO - Processing file /opt/homebrew/lib/python3.10/site-packages/airflow/example_dags/example_xcom.py for tasks to queue
[2023-10-23T18:29:25.702-0700] {logging_mixin.py:137} INFO - [2023-10-23T18:29:25.702-0700] {dagbag.py:538} INFO - Filling up the DagBag from /opt/homebrew/lib/python3.10/site-packages/airflow/example_dags/example_xcom.py
[2023-10-23T18:29:25.736-0700] {processor.py:753} INFO - DAG(s) dict_keys(['example_xcom']) retrieved from /opt/homebrew/lib/python3.10/site-packages/airflow/example_dags/example_xcom.py
[2023-10-23T18:29:26.020-0700] {logging_mixin.py:137} INFO - [2023-10-23T18:29:26.020-0700] {dag.py:2690} INFO - Sync 1 DAGs
[2023-10-23T18:29:26.027-0700] {logging_mixin.py:137} INFO - [2023-10-23T18:29:26.027-0700] {dag.py:3437} INFO - Setting next_dagrun for example_xcom to 2021-01-01T00:00:00+00:00, run_after=2021-01-01T00:00:00+00:00
[2023-10-23T18:29:26.035-0700] {processor.py:175} INFO - Processing /opt/homebrew/lib/python3.10/site-packages/airflow/example_dags/example_xcom.py took 0.339 seconds
