[2023-10-23T18:25:35.255-0700] {processor.py:153} INFO - Started process (PID=63967) to work on /opt/homebrew/lib/python3.10/site-packages/airflow/example_dags/example_short_circuit_operator.py
[2023-10-23T18:25:35.257-0700] {processor.py:743} INFO - Processing file /opt/homebrew/lib/python3.10/site-packages/airflow/example_dags/example_short_circuit_operator.py for tasks to queue
[2023-10-23T18:25:35.258-0700] {logging_mixin.py:137} INFO - [2023-10-23T18:25:35.258-0700] {dagbag.py:538} INFO - Filling up the DagBag from /opt/homebrew/lib/python3.10/site-packages/airflow/example_dags/example_short_circuit_operator.py
[2023-10-23T18:25:35.302-0700] {processor.py:753} INFO - DAG(s) dict_keys(['example_short_circuit_operator']) retrieved from /opt/homebrew/lib/python3.10/site-packages/airflow/example_dags/example_short_circuit_operator.py
[2023-10-23T18:25:35.696-0700] {logging_mixin.py:137} INFO - [2023-10-23T18:25:35.696-0700] {manager.py:504} INFO - Created Permission View: can delete on DAG:example_short_circuit_operator
[2023-10-23T18:25:35.698-0700] {logging_mixin.py:137} INFO - [2023-10-23T18:25:35.698-0700] {manager.py:504} INFO - Created Permission View: can edit on DAG:example_short_circuit_operator
[2023-10-23T18:25:35.701-0700] {logging_mixin.py:137} INFO - [2023-10-23T18:25:35.701-0700] {manager.py:504} INFO - Created Permission View: can read on DAG:example_short_circuit_operator
[2023-10-23T18:25:35.701-0700] {logging_mixin.py:137} INFO - [2023-10-23T18:25:35.701-0700] {dag.py:2690} INFO - Sync 1 DAGs
[2023-10-23T18:25:35.705-0700] {logging_mixin.py:137} INFO - [2023-10-23T18:25:35.704-0700] {dag.py:2711} INFO - Creating ORM DAG for example_short_circuit_operator
[2023-10-23T18:25:35.708-0700] {logging_mixin.py:137} INFO - [2023-10-23T18:25:35.708-0700] {dag.py:3437} INFO - Setting next_dagrun for example_short_circuit_operator to 2023-10-23T01:25:35.708471+00:00, run_after=2023-10-24T01:25:35.708471+00:00
[2023-10-23T18:25:35.715-0700] {processor.py:175} INFO - Processing /opt/homebrew/lib/python3.10/site-packages/airflow/example_dags/example_short_circuit_operator.py took 0.461 seconds
[2023-10-23T18:26:48.405-0700] {processor.py:153} INFO - Started process (PID=64178) to work on /opt/homebrew/lib/python3.10/site-packages/airflow/example_dags/example_short_circuit_operator.py
[2023-10-23T18:26:48.411-0700] {processor.py:743} INFO - Processing file /opt/homebrew/lib/python3.10/site-packages/airflow/example_dags/example_short_circuit_operator.py for tasks to queue
[2023-10-23T18:26:48.411-0700] {logging_mixin.py:137} INFO - [2023-10-23T18:26:48.411-0700] {dagbag.py:538} INFO - Filling up the DagBag from /opt/homebrew/lib/python3.10/site-packages/airflow/example_dags/example_short_circuit_operator.py
[2023-10-23T18:26:48.448-0700] {processor.py:753} INFO - DAG(s) dict_keys(['example_short_circuit_operator']) retrieved from /opt/homebrew/lib/python3.10/site-packages/airflow/example_dags/example_short_circuit_operator.py
[2023-10-23T18:26:48.750-0700] {logging_mixin.py:137} INFO - [2023-10-23T18:26:48.750-0700] {dag.py:2690} INFO - Sync 1 DAGs
[2023-10-23T18:26:48.756-0700] {logging_mixin.py:137} INFO - [2023-10-23T18:26:48.756-0700] {dag.py:3437} INFO - Setting next_dagrun for example_short_circuit_operator to 2023-10-23T01:26:48.756535+00:00, run_after=2023-10-24T01:26:48.756535+00:00
[2023-10-23T18:26:48.763-0700] {processor.py:175} INFO - Processing /opt/homebrew/lib/python3.10/site-packages/airflow/example_dags/example_short_circuit_operator.py took 0.359 seconds
[2023-10-23T18:28:15.411-0700] {processor.py:153} INFO - Started process (PID=64332) to work on /opt/homebrew/lib/python3.10/site-packages/airflow/example_dags/example_short_circuit_operator.py
[2023-10-23T18:28:15.415-0700] {processor.py:743} INFO - Processing file /opt/homebrew/lib/python3.10/site-packages/airflow/example_dags/example_short_circuit_operator.py for tasks to queue
[2023-10-23T18:28:15.415-0700] {logging_mixin.py:137} INFO - [2023-10-23T18:28:15.415-0700] {dagbag.py:538} INFO - Filling up the DagBag from /opt/homebrew/lib/python3.10/site-packages/airflow/example_dags/example_short_circuit_operator.py
[2023-10-23T18:28:15.469-0700] {processor.py:753} INFO - DAG(s) dict_keys(['example_short_circuit_operator']) retrieved from /opt/homebrew/lib/python3.10/site-packages/airflow/example_dags/example_short_circuit_operator.py
[2023-10-23T18:28:15.765-0700] {logging_mixin.py:137} INFO - [2023-10-23T18:28:15.765-0700] {dag.py:2690} INFO - Sync 1 DAGs
[2023-10-23T18:28:15.771-0700] {logging_mixin.py:137} INFO - [2023-10-23T18:28:15.771-0700] {dag.py:3437} INFO - Setting next_dagrun for example_short_circuit_operator to 2023-10-23T01:28:15.771445+00:00, run_after=2023-10-24T01:28:15.771445+00:00
[2023-10-23T18:28:15.779-0700] {processor.py:175} INFO - Processing /opt/homebrew/lib/python3.10/site-packages/airflow/example_dags/example_short_circuit_operator.py took 0.369 seconds
