[2023-10-23T18:25:31.204-0700] {processor.py:153} INFO - Started process (PID=63947) to work on /opt/homebrew/lib/python3.10/site-packages/airflow/example_dags/example_sla_dag.py
[2023-10-23T18:25:31.209-0700] {processor.py:743} INFO - Processing file /opt/homebrew/lib/python3.10/site-packages/airflow/example_dags/example_sla_dag.py for tasks to queue
[2023-10-23T18:25:31.210-0700] {logging_mixin.py:137} INFO - [2023-10-23T18:25:31.210-0700] {dagbag.py:538} INFO - Filling up the DagBag from /opt/homebrew/lib/python3.10/site-packages/airflow/example_dags/example_sla_dag.py
[2023-10-23T18:25:31.290-0700] {processor.py:753} INFO - DAG(s) dict_keys(['example_sla_dag']) retrieved from /opt/homebrew/lib/python3.10/site-packages/airflow/example_dags/example_sla_dag.py
[2023-10-23T18:25:31.588-0700] {logging_mixin.py:137} INFO - [2023-10-23T18:25:31.587-0700] {manager.py:504} INFO - Created Permission View: can read on DAG:example_sla_dag
[2023-10-23T18:25:31.590-0700] {logging_mixin.py:137} INFO - [2023-10-23T18:25:31.590-0700] {manager.py:504} INFO - Created Permission View: can delete on DAG:example_sla_dag
[2023-10-23T18:25:31.593-0700] {logging_mixin.py:137} INFO - [2023-10-23T18:25:31.593-0700] {manager.py:504} INFO - Created Permission View: can edit on DAG:example_sla_dag
[2023-10-23T18:25:31.593-0700] {logging_mixin.py:137} INFO - [2023-10-23T18:25:31.593-0700] {dag.py:2690} INFO - Sync 1 DAGs
[2023-10-23T18:25:31.597-0700] {logging_mixin.py:137} INFO - [2023-10-23T18:25:31.597-0700] {dag.py:2711} INFO - Creating ORM DAG for example_sla_dag
[2023-10-23T18:25:31.601-0700] {logging_mixin.py:137} INFO - [2023-10-23T18:25:31.601-0700] {dag.py:3437} INFO - Setting next_dagrun for example_sla_dag to 2023-10-24T01:22:00+00:00, run_after=2023-10-24T01:24:00+00:00
[2023-10-23T18:25:31.608-0700] {processor.py:175} INFO - Processing /opt/homebrew/lib/python3.10/site-packages/airflow/example_dags/example_sla_dag.py took 0.405 seconds
[2023-10-23T18:26:44.260-0700] {processor.py:153} INFO - Started process (PID=64171) to work on /opt/homebrew/lib/python3.10/site-packages/airflow/example_dags/example_sla_dag.py
[2023-10-23T18:26:44.269-0700] {processor.py:743} INFO - Processing file /opt/homebrew/lib/python3.10/site-packages/airflow/example_dags/example_sla_dag.py for tasks to queue
[2023-10-23T18:26:44.269-0700] {logging_mixin.py:137} INFO - [2023-10-23T18:26:44.269-0700] {dagbag.py:538} INFO - Filling up the DagBag from /opt/homebrew/lib/python3.10/site-packages/airflow/example_dags/example_sla_dag.py
[2023-10-23T18:26:44.317-0700] {processor.py:753} INFO - DAG(s) dict_keys(['example_sla_dag']) retrieved from /opt/homebrew/lib/python3.10/site-packages/airflow/example_dags/example_sla_dag.py
[2023-10-23T18:26:44.603-0700] {logging_mixin.py:137} INFO - [2023-10-23T18:26:44.603-0700] {dag.py:2690} INFO - Sync 1 DAGs
[2023-10-23T18:26:44.611-0700] {logging_mixin.py:137} INFO - [2023-10-23T18:26:44.611-0700] {dag.py:3437} INFO - Setting next_dagrun for example_sla_dag to 2023-10-24T01:24:00+00:00, run_after=2023-10-24T01:26:00+00:00
[2023-10-23T18:26:44.618-0700] {processor.py:175} INFO - Processing /opt/homebrew/lib/python3.10/site-packages/airflow/example_dags/example_sla_dag.py took 0.362 seconds
[2023-10-23T18:28:11.487-0700] {processor.py:153} INFO - Started process (PID=64326) to work on /opt/homebrew/lib/python3.10/site-packages/airflow/example_dags/example_sla_dag.py
[2023-10-23T18:28:11.492-0700] {processor.py:743} INFO - Processing file /opt/homebrew/lib/python3.10/site-packages/airflow/example_dags/example_sla_dag.py for tasks to queue
[2023-10-23T18:28:11.492-0700] {logging_mixin.py:137} INFO - [2023-10-23T18:28:11.492-0700] {dagbag.py:538} INFO - Filling up the DagBag from /opt/homebrew/lib/python3.10/site-packages/airflow/example_dags/example_sla_dag.py
[2023-10-23T18:28:11.550-0700] {processor.py:753} INFO - DAG(s) dict_keys(['example_sla_dag']) retrieved from /opt/homebrew/lib/python3.10/site-packages/airflow/example_dags/example_sla_dag.py
[2023-10-23T18:28:11.822-0700] {logging_mixin.py:137} INFO - [2023-10-23T18:28:11.822-0700] {dag.py:2690} INFO - Sync 1 DAGs
[2023-10-23T18:28:11.829-0700] {logging_mixin.py:137} INFO - [2023-10-23T18:28:11.829-0700] {dag.py:3437} INFO - Setting next_dagrun for example_sla_dag to 2023-10-24T01:26:00+00:00, run_after=2023-10-24T01:28:00+00:00
[2023-10-23T18:28:11.836-0700] {processor.py:175} INFO - Processing /opt/homebrew/lib/python3.10/site-packages/airflow/example_dags/example_sla_dag.py took 0.352 seconds
