[2023-10-23T18:26:04.776-0700] {processor.py:153} INFO - Started process (PID=64091) to work on /opt/homebrew/lib/python3.10/site-packages/airflow/example_dags/example_complex.py
[2023-10-23T18:26:04.782-0700] {processor.py:743} INFO - Processing file /opt/homebrew/lib/python3.10/site-packages/airflow/example_dags/example_complex.py for tasks to queue
[2023-10-23T18:26:04.782-0700] {logging_mixin.py:137} INFO - [2023-10-23T18:26:04.782-0700] {dagbag.py:538} INFO - Filling up the DagBag from /opt/homebrew/lib/python3.10/site-packages/airflow/example_dags/example_complex.py
[2023-10-23T18:26:04.791-0700] {logging_mixin.py:137} INFO - [2023-10-23T18:26:04.791-0700] {taskmixin.py:205} WARNING - Dependency <Task(BashOperator): create_entry_group>, delete_entry_group already registered for DAG: example_complex
[2023-10-23T18:26:04.791-0700] {logging_mixin.py:137} INFO - [2023-10-23T18:26:04.791-0700] {taskmixin.py:205} WARNING - Dependency <Task(BashOperator): delete_entry_group>, create_entry_group already registered for DAG: example_complex
[2023-10-23T18:26:04.791-0700] {logging_mixin.py:137} INFO - [2023-10-23T18:26:04.791-0700] {taskmixin.py:205} WARNING - Dependency <Task(BashOperator): create_entry_gcs>, delete_entry already registered for DAG: example_complex
[2023-10-23T18:26:04.791-0700] {logging_mixin.py:137} INFO - [2023-10-23T18:26:04.791-0700] {taskmixin.py:205} WARNING - Dependency <Task(BashOperator): delete_entry>, create_entry_gcs already registered for DAG: example_complex
[2023-10-23T18:26:04.791-0700] {logging_mixin.py:137} INFO - [2023-10-23T18:26:04.791-0700] {taskmixin.py:205} WARNING - Dependency <Task(BashOperator): create_tag>, delete_tag already registered for DAG: example_complex
[2023-10-23T18:26:04.792-0700] {logging_mixin.py:137} INFO - [2023-10-23T18:26:04.791-0700] {taskmixin.py:205} WARNING - Dependency <Task(BashOperator): delete_tag>, create_tag already registered for DAG: example_complex
[2023-10-23T18:26:04.826-0700] {processor.py:753} INFO - DAG(s) dict_keys(['example_complex']) retrieved from /opt/homebrew/lib/python3.10/site-packages/airflow/example_dags/example_complex.py
[2023-10-23T18:26:05.169-0700] {logging_mixin.py:137} INFO - [2023-10-23T18:26:05.169-0700] {manager.py:504} INFO - Created Permission View: can read on DAG:example_complex
[2023-10-23T18:26:05.172-0700] {logging_mixin.py:137} INFO - [2023-10-23T18:26:05.172-0700] {manager.py:504} INFO - Created Permission View: can edit on DAG:example_complex
[2023-10-23T18:26:05.175-0700] {logging_mixin.py:137} INFO - [2023-10-23T18:26:05.174-0700] {manager.py:504} INFO - Created Permission View: can delete on DAG:example_complex
[2023-10-23T18:26:05.175-0700] {logging_mixin.py:137} INFO - [2023-10-23T18:26:05.175-0700] {dag.py:2690} INFO - Sync 1 DAGs
[2023-10-23T18:26:05.181-0700] {logging_mixin.py:137} INFO - [2023-10-23T18:26:05.180-0700] {dag.py:2711} INFO - Creating ORM DAG for example_complex
[2023-10-23T18:26:05.187-0700] {logging_mixin.py:137} INFO - [2023-10-23T18:26:05.187-0700] {dag.py:3437} INFO - Setting next_dagrun for example_complex to None, run_after=None
[2023-10-23T18:26:05.196-0700] {processor.py:175} INFO - Processing /opt/homebrew/lib/python3.10/site-packages/airflow/example_dags/example_complex.py took 0.421 seconds
[2023-10-23T18:27:27.209-0700] {processor.py:153} INFO - Started process (PID=64252) to work on /opt/homebrew/lib/python3.10/site-packages/airflow/example_dags/example_complex.py
[2023-10-23T18:27:27.215-0700] {processor.py:743} INFO - Processing file /opt/homebrew/lib/python3.10/site-packages/airflow/example_dags/example_complex.py for tasks to queue
[2023-10-23T18:27:27.215-0700] {logging_mixin.py:137} INFO - [2023-10-23T18:27:27.215-0700] {dagbag.py:538} INFO - Filling up the DagBag from /opt/homebrew/lib/python3.10/site-packages/airflow/example_dags/example_complex.py
[2023-10-23T18:27:27.223-0700] {logging_mixin.py:137} INFO - [2023-10-23T18:27:27.223-0700] {taskmixin.py:205} WARNING - Dependency <Task(BashOperator): create_entry_group>, delete_entry_group already registered for DAG: example_complex
[2023-10-23T18:27:27.223-0700] {logging_mixin.py:137} INFO - [2023-10-23T18:27:27.223-0700] {taskmixin.py:205} WARNING - Dependency <Task(BashOperator): delete_entry_group>, create_entry_group already registered for DAG: example_complex
[2023-10-23T18:27:27.224-0700] {logging_mixin.py:137} INFO - [2023-10-23T18:27:27.223-0700] {taskmixin.py:205} WARNING - Dependency <Task(BashOperator): create_entry_gcs>, delete_entry already registered for DAG: example_complex
[2023-10-23T18:27:27.224-0700] {logging_mixin.py:137} INFO - [2023-10-23T18:27:27.224-0700] {taskmixin.py:205} WARNING - Dependency <Task(BashOperator): delete_entry>, create_entry_gcs already registered for DAG: example_complex
[2023-10-23T18:27:27.224-0700] {logging_mixin.py:137} INFO - [2023-10-23T18:27:27.224-0700] {taskmixin.py:205} WARNING - Dependency <Task(BashOperator): create_tag>, delete_tag already registered for DAG: example_complex
[2023-10-23T18:27:27.224-0700] {logging_mixin.py:137} INFO - [2023-10-23T18:27:27.224-0700] {taskmixin.py:205} WARNING - Dependency <Task(BashOperator): delete_tag>, create_tag already registered for DAG: example_complex
[2023-10-23T18:27:27.245-0700] {processor.py:753} INFO - DAG(s) dict_keys(['example_complex']) retrieved from /opt/homebrew/lib/python3.10/site-packages/airflow/example_dags/example_complex.py
[2023-10-23T18:27:27.589-0700] {logging_mixin.py:137} INFO - [2023-10-23T18:27:27.589-0700] {dag.py:2690} INFO - Sync 1 DAGs
[2023-10-23T18:27:27.596-0700] {logging_mixin.py:137} INFO - [2023-10-23T18:27:27.596-0700] {dag.py:3437} INFO - Setting next_dagrun for example_complex to None, run_after=None
[2023-10-23T18:27:27.604-0700] {processor.py:175} INFO - Processing /opt/homebrew/lib/python3.10/site-packages/airflow/example_dags/example_complex.py took 0.395 seconds
[2023-10-23T18:28:57.203-0700] {processor.py:153} INFO - Started process (PID=64401) to work on /opt/homebrew/lib/python3.10/site-packages/airflow/example_dags/example_complex.py
[2023-10-23T18:28:57.207-0700] {processor.py:743} INFO - Processing file /opt/homebrew/lib/python3.10/site-packages/airflow/example_dags/example_complex.py for tasks to queue
[2023-10-23T18:28:57.207-0700] {logging_mixin.py:137} INFO - [2023-10-23T18:28:57.207-0700] {dagbag.py:538} INFO - Filling up the DagBag from /opt/homebrew/lib/python3.10/site-packages/airflow/example_dags/example_complex.py
[2023-10-23T18:28:57.216-0700] {logging_mixin.py:137} INFO - [2023-10-23T18:28:57.216-0700] {taskmixin.py:205} WARNING - Dependency <Task(BashOperator): create_entry_group>, delete_entry_group already registered for DAG: example_complex
[2023-10-23T18:28:57.216-0700] {logging_mixin.py:137} INFO - [2023-10-23T18:28:57.216-0700] {taskmixin.py:205} WARNING - Dependency <Task(BashOperator): delete_entry_group>, create_entry_group already registered for DAG: example_complex
[2023-10-23T18:28:57.216-0700] {logging_mixin.py:137} INFO - [2023-10-23T18:28:57.216-0700] {taskmixin.py:205} WARNING - Dependency <Task(BashOperator): create_entry_gcs>, delete_entry already registered for DAG: example_complex
[2023-10-23T18:28:57.216-0700] {logging_mixin.py:137} INFO - [2023-10-23T18:28:57.216-0700] {taskmixin.py:205} WARNING - Dependency <Task(BashOperator): delete_entry>, create_entry_gcs already registered for DAG: example_complex
[2023-10-23T18:28:57.216-0700] {logging_mixin.py:137} INFO - [2023-10-23T18:28:57.216-0700] {taskmixin.py:205} WARNING - Dependency <Task(BashOperator): create_tag>, delete_tag already registered for DAG: example_complex
[2023-10-23T18:28:57.216-0700] {logging_mixin.py:137} INFO - [2023-10-23T18:28:57.216-0700] {taskmixin.py:205} WARNING - Dependency <Task(BashOperator): delete_tag>, create_tag already registered for DAG: example_complex
[2023-10-23T18:28:57.243-0700] {processor.py:753} INFO - DAG(s) dict_keys(['example_complex']) retrieved from /opt/homebrew/lib/python3.10/site-packages/airflow/example_dags/example_complex.py
[2023-10-23T18:28:57.546-0700] {logging_mixin.py:137} INFO - [2023-10-23T18:28:57.546-0700] {dag.py:2690} INFO - Sync 1 DAGs
[2023-10-23T18:28:57.553-0700] {logging_mixin.py:137} INFO - [2023-10-23T18:28:57.553-0700] {dag.py:3437} INFO - Setting next_dagrun for example_complex to None, run_after=None
[2023-10-23T18:28:57.560-0700] {processor.py:175} INFO - Processing /opt/homebrew/lib/python3.10/site-packages/airflow/example_dags/example_complex.py took 0.358 seconds
