[2023-10-23T18:25:22.609-0700] {processor.py:153} INFO - Started process (PID=63925) to work on /opt/homebrew/lib/python3.10/site-packages/airflow/example_dags/example_time_delta_sensor_async.py
[2023-10-23T18:25:22.613-0700] {processor.py:743} INFO - Processing file /opt/homebrew/lib/python3.10/site-packages/airflow/example_dags/example_time_delta_sensor_async.py for tasks to queue
[2023-10-23T18:25:22.615-0700] {logging_mixin.py:137} INFO - [2023-10-23T18:25:22.615-0700] {dagbag.py:538} INFO - Filling up the DagBag from /opt/homebrew/lib/python3.10/site-packages/airflow/example_dags/example_time_delta_sensor_async.py
[2023-10-23T18:25:22.760-0700] {processor.py:753} INFO - DAG(s) dict_keys(['example_time_delta_sensor_async']) retrieved from /opt/homebrew/lib/python3.10/site-packages/airflow/example_dags/example_time_delta_sensor_async.py
[2023-10-23T18:25:23.579-0700] {logging_mixin.py:137} INFO - [2023-10-23T18:25:23.577-0700] {manager.py:504} INFO - Created Permission View: can read on DAG:example_time_delta_sensor_async
[2023-10-23T18:25:23.588-0700] {logging_mixin.py:137} INFO - [2023-10-23T18:25:23.588-0700] {manager.py:504} INFO - Created Permission View: can edit on DAG:example_time_delta_sensor_async
[2023-10-23T18:25:23.593-0700] {logging_mixin.py:137} INFO - [2023-10-23T18:25:23.592-0700] {manager.py:504} INFO - Created Permission View: can delete on DAG:example_time_delta_sensor_async
[2023-10-23T18:25:23.593-0700] {logging_mixin.py:137} INFO - [2023-10-23T18:25:23.593-0700] {dag.py:2690} INFO - Sync 1 DAGs
[2023-10-23T18:25:23.599-0700] {logging_mixin.py:137} INFO - [2023-10-23T18:25:23.599-0700] {dag.py:2711} INFO - Creating ORM DAG for example_time_delta_sensor_async
[2023-10-23T18:25:23.610-0700] {logging_mixin.py:137} INFO - [2023-10-23T18:25:23.610-0700] {dag.py:3437} INFO - Setting next_dagrun for example_time_delta_sensor_async to None, run_after=None
[2023-10-23T18:25:23.621-0700] {processor.py:175} INFO - Processing /opt/homebrew/lib/python3.10/site-packages/airflow/example_dags/example_time_delta_sensor_async.py took 1.015 seconds
[2023-10-23T18:26:35.982-0700] {processor.py:153} INFO - Started process (PID=64146) to work on /opt/homebrew/lib/python3.10/site-packages/airflow/example_dags/example_time_delta_sensor_async.py
[2023-10-23T18:26:35.988-0700] {processor.py:743} INFO - Processing file /opt/homebrew/lib/python3.10/site-packages/airflow/example_dags/example_time_delta_sensor_async.py for tasks to queue
[2023-10-23T18:26:35.988-0700] {logging_mixin.py:137} INFO - [2023-10-23T18:26:35.988-0700] {dagbag.py:538} INFO - Filling up the DagBag from /opt/homebrew/lib/python3.10/site-packages/airflow/example_dags/example_time_delta_sensor_async.py
[2023-10-23T18:26:36.020-0700] {processor.py:753} INFO - DAG(s) dict_keys(['example_time_delta_sensor_async']) retrieved from /opt/homebrew/lib/python3.10/site-packages/airflow/example_dags/example_time_delta_sensor_async.py
[2023-10-23T18:26:36.409-0700] {logging_mixin.py:137} INFO - [2023-10-23T18:26:36.409-0700] {dag.py:2690} INFO - Sync 1 DAGs
[2023-10-23T18:26:36.415-0700] {logging_mixin.py:137} INFO - [2023-10-23T18:26:36.415-0700] {dag.py:3437} INFO - Setting next_dagrun for example_time_delta_sensor_async to None, run_after=None
[2023-10-23T18:26:36.422-0700] {processor.py:175} INFO - Processing /opt/homebrew/lib/python3.10/site-packages/airflow/example_dags/example_time_delta_sensor_async.py took 0.441 seconds
[2023-10-23T18:28:03.857-0700] {processor.py:153} INFO - Started process (PID=64312) to work on /opt/homebrew/lib/python3.10/site-packages/airflow/example_dags/example_time_delta_sensor_async.py
[2023-10-23T18:28:03.863-0700] {processor.py:743} INFO - Processing file /opt/homebrew/lib/python3.10/site-packages/airflow/example_dags/example_time_delta_sensor_async.py for tasks to queue
[2023-10-23T18:28:03.863-0700] {logging_mixin.py:137} INFO - [2023-10-23T18:28:03.863-0700] {dagbag.py:538} INFO - Filling up the DagBag from /opt/homebrew/lib/python3.10/site-packages/airflow/example_dags/example_time_delta_sensor_async.py
[2023-10-23T18:28:03.949-0700] {processor.py:753} INFO - DAG(s) dict_keys(['example_time_delta_sensor_async']) retrieved from /opt/homebrew/lib/python3.10/site-packages/airflow/example_dags/example_time_delta_sensor_async.py
[2023-10-23T18:28:04.326-0700] {logging_mixin.py:137} INFO - [2023-10-23T18:28:04.326-0700] {dag.py:2690} INFO - Sync 1 DAGs
[2023-10-23T18:28:04.332-0700] {logging_mixin.py:137} INFO - [2023-10-23T18:28:04.332-0700] {dag.py:3437} INFO - Setting next_dagrun for example_time_delta_sensor_async to None, run_after=None
[2023-10-23T18:28:04.339-0700] {processor.py:175} INFO - Processing /opt/homebrew/lib/python3.10/site-packages/airflow/example_dags/example_time_delta_sensor_async.py took 0.484 seconds
[2023-10-23T18:29:31.718-0700] {processor.py:153} INFO - Started process (PID=64480) to work on /opt/homebrew/lib/python3.10/site-packages/airflow/example_dags/example_time_delta_sensor_async.py
[2023-10-23T18:29:31.722-0700] {processor.py:743} INFO - Processing file /opt/homebrew/lib/python3.10/site-packages/airflow/example_dags/example_time_delta_sensor_async.py for tasks to queue
[2023-10-23T18:29:31.722-0700] {logging_mixin.py:137} INFO - [2023-10-23T18:29:31.722-0700] {dagbag.py:538} INFO - Filling up the DagBag from /opt/homebrew/lib/python3.10/site-packages/airflow/example_dags/example_time_delta_sensor_async.py
[2023-10-23T18:29:31.785-0700] {processor.py:753} INFO - DAG(s) dict_keys(['example_time_delta_sensor_async']) retrieved from /opt/homebrew/lib/python3.10/site-packages/airflow/example_dags/example_time_delta_sensor_async.py
[2023-10-23T18:29:32.143-0700] {logging_mixin.py:137} INFO - [2023-10-23T18:29:32.142-0700] {dag.py:2690} INFO - Sync 1 DAGs
[2023-10-23T18:29:32.149-0700] {logging_mixin.py:137} INFO - [2023-10-23T18:29:32.149-0700] {dag.py:3437} INFO - Setting next_dagrun for example_time_delta_sensor_async to None, run_after=None
[2023-10-23T18:29:32.156-0700] {processor.py:175} INFO - Processing /opt/homebrew/lib/python3.10/site-packages/airflow/example_dags/example_time_delta_sensor_async.py took 0.438 seconds
