[2023-10-23T18:25:52.645-0700] {processor.py:153} INFO - Started process (PID=64048) to work on /opt/homebrew/lib/python3.10/site-packages/airflow/example_dags/example_latest_only.py
[2023-10-23T18:25:52.659-0700] {processor.py:743} INFO - Processing file /opt/homebrew/lib/python3.10/site-packages/airflow/example_dags/example_latest_only.py for tasks to queue
[2023-10-23T18:25:52.660-0700] {logging_mixin.py:137} INFO - [2023-10-23T18:25:52.660-0700] {dagbag.py:538} INFO - Filling up the DagBag from /opt/homebrew/lib/python3.10/site-packages/airflow/example_dags/example_latest_only.py
[2023-10-23T18:25:52.671-0700] {processor.py:753} INFO - DAG(s) dict_keys(['latest_only']) retrieved from /opt/homebrew/lib/python3.10/site-packages/airflow/example_dags/example_latest_only.py
[2023-10-23T18:25:53.051-0700] {logging_mixin.py:137} INFO - [2023-10-23T18:25:53.051-0700] {manager.py:504} INFO - Created Permission View: can read on DAG:latest_only
[2023-10-23T18:25:53.054-0700] {logging_mixin.py:137} INFO - [2023-10-23T18:25:53.054-0700] {manager.py:504} INFO - Created Permission View: can delete on DAG:latest_only
[2023-10-23T18:25:53.057-0700] {logging_mixin.py:137} INFO - [2023-10-23T18:25:53.057-0700] {manager.py:504} INFO - Created Permission View: can edit on DAG:latest_only
[2023-10-23T18:25:53.057-0700] {logging_mixin.py:137} INFO - [2023-10-23T18:25:53.057-0700] {dag.py:2690} INFO - Sync 1 DAGs
[2023-10-23T18:25:53.061-0700] {logging_mixin.py:137} INFO - [2023-10-23T18:25:53.061-0700] {dag.py:2711} INFO - Creating ORM DAG for latest_only
[2023-10-23T18:25:53.064-0700] {logging_mixin.py:137} INFO - [2023-10-23T18:25:53.064-0700] {dag.py:3437} INFO - Setting next_dagrun for latest_only to 2023-10-23T21:25:53.064426+00:00, run_after=2023-10-24T01:25:53.064426+00:00
[2023-10-23T18:25:53.071-0700] {processor.py:175} INFO - Processing /opt/homebrew/lib/python3.10/site-packages/airflow/example_dags/example_latest_only.py took 0.427 seconds
[2023-10-23T18:27:15.141-0700] {processor.py:153} INFO - Started process (PID=64227) to work on /opt/homebrew/lib/python3.10/site-packages/airflow/example_dags/example_latest_only.py
[2023-10-23T18:27:15.146-0700] {processor.py:743} INFO - Processing file /opt/homebrew/lib/python3.10/site-packages/airflow/example_dags/example_latest_only.py for tasks to queue
[2023-10-23T18:27:15.146-0700] {logging_mixin.py:137} INFO - [2023-10-23T18:27:15.146-0700] {dagbag.py:538} INFO - Filling up the DagBag from /opt/homebrew/lib/python3.10/site-packages/airflow/example_dags/example_latest_only.py
[2023-10-23T18:27:15.184-0700] {processor.py:753} INFO - DAG(s) dict_keys(['latest_only']) retrieved from /opt/homebrew/lib/python3.10/site-packages/airflow/example_dags/example_latest_only.py
[2023-10-23T18:27:15.499-0700] {logging_mixin.py:137} INFO - [2023-10-23T18:27:15.499-0700] {dag.py:2690} INFO - Sync 1 DAGs
[2023-10-23T18:27:15.505-0700] {logging_mixin.py:137} INFO - [2023-10-23T18:27:15.505-0700] {dag.py:3437} INFO - Setting next_dagrun for latest_only to 2023-10-23T21:27:15.505178+00:00, run_after=2023-10-24T01:27:15.505178+00:00
[2023-10-23T18:27:15.511-0700] {processor.py:175} INFO - Processing /opt/homebrew/lib/python3.10/site-packages/airflow/example_dags/example_latest_only.py took 0.372 seconds
[2023-10-23T18:28:45.489-0700] {processor.py:153} INFO - Started process (PID=64383) to work on /opt/homebrew/lib/python3.10/site-packages/airflow/example_dags/example_latest_only.py
[2023-10-23T18:28:45.496-0700] {processor.py:743} INFO - Processing file /opt/homebrew/lib/python3.10/site-packages/airflow/example_dags/example_latest_only.py for tasks to queue
[2023-10-23T18:28:45.496-0700] {logging_mixin.py:137} INFO - [2023-10-23T18:28:45.496-0700] {dagbag.py:538} INFO - Filling up the DagBag from /opt/homebrew/lib/python3.10/site-packages/airflow/example_dags/example_latest_only.py
[2023-10-23T18:28:45.513-0700] {processor.py:753} INFO - DAG(s) dict_keys(['latest_only']) retrieved from /opt/homebrew/lib/python3.10/site-packages/airflow/example_dags/example_latest_only.py
[2023-10-23T18:28:45.832-0700] {logging_mixin.py:137} INFO - [2023-10-23T18:28:45.832-0700] {dag.py:2690} INFO - Sync 1 DAGs
[2023-10-23T18:28:45.838-0700] {logging_mixin.py:137} INFO - [2023-10-23T18:28:45.838-0700] {dag.py:3437} INFO - Setting next_dagrun for latest_only to 2023-10-23T21:28:45.838762+00:00, run_after=2023-10-24T01:28:45.838762+00:00
[2023-10-23T18:28:45.845-0700] {processor.py:175} INFO - Processing /opt/homebrew/lib/python3.10/site-packages/airflow/example_dags/example_latest_only.py took 0.357 seconds
