[2023-10-23T18:25:18.076-0700] {processor.py:153} INFO - Started process (PID=63917) to work on /opt/homebrew/lib/python3.10/site-packages/airflow/example_dags/example_trigger_target_dag.py
[2023-10-23T18:25:18.084-0700] {processor.py:743} INFO - Processing file /opt/homebrew/lib/python3.10/site-packages/airflow/example_dags/example_trigger_target_dag.py for tasks to queue
[2023-10-23T18:25:18.084-0700] {logging_mixin.py:137} INFO - [2023-10-23T18:25:18.084-0700] {dagbag.py:538} INFO - Filling up the DagBag from /opt/homebrew/lib/python3.10/site-packages/airflow/example_dags/example_trigger_target_dag.py
[2023-10-23T18:25:18.142-0700] {processor.py:753} INFO - DAG(s) dict_keys(['example_trigger_target_dag']) retrieved from /opt/homebrew/lib/python3.10/site-packages/airflow/example_dags/example_trigger_target_dag.py
[2023-10-23T18:25:18.476-0700] {logging_mixin.py:137} INFO - [2023-10-23T18:25:18.476-0700] {manager.py:504} INFO - Created Permission View: can edit on DAG:example_trigger_target_dag
[2023-10-23T18:25:18.478-0700] {logging_mixin.py:137} INFO - [2023-10-23T18:25:18.478-0700] {manager.py:504} INFO - Created Permission View: can read on DAG:example_trigger_target_dag
[2023-10-23T18:25:18.481-0700] {logging_mixin.py:137} INFO - [2023-10-23T18:25:18.481-0700] {manager.py:504} INFO - Created Permission View: can delete on DAG:example_trigger_target_dag
[2023-10-23T18:25:18.481-0700] {logging_mixin.py:137} INFO - [2023-10-23T18:25:18.481-0700] {dag.py:2690} INFO - Sync 1 DAGs
[2023-10-23T18:25:18.485-0700] {logging_mixin.py:137} INFO - [2023-10-23T18:25:18.485-0700] {dag.py:2711} INFO - Creating ORM DAG for example_trigger_target_dag
[2023-10-23T18:25:18.488-0700] {logging_mixin.py:137} INFO - [2023-10-23T18:25:18.488-0700] {dag.py:3437} INFO - Setting next_dagrun for example_trigger_target_dag to None, run_after=None
[2023-10-23T18:25:18.500-0700] {processor.py:175} INFO - Processing /opt/homebrew/lib/python3.10/site-packages/airflow/example_dags/example_trigger_target_dag.py took 0.425 seconds
[2023-10-23T18:26:33.028-0700] {processor.py:153} INFO - Started process (PID=64138) to work on /opt/homebrew/lib/python3.10/site-packages/airflow/example_dags/example_trigger_target_dag.py
[2023-10-23T18:26:33.036-0700] {processor.py:743} INFO - Processing file /opt/homebrew/lib/python3.10/site-packages/airflow/example_dags/example_trigger_target_dag.py for tasks to queue
[2023-10-23T18:26:33.036-0700] {logging_mixin.py:137} INFO - [2023-10-23T18:26:33.036-0700] {dagbag.py:538} INFO - Filling up the DagBag from /opt/homebrew/lib/python3.10/site-packages/airflow/example_dags/example_trigger_target_dag.py
[2023-10-23T18:26:33.082-0700] {processor.py:753} INFO - DAG(s) dict_keys(['example_trigger_target_dag']) retrieved from /opt/homebrew/lib/python3.10/site-packages/airflow/example_dags/example_trigger_target_dag.py
[2023-10-23T18:26:33.380-0700] {logging_mixin.py:137} INFO - [2023-10-23T18:26:33.380-0700] {dag.py:2690} INFO - Sync 1 DAGs
[2023-10-23T18:26:33.386-0700] {logging_mixin.py:137} INFO - [2023-10-23T18:26:33.386-0700] {dag.py:3437} INFO - Setting next_dagrun for example_trigger_target_dag to None, run_after=None
[2023-10-23T18:26:33.393-0700] {processor.py:175} INFO - Processing /opt/homebrew/lib/python3.10/site-packages/airflow/example_dags/example_trigger_target_dag.py took 0.366 seconds
[2023-10-23T18:28:00.492-0700] {processor.py:153} INFO - Started process (PID=64307) to work on /opt/homebrew/lib/python3.10/site-packages/airflow/example_dags/example_trigger_target_dag.py
[2023-10-23T18:28:00.499-0700] {processor.py:743} INFO - Processing file /opt/homebrew/lib/python3.10/site-packages/airflow/example_dags/example_trigger_target_dag.py for tasks to queue
[2023-10-23T18:28:00.499-0700] {logging_mixin.py:137} INFO - [2023-10-23T18:28:00.499-0700] {dagbag.py:538} INFO - Filling up the DagBag from /opt/homebrew/lib/python3.10/site-packages/airflow/example_dags/example_trigger_target_dag.py
[2023-10-23T18:28:00.551-0700] {processor.py:753} INFO - DAG(s) dict_keys(['example_trigger_target_dag']) retrieved from /opt/homebrew/lib/python3.10/site-packages/airflow/example_dags/example_trigger_target_dag.py
[2023-10-23T18:28:00.839-0700] {logging_mixin.py:137} INFO - [2023-10-23T18:28:00.839-0700] {dag.py:2690} INFO - Sync 1 DAGs
[2023-10-23T18:28:00.845-0700] {logging_mixin.py:137} INFO - [2023-10-23T18:28:00.845-0700] {dag.py:3437} INFO - Setting next_dagrun for example_trigger_target_dag to None, run_after=None
[2023-10-23T18:28:00.853-0700] {processor.py:175} INFO - Processing /opt/homebrew/lib/python3.10/site-packages/airflow/example_dags/example_trigger_target_dag.py took 0.361 seconds
[2023-10-23T18:29:27.639-0700] {processor.py:153} INFO - Started process (PID=64472) to work on /opt/homebrew/lib/python3.10/site-packages/airflow/example_dags/example_trigger_target_dag.py
[2023-10-23T18:29:27.642-0700] {processor.py:743} INFO - Processing file /opt/homebrew/lib/python3.10/site-packages/airflow/example_dags/example_trigger_target_dag.py for tasks to queue
[2023-10-23T18:29:27.642-0700] {logging_mixin.py:137} INFO - [2023-10-23T18:29:27.642-0700] {dagbag.py:538} INFO - Filling up the DagBag from /opt/homebrew/lib/python3.10/site-packages/airflow/example_dags/example_trigger_target_dag.py
[2023-10-23T18:29:27.690-0700] {processor.py:753} INFO - DAG(s) dict_keys(['example_trigger_target_dag']) retrieved from /opt/homebrew/lib/python3.10/site-packages/airflow/example_dags/example_trigger_target_dag.py
[2023-10-23T18:29:27.982-0700] {logging_mixin.py:137} INFO - [2023-10-23T18:29:27.982-0700] {dag.py:2690} INFO - Sync 1 DAGs
[2023-10-23T18:29:27.988-0700] {logging_mixin.py:137} INFO - [2023-10-23T18:29:27.988-0700] {dag.py:3437} INFO - Setting next_dagrun for example_trigger_target_dag to None, run_after=None
[2023-10-23T18:29:27.995-0700] {processor.py:175} INFO - Processing /opt/homebrew/lib/python3.10/site-packages/airflow/example_dags/example_trigger_target_dag.py took 0.356 seconds
