[2023-10-23T18:25:37.496-0700] {processor.py:153} INFO - Started process (PID=63972) to work on /opt/homebrew/lib/python3.10/site-packages/airflow/example_dags/example_short_circuit_decorator.py
[2023-10-23T18:25:37.498-0700] {processor.py:743} INFO - Processing file /opt/homebrew/lib/python3.10/site-packages/airflow/example_dags/example_short_circuit_decorator.py for tasks to queue
[2023-10-23T18:25:37.498-0700] {logging_mixin.py:137} INFO - [2023-10-23T18:25:37.498-0700] {dagbag.py:538} INFO - Filling up the DagBag from /opt/homebrew/lib/python3.10/site-packages/airflow/example_dags/example_short_circuit_decorator.py
[2023-10-23T18:25:37.578-0700] {processor.py:753} INFO - DAG(s) dict_keys(['example_short_circuit_decorator']) retrieved from /opt/homebrew/lib/python3.10/site-packages/airflow/example_dags/example_short_circuit_decorator.py
[2023-10-23T18:25:37.909-0700] {logging_mixin.py:137} INFO - [2023-10-23T18:25:37.909-0700] {manager.py:504} INFO - Created Permission View: can edit on DAG:example_short_circuit_decorator
[2023-10-23T18:25:37.911-0700] {logging_mixin.py:137} INFO - [2023-10-23T18:25:37.911-0700] {manager.py:504} INFO - Created Permission View: can read on DAG:example_short_circuit_decorator
[2023-10-23T18:25:37.913-0700] {logging_mixin.py:137} INFO - [2023-10-23T18:25:37.913-0700] {manager.py:504} INFO - Created Permission View: can delete on DAG:example_short_circuit_decorator
[2023-10-23T18:25:37.914-0700] {logging_mixin.py:137} INFO - [2023-10-23T18:25:37.913-0700] {dag.py:2690} INFO - Sync 1 DAGs
[2023-10-23T18:25:37.918-0700] {logging_mixin.py:137} INFO - [2023-10-23T18:25:37.918-0700] {dag.py:2711} INFO - Creating ORM DAG for example_short_circuit_decorator
[2023-10-23T18:25:37.921-0700] {logging_mixin.py:137} INFO - [2023-10-23T18:25:37.921-0700] {dag.py:3437} INFO - Setting next_dagrun for example_short_circuit_decorator to 2023-10-23T01:25:37.921590+00:00, run_after=2023-10-24T01:25:37.921590+00:00
[2023-10-23T18:25:37.928-0700] {processor.py:175} INFO - Processing /opt/homebrew/lib/python3.10/site-packages/airflow/example_dags/example_short_circuit_decorator.py took 0.432 seconds
[2023-10-23T18:26:50.244-0700] {processor.py:153} INFO - Started process (PID=64186) to work on /opt/homebrew/lib/python3.10/site-packages/airflow/example_dags/example_short_circuit_decorator.py
[2023-10-23T18:26:50.251-0700] {processor.py:743} INFO - Processing file /opt/homebrew/lib/python3.10/site-packages/airflow/example_dags/example_short_circuit_decorator.py for tasks to queue
[2023-10-23T18:26:50.251-0700] {logging_mixin.py:137} INFO - [2023-10-23T18:26:50.251-0700] {dagbag.py:538} INFO - Filling up the DagBag from /opt/homebrew/lib/python3.10/site-packages/airflow/example_dags/example_short_circuit_decorator.py
[2023-10-23T18:26:50.295-0700] {processor.py:753} INFO - DAG(s) dict_keys(['example_short_circuit_decorator']) retrieved from /opt/homebrew/lib/python3.10/site-packages/airflow/example_dags/example_short_circuit_decorator.py
[2023-10-23T18:26:50.584-0700] {logging_mixin.py:137} INFO - [2023-10-23T18:26:50.584-0700] {dag.py:2690} INFO - Sync 1 DAGs
[2023-10-23T18:26:50.591-0700] {logging_mixin.py:137} INFO - [2023-10-23T18:26:50.591-0700] {dag.py:3437} INFO - Setting next_dagrun for example_short_circuit_decorator to 2023-10-23T01:26:50.591583+00:00, run_after=2023-10-24T01:26:50.591583+00:00
[2023-10-23T18:26:50.598-0700] {processor.py:175} INFO - Processing /opt/homebrew/lib/python3.10/site-packages/airflow/example_dags/example_short_circuit_decorator.py took 0.355 seconds
[2023-10-23T18:28:17.357-0700] {processor.py:153} INFO - Started process (PID=64335) to work on /opt/homebrew/lib/python3.10/site-packages/airflow/example_dags/example_short_circuit_decorator.py
[2023-10-23T18:28:17.363-0700] {processor.py:743} INFO - Processing file /opt/homebrew/lib/python3.10/site-packages/airflow/example_dags/example_short_circuit_decorator.py for tasks to queue
[2023-10-23T18:28:17.363-0700] {logging_mixin.py:137} INFO - [2023-10-23T18:28:17.363-0700] {dagbag.py:538} INFO - Filling up the DagBag from /opt/homebrew/lib/python3.10/site-packages/airflow/example_dags/example_short_circuit_decorator.py
[2023-10-23T18:28:17.408-0700] {processor.py:753} INFO - DAG(s) dict_keys(['example_short_circuit_decorator']) retrieved from /opt/homebrew/lib/python3.10/site-packages/airflow/example_dags/example_short_circuit_decorator.py
[2023-10-23T18:28:17.707-0700] {logging_mixin.py:137} INFO - [2023-10-23T18:28:17.707-0700] {dag.py:2690} INFO - Sync 1 DAGs
[2023-10-23T18:28:17.713-0700] {logging_mixin.py:137} INFO - [2023-10-23T18:28:17.713-0700] {dag.py:3437} INFO - Setting next_dagrun for example_short_circuit_decorator to 2023-10-23T01:28:17.713268+00:00, run_after=2023-10-24T01:28:17.713268+00:00
[2023-10-23T18:28:17.720-0700] {processor.py:175} INFO - Processing /opt/homebrew/lib/python3.10/site-packages/airflow/example_dags/example_short_circuit_decorator.py took 0.364 seconds
