[2023-10-23T18:26:10.951-0700] {processor.py:153} INFO - Started process (PID=64102) to work on /opt/homebrew/lib/python3.10/site-packages/airflow/example_dags/example_branch_operator.py
[2023-10-23T18:26:10.957-0700] {processor.py:743} INFO - Processing file /opt/homebrew/lib/python3.10/site-packages/airflow/example_dags/example_branch_operator.py for tasks to queue
[2023-10-23T18:26:10.957-0700] {logging_mixin.py:137} INFO - [2023-10-23T18:26:10.957-0700] {dagbag.py:538} INFO - Filling up the DagBag from /opt/homebrew/lib/python3.10/site-packages/airflow/example_dags/example_branch_operator.py
[2023-10-23T18:26:10.994-0700] {processor.py:753} INFO - DAG(s) dict_keys(['example_branch_operator']) retrieved from /opt/homebrew/lib/python3.10/site-packages/airflow/example_dags/example_branch_operator.py
[2023-10-23T18:26:11.350-0700] {logging_mixin.py:137} INFO - [2023-10-23T18:26:11.350-0700] {manager.py:504} INFO - Created Permission View: can edit on DAG:example_branch_operator
[2023-10-23T18:26:11.353-0700] {logging_mixin.py:137} INFO - [2023-10-23T18:26:11.353-0700] {manager.py:504} INFO - Created Permission View: can read on DAG:example_branch_operator
[2023-10-23T18:26:11.355-0700] {logging_mixin.py:137} INFO - [2023-10-23T18:26:11.355-0700] {manager.py:504} INFO - Created Permission View: can delete on DAG:example_branch_operator
[2023-10-23T18:26:11.356-0700] {logging_mixin.py:137} INFO - [2023-10-23T18:26:11.356-0700] {dag.py:2690} INFO - Sync 1 DAGs
[2023-10-23T18:26:11.360-0700] {logging_mixin.py:137} INFO - [2023-10-23T18:26:11.360-0700] {dag.py:2711} INFO - Creating ORM DAG for example_branch_operator
[2023-10-23T18:26:11.364-0700] {logging_mixin.py:137} INFO - [2023-10-23T18:26:11.364-0700] {dag.py:3437} INFO - Setting next_dagrun for example_branch_operator to 2023-10-23T00:00:00+00:00, run_after=2023-10-24T00:00:00+00:00
[2023-10-23T18:26:11.370-0700] {processor.py:175} INFO - Processing /opt/homebrew/lib/python3.10/site-packages/airflow/example_dags/example_branch_operator.py took 0.420 seconds
[2023-10-23T18:27:33.479-0700] {processor.py:153} INFO - Started process (PID=64261) to work on /opt/homebrew/lib/python3.10/site-packages/airflow/example_dags/example_branch_operator.py
[2023-10-23T18:27:33.482-0700] {processor.py:743} INFO - Processing file /opt/homebrew/lib/python3.10/site-packages/airflow/example_dags/example_branch_operator.py for tasks to queue
[2023-10-23T18:27:33.482-0700] {logging_mixin.py:137} INFO - [2023-10-23T18:27:33.482-0700] {dagbag.py:538} INFO - Filling up the DagBag from /opt/homebrew/lib/python3.10/site-packages/airflow/example_dags/example_branch_operator.py
[2023-10-23T18:27:33.545-0700] {processor.py:753} INFO - DAG(s) dict_keys(['example_branch_operator']) retrieved from /opt/homebrew/lib/python3.10/site-packages/airflow/example_dags/example_branch_operator.py
[2023-10-23T18:27:33.813-0700] {logging_mixin.py:137} INFO - [2023-10-23T18:27:33.813-0700] {dag.py:2690} INFO - Sync 1 DAGs
[2023-10-23T18:27:33.823-0700] {logging_mixin.py:137} INFO - [2023-10-23T18:27:33.823-0700] {dag.py:3437} INFO - Setting next_dagrun for example_branch_operator to 2023-10-23T00:00:00+00:00, run_after=2023-10-24T00:00:00+00:00
[2023-10-23T18:27:33.835-0700] {processor.py:175} INFO - Processing /opt/homebrew/lib/python3.10/site-packages/airflow/example_dags/example_branch_operator.py took 0.356 seconds
[2023-10-23T18:29:02.865-0700] {processor.py:153} INFO - Started process (PID=64414) to work on /opt/homebrew/lib/python3.10/site-packages/airflow/example_dags/example_branch_operator.py
[2023-10-23T18:29:02.871-0700] {processor.py:743} INFO - Processing file /opt/homebrew/lib/python3.10/site-packages/airflow/example_dags/example_branch_operator.py for tasks to queue
[2023-10-23T18:29:02.871-0700] {logging_mixin.py:137} INFO - [2023-10-23T18:29:02.871-0700] {dagbag.py:538} INFO - Filling up the DagBag from /opt/homebrew/lib/python3.10/site-packages/airflow/example_dags/example_branch_operator.py
[2023-10-23T18:29:02.902-0700] {processor.py:753} INFO - DAG(s) dict_keys(['example_branch_operator']) retrieved from /opt/homebrew/lib/python3.10/site-packages/airflow/example_dags/example_branch_operator.py
[2023-10-23T18:29:03.207-0700] {logging_mixin.py:137} INFO - [2023-10-23T18:29:03.207-0700] {dag.py:2690} INFO - Sync 1 DAGs
[2023-10-23T18:29:03.214-0700] {logging_mixin.py:137} INFO - [2023-10-23T18:29:03.214-0700] {dag.py:3437} INFO - Setting next_dagrun for example_branch_operator to 2023-10-23T00:00:00+00:00, run_after=2023-10-24T00:00:00+00:00
[2023-10-23T18:29:03.220-0700] {processor.py:175} INFO - Processing /opt/homebrew/lib/python3.10/site-packages/airflow/example_dags/example_branch_operator.py took 0.356 seconds
