[2023-10-23T18:25:05.904-0700] {processor.py:153} INFO - Started process (PID=63897) to work on /opt/homebrew/lib/python3.10/site-packages/airflow/example_dags/tutorial_taskflow_api_virtualenv.py
[2023-10-23T18:25:05.910-0700] {processor.py:743} INFO - Processing file /opt/homebrew/lib/python3.10/site-packages/airflow/example_dags/tutorial_taskflow_api_virtualenv.py for tasks to queue
[2023-10-23T18:25:05.910-0700] {logging_mixin.py:137} INFO - [2023-10-23T18:25:05.910-0700] {dagbag.py:538} INFO - Filling up the DagBag from /opt/homebrew/lib/python3.10/site-packages/airflow/example_dags/tutorial_taskflow_api_virtualenv.py
[2023-10-23T18:25:05.966-0700] {logging_mixin.py:137} INFO - [2023-10-23T18:25:05.966-0700] {tutorial_taskflow_api_virtualenv.py:29} WARNING - The tutorial_taskflow_api_virtualenv example DAG requires virtualenv, please install it.
[2023-10-23T18:25:05.967-0700] {processor.py:755} WARNING - No viable dags retrieved from /opt/homebrew/lib/python3.10/site-packages/airflow/example_dags/tutorial_taskflow_api_virtualenv.py
[2023-10-23T18:25:06.276-0700] {processor.py:175} INFO - Processing /opt/homebrew/lib/python3.10/site-packages/airflow/example_dags/tutorial_taskflow_api_virtualenv.py took 0.373 seconds
[2023-10-23T18:26:22.063-0700] {processor.py:153} INFO - Started process (PID=64121) to work on /opt/homebrew/lib/python3.10/site-packages/airflow/example_dags/tutorial_taskflow_api_virtualenv.py
[2023-10-23T18:26:22.068-0700] {processor.py:743} INFO - Processing file /opt/homebrew/lib/python3.10/site-packages/airflow/example_dags/tutorial_taskflow_api_virtualenv.py for tasks to queue
[2023-10-23T18:26:22.068-0700] {logging_mixin.py:137} INFO - [2023-10-23T18:26:22.068-0700] {dagbag.py:538} INFO - Filling up the DagBag from /opt/homebrew/lib/python3.10/site-packages/airflow/example_dags/tutorial_taskflow_api_virtualenv.py
[2023-10-23T18:26:22.106-0700] {logging_mixin.py:137} INFO - [2023-10-23T18:26:22.106-0700] {tutorial_taskflow_api_virtualenv.py:29} WARNING - The tutorial_taskflow_api_virtualenv example DAG requires virtualenv, please install it.
[2023-10-23T18:26:22.106-0700] {processor.py:755} WARNING - No viable dags retrieved from /opt/homebrew/lib/python3.10/site-packages/airflow/example_dags/tutorial_taskflow_api_virtualenv.py
[2023-10-23T18:26:22.390-0700] {processor.py:175} INFO - Processing /opt/homebrew/lib/python3.10/site-packages/airflow/example_dags/tutorial_taskflow_api_virtualenv.py took 0.328 seconds
[2023-10-23T18:27:05.200-0700] {processor.py:153} INFO - Started process (PID=64211) to work on /opt/homebrew/lib/python3.10/site-packages/airflow/example_dags/tutorial_taskflow_api_virtualenv.py
[2023-10-23T18:27:05.202-0700] {processor.py:743} INFO - Processing file /opt/homebrew/lib/python3.10/site-packages/airflow/example_dags/tutorial_taskflow_api_virtualenv.py for tasks to queue
[2023-10-23T18:27:05.203-0700] {logging_mixin.py:137} INFO - [2023-10-23T18:27:05.203-0700] {dagbag.py:538} INFO - Filling up the DagBag from /opt/homebrew/lib/python3.10/site-packages/airflow/example_dags/tutorial_taskflow_api_virtualenv.py
[2023-10-23T18:27:05.239-0700] {logging_mixin.py:137} INFO - [2023-10-23T18:27:05.239-0700] {tutorial_taskflow_api_virtualenv.py:29} WARNING - The tutorial_taskflow_api_virtualenv example DAG requires virtualenv, please install it.
[2023-10-23T18:27:05.239-0700] {processor.py:755} WARNING - No viable dags retrieved from /opt/homebrew/lib/python3.10/site-packages/airflow/example_dags/tutorial_taskflow_api_virtualenv.py
[2023-10-23T18:27:05.527-0700] {processor.py:175} INFO - Processing /opt/homebrew/lib/python3.10/site-packages/airflow/example_dags/tutorial_taskflow_api_virtualenv.py took 0.328 seconds
[2023-10-23T18:27:47.555-0700] {processor.py:153} INFO - Started process (PID=64286) to work on /opt/homebrew/lib/python3.10/site-packages/airflow/example_dags/tutorial_taskflow_api_virtualenv.py
[2023-10-23T18:27:47.561-0700] {processor.py:743} INFO - Processing file /opt/homebrew/lib/python3.10/site-packages/airflow/example_dags/tutorial_taskflow_api_virtualenv.py for tasks to queue
[2023-10-23T18:27:47.562-0700] {logging_mixin.py:137} INFO - [2023-10-23T18:27:47.562-0700] {dagbag.py:538} INFO - Filling up the DagBag from /opt/homebrew/lib/python3.10/site-packages/airflow/example_dags/tutorial_taskflow_api_virtualenv.py
[2023-10-23T18:27:47.609-0700] {logging_mixin.py:137} INFO - [2023-10-23T18:27:47.609-0700] {tutorial_taskflow_api_virtualenv.py:29} WARNING - The tutorial_taskflow_api_virtualenv example DAG requires virtualenv, please install it.
[2023-10-23T18:27:47.609-0700] {processor.py:755} WARNING - No viable dags retrieved from /opt/homebrew/lib/python3.10/site-packages/airflow/example_dags/tutorial_taskflow_api_virtualenv.py
[2023-10-23T18:27:47.915-0700] {processor.py:175} INFO - Processing /opt/homebrew/lib/python3.10/site-packages/airflow/example_dags/tutorial_taskflow_api_virtualenv.py took 0.362 seconds
[2023-10-23T18:28:33.208-0700] {processor.py:153} INFO - Started process (PID=64363) to work on /opt/homebrew/lib/python3.10/site-packages/airflow/example_dags/tutorial_taskflow_api_virtualenv.py
[2023-10-23T18:28:33.213-0700] {processor.py:743} INFO - Processing file /opt/homebrew/lib/python3.10/site-packages/airflow/example_dags/tutorial_taskflow_api_virtualenv.py for tasks to queue
[2023-10-23T18:28:33.214-0700] {logging_mixin.py:137} INFO - [2023-10-23T18:28:33.213-0700] {dagbag.py:538} INFO - Filling up the DagBag from /opt/homebrew/lib/python3.10/site-packages/airflow/example_dags/tutorial_taskflow_api_virtualenv.py
[2023-10-23T18:28:33.259-0700] {logging_mixin.py:137} INFO - [2023-10-23T18:28:33.259-0700] {tutorial_taskflow_api_virtualenv.py:29} WARNING - The tutorial_taskflow_api_virtualenv example DAG requires virtualenv, please install it.
[2023-10-23T18:28:33.259-0700] {processor.py:755} WARNING - No viable dags retrieved from /opt/homebrew/lib/python3.10/site-packages/airflow/example_dags/tutorial_taskflow_api_virtualenv.py
[2023-10-23T18:28:33.540-0700] {processor.py:175} INFO - Processing /opt/homebrew/lib/python3.10/site-packages/airflow/example_dags/tutorial_taskflow_api_virtualenv.py took 0.333 seconds
[2023-10-23T18:29:15.512-0700] {processor.py:153} INFO - Started process (PID=64441) to work on /opt/homebrew/lib/python3.10/site-packages/airflow/example_dags/tutorial_taskflow_api_virtualenv.py
[2023-10-23T18:29:15.518-0700] {processor.py:743} INFO - Processing file /opt/homebrew/lib/python3.10/site-packages/airflow/example_dags/tutorial_taskflow_api_virtualenv.py for tasks to queue
[2023-10-23T18:29:15.518-0700] {logging_mixin.py:137} INFO - [2023-10-23T18:29:15.518-0700] {dagbag.py:538} INFO - Filling up the DagBag from /opt/homebrew/lib/python3.10/site-packages/airflow/example_dags/tutorial_taskflow_api_virtualenv.py
[2023-10-23T18:29:15.556-0700] {logging_mixin.py:137} INFO - [2023-10-23T18:29:15.556-0700] {tutorial_taskflow_api_virtualenv.py:29} WARNING - The tutorial_taskflow_api_virtualenv example DAG requires virtualenv, please install it.
[2023-10-23T18:29:15.557-0700] {processor.py:755} WARNING - No viable dags retrieved from /opt/homebrew/lib/python3.10/site-packages/airflow/example_dags/tutorial_taskflow_api_virtualenv.py
[2023-10-23T18:29:15.892-0700] {processor.py:175} INFO - Processing /opt/homebrew/lib/python3.10/site-packages/airflow/example_dags/tutorial_taskflow_api_virtualenv.py took 0.379 seconds
