[2023-10-24T20:17:57.984-0700] {taskinstance.py:1083} INFO - Dependencies all met for <TaskInstance: etl_dag.extract_task manual__2023-10-25T03:17:55.811978+00:00 [queued]>
[2023-10-24T20:17:57.988-0700] {taskinstance.py:1083} INFO - Dependencies all met for <TaskInstance: etl_dag.extract_task manual__2023-10-25T03:17:55.811978+00:00 [queued]>
[2023-10-24T20:17:57.988-0700] {taskinstance.py:1279} INFO - 
--------------------------------------------------------------------------------
[2023-10-24T20:17:57.988-0700] {taskinstance.py:1280} INFO - Starting attempt 1 of 1
[2023-10-24T20:17:57.988-0700] {taskinstance.py:1281} INFO - 
--------------------------------------------------------------------------------
[2023-10-24T20:17:57.992-0700] {taskinstance.py:1300} INFO - Executing <Task(BashOperator): extract_task> on 2023-10-25 03:17:55.811978+00:00
[2023-10-24T20:17:57.994-0700] {standard_task_runner.py:55} INFO - Started process 22245 to run task
[2023-10-24T20:17:57.997-0700] {standard_task_runner.py:82} INFO - Running: ['airflow', 'tasks', 'run', 'etl_dag', 'extract_task', 'manual__2023-10-25T03:17:55.811978+00:00', '--job-id', '28', '--raw', '--subdir', 'DAGS_FOLDER/basic_etl_dag.py', '--cfg-path', '/var/folders/jh/g6c8fm7j3x148qd22mrgmrsw0000gn/T/tmpphs03nr3']
[2023-10-24T20:17:57.998-0700] {standard_task_runner.py:83} INFO - Job 28: Subtask extract_task
[2023-10-24T20:17:58.019-0700] {task_command.py:388} INFO - Running <TaskInstance: etl_dag.extract_task manual__2023-10-25T03:17:55.811978+00:00 [running]> on host anishs-air.lan
[2023-10-24T20:17:58.035-0700] {taskinstance.py:1507} INFO - Exporting the following env vars:
AIRFLOW_CTX_DAG_OWNER=airflow
AIRFLOW_CTX_DAG_ID=etl_dag
AIRFLOW_CTX_TASK_ID=extract_task
AIRFLOW_CTX_EXECUTION_DATE=2023-10-25T03:17:55.811978+00:00
AIRFLOW_CTX_TRY_NUMBER=1
AIRFLOW_CTX_DAG_RUN_ID=manual__2023-10-25T03:17:55.811978+00:00
[2023-10-24T20:17:58.036-0700] {subprocess.py:63} INFO - Tmp dir root location: 
 /var/folders/jh/g6c8fm7j3x148qd22mrgmrsw0000gn/T
[2023-10-24T20:17:58.036-0700] {subprocess.py:75} INFO - Running command: ['/bin/bash', '-c', 'wget -c https://datahub.io/core/top-level-domain-names/r/top-level-domain-names.csv.csv -O /Users/anishmore/airflow/temp/manual/top-level-domain-names.csv']
[2023-10-24T20:17:58.039-0700] {subprocess.py:86} INFO - Output:
[2023-10-24T20:17:58.240-0700] {subprocess.py:93} INFO - --2023-10-24 20:17:58--  https://datahub.io/core/top-level-domain-names/r/top-level-domain-names.csv.csv
[2023-10-24T20:17:58.490-0700] {subprocess.py:93} INFO - Resolving datahub.io (datahub.io)... 172.67.157.38, 104.21.40.221, 2606:4700:3030::ac43:9d26, ...
[2023-10-24T20:17:58.511-0700] {subprocess.py:93} INFO - Connecting to datahub.io (datahub.io)|172.67.157.38|:443... connected.
[2023-10-24T20:18:00.558-0700] {subprocess.py:93} INFO - HTTP request sent, awaiting response... 302 Found
[2023-10-24T20:18:00.560-0700] {subprocess.py:93} INFO - Location: https://pkgstore.datahub.io/core/top-level-domain-names/top-level-domain-names.csv_csv/data/667f4464088f3ca10522e0e2e39c8ae4/top-level-domain-names.csv_csv.csv [following]
[2023-10-24T20:18:00.561-0700] {subprocess.py:93} INFO - --2023-10-24 20:18:00--  https://pkgstore.datahub.io/core/top-level-domain-names/top-level-domain-names.csv_csv/data/667f4464088f3ca10522e0e2e39c8ae4/top-level-domain-names.csv_csv.csv
[2023-10-24T20:18:00.837-0700] {subprocess.py:93} INFO - Resolving pkgstore.datahub.io (pkgstore.datahub.io)... 172.67.157.38, 104.21.40.221, 2606:4700:3030::ac43:9d26, ...
[2023-10-24T20:18:00.920-0700] {subprocess.py:93} INFO - Connecting to pkgstore.datahub.io (pkgstore.datahub.io)|172.67.157.38|:443... connected.
[2023-10-24T20:18:01.424-0700] {subprocess.py:93} INFO - HTTP request sent, awaiting response... 200 OK
[2023-10-24T20:18:01.426-0700] {subprocess.py:93} INFO - Length: unspecified [text/plain]
[2023-10-24T20:18:01.427-0700] {subprocess.py:93} INFO - Saving to: ‘/Users/anishmore/airflow/temp/manual/top-level-domain-names.csv’
[2023-10-24T20:18:01.428-0700] {subprocess.py:93} INFO - 
[2023-10-24T20:18:01.429-0700] {subprocess.py:93} INFO -      0K .......... .......... .......... .......... ..         23.4M=0.002s
[2023-10-24T20:18:01.430-0700] {subprocess.py:93} INFO - 
[2023-10-24T20:18:01.431-0700] {subprocess.py:93} INFO - 2023-10-24 20:18:01 (23.4 MB/s) - ‘/Users/anishmore/airflow/temp/manual/top-level-domain-names.csv’ saved [43709]
[2023-10-24T20:18:01.432-0700] {subprocess.py:93} INFO - 
[2023-10-24T20:18:01.434-0700] {subprocess.py:97} INFO - Command exited with return code 0
[2023-10-24T20:18:01.462-0700] {taskinstance.py:1318} INFO - Marking task as SUCCESS. dag_id=etl_dag, task_id=extract_task, execution_date=20231025T031755, start_date=20231025T031757, end_date=20231025T031801
[2023-10-24T20:18:01.501-0700] {local_task_job.py:208} INFO - Task exited with return code 0
[2023-10-24T20:18:01.523-0700] {taskinstance.py:2578} INFO - 1 downstream tasks scheduled from follow-on schedule check
