[2023-10-24T14:05:51.892-0700] {taskinstance.py:1083} INFO - Dependencies all met for <TaskInstance: extract_dag.extract_task manual__2023-10-24T21:05:49.835700+00:00 [queued]>
[2023-10-24T14:05:51.896-0700] {taskinstance.py:1083} INFO - Dependencies all met for <TaskInstance: extract_dag.extract_task manual__2023-10-24T21:05:49.835700+00:00 [queued]>
[2023-10-24T14:05:51.896-0700] {taskinstance.py:1279} INFO - 
--------------------------------------------------------------------------------
[2023-10-24T14:05:51.896-0700] {taskinstance.py:1280} INFO - Starting attempt 1 of 1
[2023-10-24T14:05:51.896-0700] {taskinstance.py:1281} INFO - 
--------------------------------------------------------------------------------
[2023-10-24T14:05:51.900-0700] {taskinstance.py:1300} INFO - Executing <Task(BashOperator): extract_task> on 2023-10-24 21:05:49.835700+00:00
[2023-10-24T14:05:51.902-0700] {standard_task_runner.py:55} INFO - Started process 5182 to run task
[2023-10-24T14:05:51.904-0700] {standard_task_runner.py:82} INFO - Running: ['airflow', 'tasks', 'run', 'extract_dag', 'extract_task', 'manual__2023-10-24T21:05:49.835700+00:00', '--job-id', '21', '--raw', '--subdir', 'DAGS_FOLDER/automate_extraction_dag.py', '--cfg-path', '/var/folders/jh/g6c8fm7j3x148qd22mrgmrsw0000gn/T/tmp2q5p88ht']
[2023-10-24T14:05:51.906-0700] {standard_task_runner.py:83} INFO - Job 21: Subtask extract_task
[2023-10-24T14:05:51.933-0700] {task_command.py:388} INFO - Running <TaskInstance: extract_dag.extract_task manual__2023-10-24T21:05:49.835700+00:00 [running]> on host anishs-macbook-air.local
[2023-10-24T14:05:51.949-0700] {taskinstance.py:1507} INFO - Exporting the following env vars:
AIRFLOW_CTX_DAG_OWNER=airflow
AIRFLOW_CTX_DAG_ID=extract_dag
AIRFLOW_CTX_TASK_ID=extract_task
AIRFLOW_CTX_EXECUTION_DATE=2023-10-24T21:05:49.835700+00:00
AIRFLOW_CTX_TRY_NUMBER=1
AIRFLOW_CTX_DAG_RUN_ID=manual__2023-10-24T21:05:49.835700+00:00
[2023-10-24T14:05:51.950-0700] {subprocess.py:63} INFO - Tmp dir root location: 
 /var/folders/jh/g6c8fm7j3x148qd22mrgmrsw0000gn/T
[2023-10-24T14:05:51.950-0700] {subprocess.py:75} INFO - Running command: ['/bin/bash', '-c', 'wget -c https://datahub.io/core/top-level-domain-names/r/top-level-domain-names.csv.csv -O /Users/anishmore/airflow/temp/manual/top-level-domain-names.csv']
[2023-10-24T14:05:51.953-0700] {subprocess.py:86} INFO - Output:
[2023-10-24T14:05:51.963-0700] {subprocess.py:93} INFO - --2023-10-24 14:05:51--  https://datahub.io/core/top-level-domain-names/r/top-level-domain-names.csv.csv
[2023-10-24T14:05:51.989-0700] {subprocess.py:93} INFO - Resolving datahub.io (datahub.io)... 104.21.40.221, 172.67.157.38
[2023-10-24T14:05:51.994-0700] {subprocess.py:93} INFO - Connecting to datahub.io (datahub.io)|104.21.40.221|:443... connected.
[2023-10-24T14:05:53.510-0700] {subprocess.py:93} INFO - HTTP request sent, awaiting response... 302 Found
[2023-10-24T14:05:53.512-0700] {subprocess.py:93} INFO - Location: https://pkgstore.datahub.io/core/top-level-domain-names/top-level-domain-names.csv_csv/data/667f4464088f3ca10522e0e2e39c8ae4/top-level-domain-names.csv_csv.csv [following]
[2023-10-24T14:05:53.514-0700] {subprocess.py:93} INFO - --2023-10-24 14:05:53--  https://pkgstore.datahub.io/core/top-level-domain-names/top-level-domain-names.csv_csv/data/667f4464088f3ca10522e0e2e39c8ae4/top-level-domain-names.csv_csv.csv
[2023-10-24T14:05:53.517-0700] {subprocess.py:93} INFO - Resolving pkgstore.datahub.io (pkgstore.datahub.io)... 172.67.157.38, 104.21.40.221
[2023-10-24T14:05:53.522-0700] {subprocess.py:93} INFO - Connecting to pkgstore.datahub.io (pkgstore.datahub.io)|172.67.157.38|:443... connected.
[2023-10-24T14:05:54.123-0700] {subprocess.py:93} INFO - HTTP request sent, awaiting response... 200 OK
[2023-10-24T14:05:54.125-0700] {subprocess.py:93} INFO - Length: unspecified [text/plain]
[2023-10-24T14:05:54.126-0700] {subprocess.py:93} INFO - Saving to: ‘/Users/anishmore/airflow/temp/manual/top-level-domain-names.csv’
[2023-10-24T14:05:54.127-0700] {subprocess.py:93} INFO - 
[2023-10-24T14:05:54.128-0700] {subprocess.py:93} INFO -      0K .......... .......... .......... .......... ..         30.8M=0.001s
[2023-10-24T14:05:54.129-0700] {subprocess.py:93} INFO - 
[2023-10-24T14:05:54.130-0700] {subprocess.py:93} INFO - 2023-10-24 14:05:54 (30.8 MB/s) - ‘/Users/anishmore/airflow/temp/manual/top-level-domain-names.csv’ saved [43709]
[2023-10-24T14:05:54.131-0700] {subprocess.py:93} INFO - 
[2023-10-24T14:05:54.132-0700] {subprocess.py:97} INFO - Command exited with return code 0
[2023-10-24T14:05:54.156-0700] {taskinstance.py:1318} INFO - Marking task as SUCCESS. dag_id=extract_dag, task_id=extract_task, execution_date=20231024T210549, start_date=20231024T210551, end_date=20231024T210554
[2023-10-24T14:05:54.204-0700] {local_task_job.py:208} INFO - Task exited with return code 0
[2023-10-24T14:05:54.217-0700] {taskinstance.py:2578} INFO - 0 downstream tasks scheduled from follow-on schedule check
