[2023-11-02T11:54:07.683-0700] {taskinstance.py:1083} INFO - Dependencies all met for <TaskInstance: snowflake_automation_dag.create_table manual__2023-11-02T18:53:21.791305+00:00 [queued]>
[2023-11-02T11:54:07.691-0700] {taskinstance.py:1083} INFO - Dependencies all met for <TaskInstance: snowflake_automation_dag.create_table manual__2023-11-02T18:53:21.791305+00:00 [queued]>
[2023-11-02T11:54:07.691-0700] {taskinstance.py:1279} INFO - 
--------------------------------------------------------------------------------
[2023-11-02T11:54:07.691-0700] {taskinstance.py:1280} INFO - Starting attempt 1 of 1
[2023-11-02T11:54:07.691-0700] {taskinstance.py:1281} INFO - 
--------------------------------------------------------------------------------
[2023-11-02T11:54:07.701-0700] {taskinstance.py:1300} INFO - Executing <Task(SnowflakeOperator): create_table> on 2023-11-02 18:53:21.791305+00:00
[2023-11-02T11:54:07.706-0700] {standard_task_runner.py:55} INFO - Started process 30661 to run task
[2023-11-02T11:54:07.714-0700] {standard_task_runner.py:82} INFO - Running: ['airflow', 'tasks', 'run', 'snowflake_automation_dag', 'create_table', 'manual__2023-11-02T18:53:21.791305+00:00', '--job-id', '94', '--raw', '--subdir', 'DAGS_FOLDER/snowflake_airflow_dag.py', '--cfg-path', '/var/folders/jh/g6c8fm7j3x148qd22mrgmrsw0000gn/T/tmprjjivvgb']
[2023-11-02T11:54:07.723-0700] {standard_task_runner.py:83} INFO - Job 94: Subtask create_table
[2023-11-02T11:54:07.795-0700] {task_command.py:388} INFO - Running <TaskInstance: snowflake_automation_dag.create_table manual__2023-11-02T18:53:21.791305+00:00 [running]> on host anishs-air.lan
[2023-11-02T11:54:07.854-0700] {taskinstance.py:1507} INFO - Exporting the following env vars:
AIRFLOW_CTX_DAG_OWNER=Airflow
AIRFLOW_CTX_DAG_ID=snowflake_automation_dag
AIRFLOW_CTX_TASK_ID=create_table
AIRFLOW_CTX_EXECUTION_DATE=2023-11-02T18:53:21.791305+00:00
AIRFLOW_CTX_TRY_NUMBER=1
AIRFLOW_CTX_DAG_RUN_ID=manual__2023-11-02T18:53:21.791305+00:00
[2023-11-02T11:54:07.856-0700] {sql.py:254} INFO - Executing: 
            create  table if not exists source_table( emp_no int,emp_name text,salary int, hra int ,Dept text);
        
[2023-11-02T11:54:07.861-0700] {base.py:73} INFO - Using connection ID 'snowflake_conn' for task execution.
[2023-11-02T11:54:07.980-0700] {base.py:73} INFO - Using connection ID 'snowflake_conn' for task execution.
[2023-11-02T11:54:07.981-0700] {connection.py:334} INFO - Snowflake Connector for Python Version: 3.3.1, Python Version: 3.10.12, Platform: macOS-13.5.1-arm64-arm-64bit
[2023-11-02T11:54:07.982-0700] {connection.py:1103} INFO - This connection is in OCSP Fail Open Mode. TLS Certificates would be checked for validity and revocation status. Any other Certificate Revocation related exceptions or OCSP Responder failures would be disregarded in favor of connectivity.
[2023-11-02T11:54:07.982-0700] {connection.py:1113} INFO - THIS CONNECTION IS IN INSECURE MODE. IT MEANS THE CERTIFICATE WILL BE VALIDATED BUT THE CERTIFICATE REVOCATION STATUS WILL NOT BE CHECKED.
[2023-11-02T11:54:07.983-0700] {connection.py:1121} INFO - Setting use_openssl_only mode to False
[2023-11-02T11:57:14.021-0700] {local_task_job.py:272} WARNING - State of this instance has been externally set to failed. Terminating instance.
[2023-11-02T11:57:14.030-0700] {process_utils.py:129} INFO - Sending Signals.SIGTERM to group 30661. PIDs of all processes in the group: [30661]
[2023-11-02T11:57:14.032-0700] {process_utils.py:84} INFO - Sending the signal Signals.SIGTERM to group 30661
[2023-11-02T11:58:14.057-0700] {process_utils.py:147} WARNING - process psutil.Process(pid=30661, name='Python', status='running', started='11:54:07') did not respond to SIGTERM. Trying SIGKILL
[2023-11-02T11:58:14.060-0700] {process_utils.py:84} INFO - Sending the signal Signals.SIGKILL to group 30661
[2023-11-02T11:58:14.076-0700] {process_utils.py:79} INFO - Process psutil.Process(pid=30661, name='Python', status='terminated', exitcode=<Negsignal.SIGKILL: -9>, started='11:54:07') (30661) terminated with exit code Negsignal.SIGKILL
[2023-11-02T11:58:14.077-0700] {standard_task_runner.py:168} ERROR - Job 94 was killed before it finished (likely due to running out of memory)
