[2023-11-05T17:25:40.187-0800] {taskinstance.py:1083} INFO - Dependencies all met for <TaskInstance: source_extract_snowpark_dag.clone_repo_task manual__2023-11-06T01:25:37.629069+00:00 [queued]>
[2023-11-05T17:25:40.191-0800] {taskinstance.py:1083} INFO - Dependencies all met for <TaskInstance: source_extract_snowpark_dag.clone_repo_task manual__2023-11-06T01:25:37.629069+00:00 [queued]>
[2023-11-05T17:25:40.191-0800] {taskinstance.py:1279} INFO - 
--------------------------------------------------------------------------------
[2023-11-05T17:25:40.191-0800] {taskinstance.py:1280} INFO - Starting attempt 1 of 1
[2023-11-05T17:25:40.191-0800] {taskinstance.py:1281} INFO - 
--------------------------------------------------------------------------------
[2023-11-05T17:25:40.196-0800] {taskinstance.py:1300} INFO - Executing <Task(BashOperator): clone_repo_task> on 2023-11-06 01:25:37.629069+00:00
[2023-11-05T17:25:40.199-0800] {standard_task_runner.py:55} INFO - Started process 94932 to run task
[2023-11-05T17:25:40.201-0800] {standard_task_runner.py:82} INFO - Running: ['airflow', 'tasks', 'run', 'source_extract_snowpark_dag', 'clone_repo_task', 'manual__2023-11-06T01:25:37.629069+00:00', '--job-id', '118', '--raw', '--subdir', 'DAGS_FOLDER/source_extract_snowpark_dag.py', '--cfg-path', '/var/folders/jh/g6c8fm7j3x148qd22mrgmrsw0000gn/T/tmp_htp296c']
[2023-11-05T17:25:40.203-0800] {standard_task_runner.py:83} INFO - Job 118: Subtask clone_repo_task
[2023-11-05T17:25:40.225-0800] {task_command.py:388} INFO - Running <TaskInstance: source_extract_snowpark_dag.clone_repo_task manual__2023-11-06T01:25:37.629069+00:00 [running]> on host anishs-air.lan
[2023-11-05T17:25:40.243-0800] {taskinstance.py:1507} INFO - Exporting the following env vars:
AIRFLOW_CTX_DAG_OWNER=airflow
AIRFLOW_CTX_DAG_ID=source_extract_snowpark_dag
AIRFLOW_CTX_TASK_ID=clone_repo_task
AIRFLOW_CTX_EXECUTION_DATE=2023-11-06T01:25:37.629069+00:00
AIRFLOW_CTX_TRY_NUMBER=1
AIRFLOW_CTX_DAG_RUN_ID=manual__2023-11-06T01:25:37.629069+00:00
[2023-11-05T17:25:40.245-0800] {subprocess.py:63} INFO - Tmp dir root location: 
 /var/folders/jh/g6c8fm7j3x148qd22mrgmrsw0000gn/T
[2023-11-05T17:25:40.245-0800] {subprocess.py:75} INFO - Running command: ['/bin/bash', '-c', 'git clone https://gitlab.com/toppertips/snowflake-work.git /Users/anishmore/airflow/data/']
[2023-11-05T17:25:40.248-0800] {subprocess.py:86} INFO - Output:
[2023-11-05T17:25:40.274-0800] {subprocess.py:93} INFO - Cloning into '/Users/anishmore/airflow/data'...
[2023-11-05T17:25:55.975-0800] {subprocess.py:97} INFO - Command exited with return code 0
[2023-11-05T17:25:55.984-0800] {taskinstance.py:1318} INFO - Marking task as SUCCESS. dag_id=source_extract_snowpark_dag, task_id=clone_repo_task, execution_date=20231106T012537, start_date=20231106T012540, end_date=20231106T012555
[2023-11-05T17:25:55.991-0800] {local_task_job.py:208} INFO - Task exited with return code 0
[2023-11-05T17:25:56.000-0800] {taskinstance.py:2578} INFO - 1 downstream tasks scheduled from follow-on schedule check
