[2023-10-24T20:39:14.516-0700] {taskinstance.py:1083} INFO - Dependencies all met for <TaskInstance: challenge_dag.load_task manual__2023-10-25T03:39:05.963868+00:00 [queued]>
[2023-10-24T20:39:14.520-0700] {taskinstance.py:1083} INFO - Dependencies all met for <TaskInstance: challenge_dag.load_task manual__2023-10-25T03:39:05.963868+00:00 [queued]>
[2023-10-24T20:39:14.520-0700] {taskinstance.py:1279} INFO - 
--------------------------------------------------------------------------------
[2023-10-24T20:39:14.520-0700] {taskinstance.py:1280} INFO - Starting attempt 1 of 1
[2023-10-24T20:39:14.520-0700] {taskinstance.py:1281} INFO - 
--------------------------------------------------------------------------------
[2023-10-24T20:39:14.525-0700] {taskinstance.py:1300} INFO - Executing <Task(BashOperator): load_task> on 2023-10-25 03:39:05.963868+00:00
[2023-10-24T20:39:14.526-0700] {standard_task_runner.py:55} INFO - Started process 24135 to run task
[2023-10-24T20:39:14.529-0700] {standard_task_runner.py:82} INFO - Running: ['airflow', 'tasks', 'run', 'challenge_dag', 'load_task', 'manual__2023-10-25T03:39:05.963868+00:00', '--job-id', '34', '--raw', '--subdir', 'DAGS_FOLDER/challenge_etl_dag.py', '--cfg-path', '/var/folders/jh/g6c8fm7j3x148qd22mrgmrsw0000gn/T/tmp4y6a09a4']
[2023-10-24T20:39:14.530-0700] {standard_task_runner.py:83} INFO - Job 34: Subtask load_task
[2023-10-24T20:39:14.550-0700] {task_command.py:388} INFO - Running <TaskInstance: challenge_dag.load_task manual__2023-10-25T03:39:05.963868+00:00 [running]> on host anishs-air.lan
[2023-10-24T20:39:14.569-0700] {taskinstance.py:1507} INFO - Exporting the following env vars:
AIRFLOW_CTX_DAG_OWNER=airflow
AIRFLOW_CTX_DAG_ID=challenge_dag
AIRFLOW_CTX_TASK_ID=load_task
AIRFLOW_CTX_EXECUTION_DATE=2023-10-25T03:39:05.963868+00:00
AIRFLOW_CTX_TRY_NUMBER=1
AIRFLOW_CTX_DAG_RUN_ID=manual__2023-10-25T03:39:05.963868+00:00
[2023-10-24T20:39:14.570-0700] {subprocess.py:63} INFO - Tmp dir root location: 
 /var/folders/jh/g6c8fm7j3x148qd22mrgmrsw0000gn/T
[2023-10-24T20:39:14.571-0700] {subprocess.py:75} INFO - Running command: ['/bin/bash', '-c', 'echo -e ".separator ","\n.import --skip 1  /Users/anishmore/airflow/temp/manual/constituents-transformed.csv sp_500_sector_count" | sqlite3 /Users/anishmore/airflow/challenge.db']
[2023-10-24T20:39:14.574-0700] {subprocess.py:86} INFO - Output:
[2023-10-24T20:39:14.588-0700] {subprocess.py:97} INFO - Command exited with return code 0
[2023-10-24T20:39:14.594-0700] {taskinstance.py:1318} INFO - Marking task as SUCCESS. dag_id=challenge_dag, task_id=load_task, execution_date=20231025T033905, start_date=20231025T033914, end_date=20231025T033914
[2023-10-24T20:39:14.630-0700] {local_task_job.py:208} INFO - Task exited with return code 0
[2023-10-24T20:39:14.636-0700] {taskinstance.py:2578} INFO - 0 downstream tasks scheduled from follow-on schedule check
