[2023-11-05T15:54:21.848-0800] {taskinstance.py:1083} INFO - Dependencies all met for <TaskInstance: source_extracting_dag.clone_repo_task manual__2023-11-05T23:54:19.599416+00:00 [queued]>
[2023-11-05T15:54:21.852-0800] {taskinstance.py:1083} INFO - Dependencies all met for <TaskInstance: source_extracting_dag.clone_repo_task manual__2023-11-05T23:54:19.599416+00:00 [queued]>
[2023-11-05T15:54:21.852-0800] {taskinstance.py:1279} INFO - 
--------------------------------------------------------------------------------
[2023-11-05T15:54:21.852-0800] {taskinstance.py:1280} INFO - Starting attempt 1 of 1
[2023-11-05T15:54:21.852-0800] {taskinstance.py:1281} INFO - 
--------------------------------------------------------------------------------
[2023-11-05T15:54:21.856-0800] {taskinstance.py:1300} INFO - Executing <Task(BashOperator): clone_repo_task> on 2023-11-05 23:54:19.599416+00:00
[2023-11-05T15:54:21.859-0800] {standard_task_runner.py:55} INFO - Started process 90051 to run task
[2023-11-05T15:54:21.861-0800] {standard_task_runner.py:82} INFO - Running: ['airflow', 'tasks', 'run', 'source_extracting_dag', 'clone_repo_task', 'manual__2023-11-05T23:54:19.599416+00:00', '--job-id', '105', '--raw', '--subdir', 'DAGS_FOLDER/source_extract_dag.py', '--cfg-path', '/var/folders/jh/g6c8fm7j3x148qd22mrgmrsw0000gn/T/tmpffny4p2e']
[2023-11-05T15:54:21.863-0800] {standard_task_runner.py:83} INFO - Job 105: Subtask clone_repo_task
[2023-11-05T15:54:21.896-0800] {task_command.py:388} INFO - Running <TaskInstance: source_extracting_dag.clone_repo_task manual__2023-11-05T23:54:19.599416+00:00 [running]> on host anishs-air.lan
[2023-11-05T15:54:21.913-0800] {taskinstance.py:1507} INFO - Exporting the following env vars:
AIRFLOW_CTX_DAG_OWNER=airflow
AIRFLOW_CTX_DAG_ID=source_extracting_dag
AIRFLOW_CTX_TASK_ID=clone_repo_task
AIRFLOW_CTX_EXECUTION_DATE=2023-11-05T23:54:19.599416+00:00
AIRFLOW_CTX_TRY_NUMBER=1
AIRFLOW_CTX_DAG_RUN_ID=manual__2023-11-05T23:54:19.599416+00:00
[2023-11-05T15:54:21.914-0800] {subprocess.py:63} INFO - Tmp dir root location: 
 /var/folders/jh/g6c8fm7j3x148qd22mrgmrsw0000gn/T
[2023-11-05T15:54:21.914-0800] {subprocess.py:75} INFO - Running command: ['/bin/bash', '-c', 'git clone https://gitlab.com/toppertips/snowflake-work.git /Users/anishmore/airflow/data/']
[2023-11-05T15:54:21.918-0800] {subprocess.py:86} INFO - Output:
[2023-11-05T15:54:21.952-0800] {subprocess.py:93} INFO - Cloning into '/Users/anishmore/airflow/data'...
[2023-11-05T15:54:35.276-0800] {subprocess.py:97} INFO - Command exited with return code 0
[2023-11-05T15:54:35.288-0800] {taskinstance.py:1318} INFO - Marking task as SUCCESS. dag_id=source_extracting_dag, task_id=clone_repo_task, execution_date=20231105T235419, start_date=20231105T235421, end_date=20231105T235435
[2023-11-05T15:54:35.307-0800] {local_task_job.py:208} INFO - Task exited with return code 0
[2023-11-05T15:54:35.323-0800] {taskinstance.py:2578} INFO - 1 downstream tasks scheduled from follow-on schedule check
