[2023-11-05T17:26:03.370-0800] {taskinstance.py:1083} INFO - Dependencies all met for <TaskInstance: source_extract_snowpark_dag.cleanup_repo_task manual__2023-11-06T01:25:37.629069+00:00 [queued]>
[2023-11-05T17:26:03.375-0800] {taskinstance.py:1083} INFO - Dependencies all met for <TaskInstance: source_extract_snowpark_dag.cleanup_repo_task manual__2023-11-06T01:25:37.629069+00:00 [queued]>
[2023-11-05T17:26:03.375-0800] {taskinstance.py:1279} INFO - 
--------------------------------------------------------------------------------
[2023-11-05T17:26:03.375-0800] {taskinstance.py:1280} INFO - Starting attempt 1 of 1
[2023-11-05T17:26:03.375-0800] {taskinstance.py:1281} INFO - 
--------------------------------------------------------------------------------
[2023-11-05T17:26:03.379-0800] {taskinstance.py:1300} INFO - Executing <Task(BashOperator): cleanup_repo_task> on 2023-11-06 01:25:37.629069+00:00
[2023-11-05T17:26:03.382-0800] {standard_task_runner.py:55} INFO - Started process 95024 to run task
[2023-11-05T17:26:03.384-0800] {standard_task_runner.py:82} INFO - Running: ['airflow', 'tasks', 'run', 'source_extract_snowpark_dag', 'cleanup_repo_task', 'manual__2023-11-06T01:25:37.629069+00:00', '--job-id', '121', '--raw', '--subdir', 'DAGS_FOLDER/source_extract_snowpark_dag.py', '--cfg-path', '/var/folders/jh/g6c8fm7j3x148qd22mrgmrsw0000gn/T/tmpng6908ex']
[2023-11-05T17:26:03.386-0800] {standard_task_runner.py:83} INFO - Job 121: Subtask cleanup_repo_task
[2023-11-05T17:26:03.404-0800] {task_command.py:388} INFO - Running <TaskInstance: source_extract_snowpark_dag.cleanup_repo_task manual__2023-11-06T01:25:37.629069+00:00 [running]> on host anishs-air.lan
[2023-11-05T17:26:03.421-0800] {taskinstance.py:1507} INFO - Exporting the following env vars:
AIRFLOW_CTX_DAG_OWNER=airflow
AIRFLOW_CTX_DAG_ID=source_extract_snowpark_dag
AIRFLOW_CTX_TASK_ID=cleanup_repo_task
AIRFLOW_CTX_EXECUTION_DATE=2023-11-06T01:25:37.629069+00:00
AIRFLOW_CTX_TRY_NUMBER=1
AIRFLOW_CTX_DAG_RUN_ID=manual__2023-11-06T01:25:37.629069+00:00
[2023-11-05T17:26:03.422-0800] {subprocess.py:63} INFO - Tmp dir root location: 
 /var/folders/jh/g6c8fm7j3x148qd22mrgmrsw0000gn/T
[2023-11-05T17:26:03.422-0800] {subprocess.py:75} INFO - Running command: ['/bin/bash', '-c', 'rm -rf /Users/anishmore/airflow/data/']
[2023-11-05T17:26:03.426-0800] {subprocess.py:86} INFO - Output:
[2023-11-05T17:26:03.444-0800] {subprocess.py:97} INFO - Command exited with return code 0
[2023-11-05T17:26:03.451-0800] {taskinstance.py:1318} INFO - Marking task as SUCCESS. dag_id=source_extract_snowpark_dag, task_id=cleanup_repo_task, execution_date=20231106T012537, start_date=20231106T012603, end_date=20231106T012603
[2023-11-05T17:26:03.490-0800] {local_task_job.py:208} INFO - Task exited with return code 0
[2023-11-05T17:26:03.497-0800] {taskinstance.py:2578} INFO - 1 downstream tasks scheduled from follow-on schedule check
