[2023-11-05T15:53:48.332-0800] {processor.py:153} INFO - Started process (PID=90007) to work on /Users/anishmore/airflow/dags/__pycache__/init.py
[2023-11-05T15:53:48.338-0800] {processor.py:743} INFO - Processing file /Users/anishmore/airflow/dags/__pycache__/init.py for tasks to queue
[2023-11-05T15:53:48.339-0800] {logging_mixin.py:137} INFO - [2023-11-05T15:53:48.339-0800] {dagbag.py:538} INFO - Filling up the DagBag from /Users/anishmore/airflow/dags/__pycache__/init.py
[2023-11-05T15:53:48.375-0800] {processor.py:753} INFO - DAG(s) dict_keys(['1_init_once_seed_data']) retrieved from /Users/anishmore/airflow/dags/__pycache__/init.py
[2023-11-05T15:53:48.658-0800] {logging_mixin.py:137} INFO - [2023-11-05T15:53:48.658-0800] {dag.py:2690} INFO - Sync 1 DAGs
[2023-11-05T15:53:48.664-0800] {logging_mixin.py:137} INFO - [2023-11-05T15:53:48.664-0800] {dag.py:3437} INFO - Setting next_dagrun for 1_init_once_seed_data to None, run_after=None
[2023-11-05T15:53:48.672-0800] {processor.py:175} INFO - Processing /Users/anishmore/airflow/dags/__pycache__/init.py took 0.340 seconds
[2023-11-05T15:54:20.429-0800] {processor.py:153} INFO - Started process (PID=90049) to work on /Users/anishmore/airflow/dags/__pycache__/init.py
[2023-11-05T15:54:20.436-0800] {processor.py:743} INFO - Processing file /Users/anishmore/airflow/dags/__pycache__/init.py for tasks to queue
[2023-11-05T15:54:20.437-0800] {logging_mixin.py:137} INFO - [2023-11-05T15:54:20.437-0800] {dagbag.py:538} INFO - Filling up the DagBag from /Users/anishmore/airflow/dags/__pycache__/init.py
[2023-11-05T15:54:20.491-0800] {processor.py:753} INFO - DAG(s) dict_keys(['1_init_once_seed_data']) retrieved from /Users/anishmore/airflow/dags/__pycache__/init.py
[2023-11-05T15:54:20.764-0800] {logging_mixin.py:137} INFO - [2023-11-05T15:54:20.764-0800] {dag.py:2690} INFO - Sync 1 DAGs
[2023-11-05T15:54:20.770-0800] {logging_mixin.py:137} INFO - [2023-11-05T15:54:20.770-0800] {dag.py:3437} INFO - Setting next_dagrun for 1_init_once_seed_data to None, run_after=None
[2023-11-05T15:54:20.777-0800] {processor.py:175} INFO - Processing /Users/anishmore/airflow/dags/__pycache__/init.py took 0.349 seconds
[2023-11-05T15:54:51.948-0800] {processor.py:153} INFO - Started process (PID=90132) to work on /Users/anishmore/airflow/dags/__pycache__/init.py
[2023-11-05T15:54:51.954-0800] {processor.py:743} INFO - Processing file /Users/anishmore/airflow/dags/__pycache__/init.py for tasks to queue
[2023-11-05T15:54:51.954-0800] {logging_mixin.py:137} INFO - [2023-11-05T15:54:51.954-0800] {dagbag.py:538} INFO - Filling up the DagBag from /Users/anishmore/airflow/dags/__pycache__/init.py
[2023-11-05T15:54:51.985-0800] {processor.py:753} INFO - DAG(s) dict_keys(['1_init_once_seed_data']) retrieved from /Users/anishmore/airflow/dags/__pycache__/init.py
[2023-11-05T15:54:52.279-0800] {logging_mixin.py:137} INFO - [2023-11-05T15:54:52.279-0800] {dag.py:2690} INFO - Sync 1 DAGs
[2023-11-05T15:54:52.286-0800] {logging_mixin.py:137} INFO - [2023-11-05T15:54:52.286-0800] {dag.py:3437} INFO - Setting next_dagrun for 1_init_once_seed_data to None, run_after=None
[2023-11-05T15:54:52.293-0800] {processor.py:175} INFO - Processing /Users/anishmore/airflow/dags/__pycache__/init.py took 0.345 seconds
[2023-11-05T15:55:26.057-0800] {processor.py:153} INFO - Started process (PID=90208) to work on /Users/anishmore/airflow/dags/__pycache__/init.py
[2023-11-05T15:55:26.064-0800] {processor.py:743} INFO - Processing file /Users/anishmore/airflow/dags/__pycache__/init.py for tasks to queue
[2023-11-05T15:55:26.064-0800] {logging_mixin.py:137} INFO - [2023-11-05T15:55:26.064-0800] {dagbag.py:538} INFO - Filling up the DagBag from /Users/anishmore/airflow/dags/__pycache__/init.py
[2023-11-05T15:55:26.094-0800] {processor.py:753} INFO - DAG(s) dict_keys(['1_init_once_seed_data']) retrieved from /Users/anishmore/airflow/dags/__pycache__/init.py
[2023-11-05T15:55:26.385-0800] {logging_mixin.py:137} INFO - [2023-11-05T15:55:26.385-0800] {dag.py:2690} INFO - Sync 1 DAGs
[2023-11-05T15:55:26.392-0800] {logging_mixin.py:137} INFO - [2023-11-05T15:55:26.392-0800] {dag.py:3437} INFO - Setting next_dagrun for 1_init_once_seed_data to None, run_after=None
[2023-11-05T15:55:26.399-0800] {processor.py:175} INFO - Processing /Users/anishmore/airflow/dags/__pycache__/init.py took 0.343 seconds
[2023-11-05T15:55:57.417-0800] {processor.py:153} INFO - Started process (PID=90271) to work on /Users/anishmore/airflow/dags/__pycache__/init.py
[2023-11-05T15:55:57.420-0800] {processor.py:743} INFO - Processing file /Users/anishmore/airflow/dags/__pycache__/init.py for tasks to queue
[2023-11-05T15:55:57.420-0800] {logging_mixin.py:137} INFO - [2023-11-05T15:55:57.420-0800] {dagbag.py:538} INFO - Filling up the DagBag from /Users/anishmore/airflow/dags/__pycache__/init.py
[2023-11-05T15:55:57.460-0800] {processor.py:753} INFO - DAG(s) dict_keys(['1_init_once_seed_data']) retrieved from /Users/anishmore/airflow/dags/__pycache__/init.py
[2023-11-05T15:55:57.754-0800] {logging_mixin.py:137} INFO - [2023-11-05T15:55:57.754-0800] {dag.py:2690} INFO - Sync 1 DAGs
[2023-11-05T15:55:57.761-0800] {logging_mixin.py:137} INFO - [2023-11-05T15:55:57.761-0800] {dag.py:3437} INFO - Setting next_dagrun for 1_init_once_seed_data to None, run_after=None
[2023-11-05T15:55:57.767-0800] {processor.py:175} INFO - Processing /Users/anishmore/airflow/dags/__pycache__/init.py took 0.351 seconds
[2023-11-05T15:56:29.860-0800] {processor.py:153} INFO - Started process (PID=90306) to work on /Users/anishmore/airflow/dags/__pycache__/init.py
[2023-11-05T15:56:29.863-0800] {processor.py:743} INFO - Processing file /Users/anishmore/airflow/dags/__pycache__/init.py for tasks to queue
[2023-11-05T15:56:29.863-0800] {logging_mixin.py:137} INFO - [2023-11-05T15:56:29.863-0800] {dagbag.py:538} INFO - Filling up the DagBag from /Users/anishmore/airflow/dags/__pycache__/init.py
[2023-11-05T15:56:29.919-0800] {processor.py:753} INFO - DAG(s) dict_keys(['1_init_once_seed_data']) retrieved from /Users/anishmore/airflow/dags/__pycache__/init.py
[2023-11-05T15:56:30.218-0800] {logging_mixin.py:137} INFO - [2023-11-05T15:56:30.218-0800] {dag.py:2690} INFO - Sync 1 DAGs
[2023-11-05T15:56:30.225-0800] {logging_mixin.py:137} INFO - [2023-11-05T15:56:30.225-0800] {dag.py:3437} INFO - Setting next_dagrun for 1_init_once_seed_data to None, run_after=None
[2023-11-05T15:56:30.232-0800] {processor.py:175} INFO - Processing /Users/anishmore/airflow/dags/__pycache__/init.py took 0.372 seconds
[2023-11-05T15:57:01.943-0800] {processor.py:153} INFO - Started process (PID=90353) to work on /Users/anishmore/airflow/dags/__pycache__/init.py
[2023-11-05T15:57:01.946-0800] {processor.py:743} INFO - Processing file /Users/anishmore/airflow/dags/__pycache__/init.py for tasks to queue
[2023-11-05T15:57:01.946-0800] {logging_mixin.py:137} INFO - [2023-11-05T15:57:01.946-0800] {dagbag.py:538} INFO - Filling up the DagBag from /Users/anishmore/airflow/dags/__pycache__/init.py
[2023-11-05T15:57:01.993-0800] {processor.py:753} INFO - DAG(s) dict_keys(['1_init_once_seed_data']) retrieved from /Users/anishmore/airflow/dags/__pycache__/init.py
[2023-11-05T15:57:02.289-0800] {logging_mixin.py:137} INFO - [2023-11-05T15:57:02.289-0800] {dag.py:2690} INFO - Sync 1 DAGs
[2023-11-05T15:57:02.296-0800] {logging_mixin.py:137} INFO - [2023-11-05T15:57:02.296-0800] {dag.py:3437} INFO - Setting next_dagrun for 1_init_once_seed_data to None, run_after=None
[2023-11-05T15:57:02.302-0800] {processor.py:175} INFO - Processing /Users/anishmore/airflow/dags/__pycache__/init.py took 0.359 seconds
[2023-11-05T15:57:32.996-0800] {processor.py:153} INFO - Started process (PID=90404) to work on /Users/anishmore/airflow/dags/__pycache__/init.py
[2023-11-05T15:57:33.000-0800] {processor.py:743} INFO - Processing file /Users/anishmore/airflow/dags/__pycache__/init.py for tasks to queue
[2023-11-05T15:57:33.000-0800] {logging_mixin.py:137} INFO - [2023-11-05T15:57:33.000-0800] {dagbag.py:538} INFO - Filling up the DagBag from /Users/anishmore/airflow/dags/__pycache__/init.py
[2023-11-05T15:57:33.047-0800] {processor.py:753} INFO - DAG(s) dict_keys(['1_init_once_seed_data']) retrieved from /Users/anishmore/airflow/dags/__pycache__/init.py
[2023-11-05T15:57:33.363-0800] {logging_mixin.py:137} INFO - [2023-11-05T15:57:33.362-0800] {dag.py:2690} INFO - Sync 1 DAGs
[2023-11-05T15:57:33.369-0800] {logging_mixin.py:137} INFO - [2023-11-05T15:57:33.369-0800] {dag.py:3437} INFO - Setting next_dagrun for 1_init_once_seed_data to None, run_after=None
[2023-11-05T15:57:33.375-0800] {processor.py:175} INFO - Processing /Users/anishmore/airflow/dags/__pycache__/init.py took 0.381 seconds
[2023-11-05T15:58:04.316-0800] {processor.py:153} INFO - Started process (PID=90526) to work on /Users/anishmore/airflow/dags/__pycache__/init.py
[2023-11-05T15:58:04.322-0800] {processor.py:743} INFO - Processing file /Users/anishmore/airflow/dags/__pycache__/init.py for tasks to queue
[2023-11-05T15:58:04.323-0800] {logging_mixin.py:137} INFO - [2023-11-05T15:58:04.323-0800] {dagbag.py:538} INFO - Filling up the DagBag from /Users/anishmore/airflow/dags/__pycache__/init.py
[2023-11-05T15:58:04.361-0800] {processor.py:753} INFO - DAG(s) dict_keys(['1_init_once_seed_data']) retrieved from /Users/anishmore/airflow/dags/__pycache__/init.py
[2023-11-05T15:58:04.660-0800] {logging_mixin.py:137} INFO - [2023-11-05T15:58:04.660-0800] {dag.py:2690} INFO - Sync 1 DAGs
[2023-11-05T15:58:04.667-0800] {logging_mixin.py:137} INFO - [2023-11-05T15:58:04.667-0800] {dag.py:3437} INFO - Setting next_dagrun for 1_init_once_seed_data to None, run_after=None
[2023-11-05T15:58:04.673-0800] {processor.py:175} INFO - Processing /Users/anishmore/airflow/dags/__pycache__/init.py took 0.358 seconds
[2023-11-05T15:58:35.546-0800] {processor.py:153} INFO - Started process (PID=90602) to work on /Users/anishmore/airflow/dags/__pycache__/init.py
[2023-11-05T15:58:35.553-0800] {processor.py:743} INFO - Processing file /Users/anishmore/airflow/dags/__pycache__/init.py for tasks to queue
[2023-11-05T15:58:35.553-0800] {logging_mixin.py:137} INFO - [2023-11-05T15:58:35.553-0800] {dagbag.py:538} INFO - Filling up the DagBag from /Users/anishmore/airflow/dags/__pycache__/init.py
[2023-11-05T15:58:35.611-0800] {processor.py:753} INFO - DAG(s) dict_keys(['1_init_once_seed_data']) retrieved from /Users/anishmore/airflow/dags/__pycache__/init.py
[2023-11-05T15:58:35.905-0800] {logging_mixin.py:137} INFO - [2023-11-05T15:58:35.905-0800] {dag.py:2690} INFO - Sync 1 DAGs
[2023-11-05T15:58:35.912-0800] {logging_mixin.py:137} INFO - [2023-11-05T15:58:35.912-0800] {dag.py:3437} INFO - Setting next_dagrun for 1_init_once_seed_data to None, run_after=None
[2023-11-05T15:58:35.918-0800] {processor.py:175} INFO - Processing /Users/anishmore/airflow/dags/__pycache__/init.py took 0.373 seconds
