[2023-10-23T19:45:56.640-0700] {taskinstance.py:1083} INFO - Dependencies all met for <TaskInstance: second_task_dag.one_task_0 manual__2023-10-24T02:45:54.017326+00:00 [queued]>
[2023-10-23T19:45:56.644-0700] {taskinstance.py:1083} INFO - Dependencies all met for <TaskInstance: second_task_dag.one_task_0 manual__2023-10-24T02:45:54.017326+00:00 [queued]>
[2023-10-23T19:45:56.644-0700] {taskinstance.py:1279} INFO - 
--------------------------------------------------------------------------------
[2023-10-23T19:45:56.644-0700] {taskinstance.py:1280} INFO - Starting attempt 1 of 1
[2023-10-23T19:45:56.644-0700] {taskinstance.py:1281} INFO - 
--------------------------------------------------------------------------------
[2023-10-23T19:45:56.648-0700] {taskinstance.py:1300} INFO - Executing <Task(BashOperator): one_task_0> on 2023-10-24 02:45:54.017326+00:00
[2023-10-23T19:45:56.650-0700] {standard_task_runner.py:55} INFO - Started process 71993 to run task
[2023-10-23T19:45:56.652-0700] {standard_task_runner.py:82} INFO - Running: ['airflow', 'tasks', 'run', 'second_task_dag', 'one_task_0', 'manual__2023-10-24T02:45:54.017326+00:00', '--job-id', '7', '--raw', '--subdir', 'DAGS_FOLDER/second_task_two_dag.py', '--cfg-path', '/var/folders/jh/g6c8fm7j3x148qd22mrgmrsw0000gn/T/tmpdovdtld1']
[2023-10-23T19:45:56.653-0700] {standard_task_runner.py:83} INFO - Job 7: Subtask one_task_0
[2023-10-23T19:45:56.677-0700] {task_command.py:388} INFO - Running <TaskInstance: second_task_dag.one_task_0 manual__2023-10-24T02:45:54.017326+00:00 [running]> on host anishs-air.lan
[2023-10-23T19:45:56.698-0700] {taskinstance.py:1507} INFO - Exporting the following env vars:
AIRFLOW_CTX_DAG_OWNER=Anish
AIRFLOW_CTX_DAG_ID=second_task_dag
AIRFLOW_CTX_TASK_ID=one_task_0
AIRFLOW_CTX_EXECUTION_DATE=2023-10-24T02:45:54.017326+00:00
AIRFLOW_CTX_TRY_NUMBER=1
AIRFLOW_CTX_DAG_RUN_ID=manual__2023-10-24T02:45:54.017326+00:00
[2023-10-23T19:45:56.699-0700] {subprocess.py:63} INFO - Tmp dir root location: 
 /var/folders/jh/g6c8fm7j3x148qd22mrgmrsw0000gn/T
[2023-10-23T19:45:56.700-0700] {subprocess.py:75} INFO - Running command: ['/bin/bash', '-c', 'echo "First task" > /Users/anishmore/airflow/temp/create-this-file.txt']
[2023-10-23T19:45:56.703-0700] {subprocess.py:86} INFO - Output:
[2023-10-23T19:45:56.709-0700] {subprocess.py:97} INFO - Command exited with return code 0
[2023-10-23T19:45:56.715-0700] {taskinstance.py:1318} INFO - Marking task as SUCCESS. dag_id=second_task_dag, task_id=one_task_0, execution_date=20231024T024554, start_date=20231024T024556, end_date=20231024T024556
[2023-10-23T19:45:56.759-0700] {local_task_job.py:208} INFO - Task exited with return code 0
[2023-10-23T19:45:56.767-0700] {taskinstance.py:2578} INFO - 1 downstream tasks scheduled from follow-on schedule check
