[2023-11-05T17:26:05.569-0800] {taskinstance.py:1083} INFO - Dependencies all met for <TaskInstance: source_extract_snowpark_dag.upload_to_snowflake_task manual__2023-11-06T01:25:37.629069+00:00 [queued]>
[2023-11-05T17:26:05.573-0800] {taskinstance.py:1083} INFO - Dependencies all met for <TaskInstance: source_extract_snowpark_dag.upload_to_snowflake_task manual__2023-11-06T01:25:37.629069+00:00 [queued]>
[2023-11-05T17:26:05.573-0800] {taskinstance.py:1279} INFO - 
--------------------------------------------------------------------------------
[2023-11-05T17:26:05.573-0800] {taskinstance.py:1280} INFO - Starting attempt 1 of 1
[2023-11-05T17:26:05.573-0800] {taskinstance.py:1281} INFO - 
--------------------------------------------------------------------------------
[2023-11-05T17:26:05.577-0800] {taskinstance.py:1300} INFO - Executing <Task(PythonOperator): upload_to_snowflake_task> on 2023-11-06 01:25:37.629069+00:00
[2023-11-05T17:26:05.580-0800] {standard_task_runner.py:55} INFO - Started process 95036 to run task
[2023-11-05T17:26:05.582-0800] {standard_task_runner.py:82} INFO - Running: ['airflow', 'tasks', 'run', 'source_extract_snowpark_dag', 'upload_to_snowflake_task', 'manual__2023-11-06T01:25:37.629069+00:00', '--job-id', '122', '--raw', '--subdir', 'DAGS_FOLDER/source_extract_snowpark_dag.py', '--cfg-path', '/var/folders/jh/g6c8fm7j3x148qd22mrgmrsw0000gn/T/tmpa_wygxho']
[2023-11-05T17:26:05.584-0800] {standard_task_runner.py:83} INFO - Job 122: Subtask upload_to_snowflake_task
[2023-11-05T17:26:05.600-0800] {task_command.py:388} INFO - Running <TaskInstance: source_extract_snowpark_dag.upload_to_snowflake_task manual__2023-11-06T01:25:37.629069+00:00 [running]> on host anishs-air.lan
[2023-11-05T17:26:05.616-0800] {taskinstance.py:1507} INFO - Exporting the following env vars:
AIRFLOW_CTX_DAG_OWNER=airflow
AIRFLOW_CTX_DAG_ID=source_extract_snowpark_dag
AIRFLOW_CTX_TASK_ID=upload_to_snowflake_task
AIRFLOW_CTX_EXECUTION_DATE=2023-11-06T01:25:37.629069+00:00
AIRFLOW_CTX_TRY_NUMBER=1
AIRFLOW_CTX_DAG_RUN_ID=manual__2023-11-06T01:25:37.629069+00:00
[2023-11-05T17:26:05.619-0800] {connection.py:334} INFO - Snowflake Connector for Python Version: 3.3.1, Python Version: 3.10.12, Platform: macOS-14.1-arm64-arm-64bit
[2023-11-05T17:26:05.619-0800] {connection.py:1103} INFO - This connection is in OCSP Fail Open Mode. TLS Certificates would be checked for validity and revocation status. Any other Certificate Revocation related exceptions or OCSP Responder failures would be disregarded in favor of connectivity.
[2023-11-05T17:26:05.620-0800] {connection.py:1121} INFO - Setting use_openssl_only mode to False
[2023-11-05T17:33:32.976-0800] {local_task_job.py:272} WARNING - State of this instance has been externally set to success. Terminating instance.
[2023-11-05T17:33:32.980-0800] {process_utils.py:129} INFO - Sending Signals.SIGTERM to group 95036. PIDs of all processes in the group: [95036]
[2023-11-05T17:33:32.980-0800] {process_utils.py:84} INFO - Sending the signal Signals.SIGTERM to group 95036
[2023-11-05T17:34:32.979-0800] {process_utils.py:147} WARNING - process psutil.Process(pid=95036, name='Python', status='running', started='17:26:05') did not respond to SIGTERM. Trying SIGKILL
[2023-11-05T17:34:32.981-0800] {process_utils.py:84} INFO - Sending the signal Signals.SIGKILL to group 95036
[2023-11-05T17:34:32.989-0800] {process_utils.py:79} INFO - Process psutil.Process(pid=95036, name='Python', status='terminated', exitcode=<Negsignal.SIGKILL: -9>, started='17:26:05') (95036) terminated with exit code Negsignal.SIGKILL
[2023-11-05T17:34:32.990-0800] {standard_task_runner.py:168} ERROR - Job 122 was killed before it finished (likely due to running out of memory)
