[2023-11-05T16:04:48.373-0800] {taskinstance.py:1083} INFO - Dependencies all met for <TaskInstance: source_extracting_dag.clone_repo_task manual__2023-11-06T00:04:45.694105+00:00 [queued]>
[2023-11-05T16:04:48.377-0800] {taskinstance.py:1083} INFO - Dependencies all met for <TaskInstance: source_extracting_dag.clone_repo_task manual__2023-11-06T00:04:45.694105+00:00 [queued]>
[2023-11-05T16:04:48.377-0800] {taskinstance.py:1279} INFO - 
--------------------------------------------------------------------------------
[2023-11-05T16:04:48.377-0800] {taskinstance.py:1280} INFO - Starting attempt 1 of 1
[2023-11-05T16:04:48.377-0800] {taskinstance.py:1281} INFO - 
--------------------------------------------------------------------------------
[2023-11-05T16:04:48.381-0800] {taskinstance.py:1300} INFO - Executing <Task(BashOperator): clone_repo_task> on 2023-11-06 00:04:45.694105+00:00
[2023-11-05T16:04:48.384-0800] {standard_task_runner.py:55} INFO - Started process 91328 to run task
[2023-11-05T16:04:48.387-0800] {standard_task_runner.py:82} INFO - Running: ['airflow', 'tasks', 'run', 'source_extracting_dag', 'clone_repo_task', 'manual__2023-11-06T00:04:45.694105+00:00', '--job-id', '112', '--raw', '--subdir', 'DAGS_FOLDER/source_extract_dag.py', '--cfg-path', '/var/folders/jh/g6c8fm7j3x148qd22mrgmrsw0000gn/T/tmpnh_frq__']
[2023-11-05T16:04:48.388-0800] {standard_task_runner.py:83} INFO - Job 112: Subtask clone_repo_task
[2023-11-05T16:04:48.411-0800] {task_command.py:388} INFO - Running <TaskInstance: source_extracting_dag.clone_repo_task manual__2023-11-06T00:04:45.694105+00:00 [running]> on host anishs-air.lan
[2023-11-05T16:04:48.429-0800] {taskinstance.py:1507} INFO - Exporting the following env vars:
AIRFLOW_CTX_DAG_OWNER=airflow
AIRFLOW_CTX_DAG_ID=source_extracting_dag
AIRFLOW_CTX_TASK_ID=clone_repo_task
AIRFLOW_CTX_EXECUTION_DATE=2023-11-06T00:04:45.694105+00:00
AIRFLOW_CTX_TRY_NUMBER=1
AIRFLOW_CTX_DAG_RUN_ID=manual__2023-11-06T00:04:45.694105+00:00
[2023-11-05T16:04:48.430-0800] {subprocess.py:63} INFO - Tmp dir root location: 
 /var/folders/jh/g6c8fm7j3x148qd22mrgmrsw0000gn/T
[2023-11-05T16:04:48.430-0800] {subprocess.py:75} INFO - Running command: ['/bin/bash', '-c', 'git clone https://gitlab.com/toppertips/snowflake-work.git /Users/anishmore/airflow/data/']
[2023-11-05T16:04:48.433-0800] {subprocess.py:86} INFO - Output:
[2023-11-05T16:04:48.460-0800] {subprocess.py:93} INFO - Cloning into '/Users/anishmore/airflow/data'...
[2023-11-05T16:05:01.290-0800] {subprocess.py:97} INFO - Command exited with return code 0
[2023-11-05T16:05:01.304-0800] {taskinstance.py:1318} INFO - Marking task as SUCCESS. dag_id=source_extracting_dag, task_id=clone_repo_task, execution_date=20231106T000445, start_date=20231106T000448, end_date=20231106T000501
[2023-11-05T16:05:01.346-0800] {local_task_job.py:208} INFO - Task exited with return code 0
[2023-11-05T16:05:01.360-0800] {taskinstance.py:2578} INFO - 1 downstream tasks scheduled from follow-on schedule check
