[2023-10-24T14:01:34.131-0700] {taskinstance.py:1083} INFO - Dependencies all met for <TaskInstance: one_task_dag.one_task manual__2023-10-24T21:01:32.463029+00:00 [queued]>
[2023-10-24T14:01:34.135-0700] {taskinstance.py:1083} INFO - Dependencies all met for <TaskInstance: one_task_dag.one_task manual__2023-10-24T21:01:32.463029+00:00 [queued]>
[2023-10-24T14:01:34.135-0700] {taskinstance.py:1279} INFO - 
--------------------------------------------------------------------------------
[2023-10-24T14:01:34.135-0700] {taskinstance.py:1280} INFO - Starting attempt 1 of 1
[2023-10-24T14:01:34.135-0700] {taskinstance.py:1281} INFO - 
--------------------------------------------------------------------------------
[2023-10-24T14:01:34.139-0700] {taskinstance.py:1300} INFO - Executing <Task(BashOperator): one_task> on 2023-10-24 21:01:32.463029+00:00
[2023-10-24T14:01:34.141-0700] {standard_task_runner.py:55} INFO - Started process 4776 to run task
[2023-10-24T14:01:34.143-0700] {standard_task_runner.py:82} INFO - Running: ['airflow', 'tasks', 'run', 'one_task_dag', 'one_task', 'manual__2023-10-24T21:01:32.463029+00:00', '--job-id', '16', '--raw', '--subdir', 'DAGS_FOLDER/one_task_dag.py', '--cfg-path', '/var/folders/jh/g6c8fm7j3x148qd22mrgmrsw0000gn/T/tmph40arhnv']
[2023-10-24T14:01:34.145-0700] {standard_task_runner.py:83} INFO - Job 16: Subtask one_task
[2023-10-24T14:01:34.170-0700] {task_command.py:388} INFO - Running <TaskInstance: one_task_dag.one_task manual__2023-10-24T21:01:32.463029+00:00 [running]> on host anishs-macbook-air.local
[2023-10-24T14:01:34.187-0700] {taskinstance.py:1507} INFO - Exporting the following env vars:
AIRFLOW_CTX_DAG_OWNER=Anish
AIRFLOW_CTX_DAG_ID=one_task_dag
AIRFLOW_CTX_TASK_ID=one_task
AIRFLOW_CTX_EXECUTION_DATE=2023-10-24T21:01:32.463029+00:00
AIRFLOW_CTX_TRY_NUMBER=1
AIRFLOW_CTX_DAG_RUN_ID=manual__2023-10-24T21:01:32.463029+00:00
[2023-10-24T14:01:34.187-0700] {subprocess.py:63} INFO - Tmp dir root location: 
 /var/folders/jh/g6c8fm7j3x148qd22mrgmrsw0000gn/T
[2023-10-24T14:01:34.188-0700] {subprocess.py:75} INFO - Running command: ['/bin/bash', '-c', 'echo "hello, world!" > /Users/anishmore/airflow/temp/create-this-file.txt']
[2023-10-24T14:01:34.191-0700] {subprocess.py:86} INFO - Output:
[2023-10-24T14:01:34.194-0700] {subprocess.py:97} INFO - Command exited with return code 0
[2023-10-24T14:01:34.200-0700] {taskinstance.py:1318} INFO - Marking task as SUCCESS. dag_id=one_task_dag, task_id=one_task, execution_date=20231024T210132, start_date=20231024T210134, end_date=20231024T210134
[2023-10-24T14:01:34.205-0700] {local_task_job.py:208} INFO - Task exited with return code 0
[2023-10-24T14:01:34.210-0700] {taskinstance.py:2578} INFO - 0 downstream tasks scheduled from follow-on schedule check
