[2023-10-24T20:39:07.261-0700] {taskinstance.py:1083} INFO - Dependencies all met for <TaskInstance: challenge_dag.extract_task manual__2023-10-25T03:39:05.963868+00:00 [queued]>
[2023-10-24T20:39:07.265-0700] {taskinstance.py:1083} INFO - Dependencies all met for <TaskInstance: challenge_dag.extract_task manual__2023-10-25T03:39:05.963868+00:00 [queued]>
[2023-10-24T20:39:07.265-0700] {taskinstance.py:1279} INFO - 
--------------------------------------------------------------------------------
[2023-10-24T20:39:07.265-0700] {taskinstance.py:1280} INFO - Starting attempt 1 of 1
[2023-10-24T20:39:07.265-0700] {taskinstance.py:1281} INFO - 
--------------------------------------------------------------------------------
[2023-10-24T20:39:07.270-0700] {taskinstance.py:1300} INFO - Executing <Task(BashOperator): extract_task> on 2023-10-25 03:39:05.963868+00:00
[2023-10-24T20:39:07.271-0700] {standard_task_runner.py:55} INFO - Started process 24118 to run task
[2023-10-24T20:39:07.276-0700] {standard_task_runner.py:82} INFO - Running: ['airflow', 'tasks', 'run', 'challenge_dag', 'extract_task', 'manual__2023-10-25T03:39:05.963868+00:00', '--job-id', '32', '--raw', '--subdir', 'DAGS_FOLDER/challenge_etl_dag.py', '--cfg-path', '/var/folders/jh/g6c8fm7j3x148qd22mrgmrsw0000gn/T/tmpxb1sbuov']
[2023-10-24T20:39:07.279-0700] {standard_task_runner.py:83} INFO - Job 32: Subtask extract_task
[2023-10-24T20:39:07.304-0700] {task_command.py:388} INFO - Running <TaskInstance: challenge_dag.extract_task manual__2023-10-25T03:39:05.963868+00:00 [running]> on host anishs-air.lan
[2023-10-24T20:39:07.339-0700] {taskinstance.py:1507} INFO - Exporting the following env vars:
AIRFLOW_CTX_DAG_OWNER=airflow
AIRFLOW_CTX_DAG_ID=challenge_dag
AIRFLOW_CTX_TASK_ID=extract_task
AIRFLOW_CTX_EXECUTION_DATE=2023-10-25T03:39:05.963868+00:00
AIRFLOW_CTX_TRY_NUMBER=1
AIRFLOW_CTX_DAG_RUN_ID=manual__2023-10-25T03:39:05.963868+00:00
[2023-10-24T20:39:07.340-0700] {subprocess.py:63} INFO - Tmp dir root location: 
 /var/folders/jh/g6c8fm7j3x148qd22mrgmrsw0000gn/T
[2023-10-24T20:39:07.340-0700] {subprocess.py:75} INFO - Running command: ['/bin/bash', '-c', 'wget -c https://datahub.io/core/s-and-p-500-companies/r/constituents.csv -O /Users/anishmore/airflow/temp/manual/constituents.csv']
[2023-10-24T20:39:07.344-0700] {subprocess.py:86} INFO - Output:
[2023-10-24T20:39:07.401-0700] {subprocess.py:93} INFO - --2023-10-24 20:39:07--  https://datahub.io/core/s-and-p-500-companies/r/constituents.csv
[2023-10-24T20:39:07.812-0700] {subprocess.py:93} INFO - Resolving datahub.io (datahub.io)... 172.67.157.38, 104.21.40.221, 2606:4700:3030::ac43:9d26, ...
[2023-10-24T20:39:07.857-0700] {subprocess.py:93} INFO - Connecting to datahub.io (datahub.io)|172.67.157.38|:443... connected.
[2023-10-24T20:39:09.305-0700] {subprocess.py:93} INFO - HTTP request sent, awaiting response... 302 Found
[2023-10-24T20:39:09.305-0700] {subprocess.py:93} INFO - Location: https://pkgstore.datahub.io/core/s-and-p-500-companies/constituents_csv/data/1beb8c524488247ccb27917bfcb581ec/constituents_csv.csv [following]
[2023-10-24T20:39:09.306-0700] {subprocess.py:93} INFO - --2023-10-24 20:39:09--  https://pkgstore.datahub.io/core/s-and-p-500-companies/constituents_csv/data/1beb8c524488247ccb27917bfcb581ec/constituents_csv.csv
[2023-10-24T20:39:09.579-0700] {subprocess.py:93} INFO - Resolving pkgstore.datahub.io (pkgstore.datahub.io)... 104.21.40.221, 172.67.157.38, 2606:4700:3030::ac43:9d26, ...
[2023-10-24T20:39:09.631-0700] {subprocess.py:93} INFO - Connecting to pkgstore.datahub.io (pkgstore.datahub.io)|104.21.40.221|:443... connected.
[2023-10-24T20:39:10.060-0700] {subprocess.py:93} INFO - HTTP request sent, awaiting response... 200 OK
[2023-10-24T20:39:10.061-0700] {subprocess.py:93} INFO - Length: 17945 (18K) [text/csv]
[2023-10-24T20:39:10.061-0700] {subprocess.py:93} INFO - Saving to: ‘/Users/anishmore/airflow/temp/manual/constituents.csv’
[2023-10-24T20:39:10.062-0700] {subprocess.py:93} INFO - 
[2023-10-24T20:39:10.063-0700] {subprocess.py:93} INFO -      0K .......... .......                                    100% 7.67M=0.002s
[2023-10-24T20:39:10.063-0700] {subprocess.py:93} INFO - 
[2023-10-24T20:39:10.064-0700] {subprocess.py:93} INFO - 2023-10-24 20:39:10 (7.67 MB/s) - ‘/Users/anishmore/airflow/temp/manual/constituents.csv’ saved [17945/17945]
[2023-10-24T20:39:10.064-0700] {subprocess.py:93} INFO - 
[2023-10-24T20:39:10.065-0700] {subprocess.py:97} INFO - Command exited with return code 0
[2023-10-24T20:39:10.083-0700] {taskinstance.py:1318} INFO - Marking task as SUCCESS. dag_id=challenge_dag, task_id=extract_task, execution_date=20231025T033905, start_date=20231025T033907, end_date=20231025T033910
[2023-10-24T20:39:10.126-0700] {local_task_job.py:208} INFO - Task exited with return code 0
[2023-10-24T20:39:10.146-0700] {taskinstance.py:2578} INFO - 1 downstream tasks scheduled from follow-on schedule check
