[2023-10-24T13:58:20.604-0700] {taskinstance.py:1083} INFO - Dependencies all met for <TaskInstance: extract_dag.extract_task manual__2023-10-24T20:53:52.472045+00:00 [queued]>
[2023-10-24T13:58:20.608-0700] {taskinstance.py:1083} INFO - Dependencies all met for <TaskInstance: extract_dag.extract_task manual__2023-10-24T20:53:52.472045+00:00 [queued]>
[2023-10-24T13:58:20.608-0700] {taskinstance.py:1279} INFO - 
--------------------------------------------------------------------------------
[2023-10-24T13:58:20.608-0700] {taskinstance.py:1280} INFO - Starting attempt 1 of 1
[2023-10-24T13:58:20.608-0700] {taskinstance.py:1281} INFO - 
--------------------------------------------------------------------------------
[2023-10-24T13:58:20.612-0700] {taskinstance.py:1300} INFO - Executing <Task(BashOperator): extract_task> on 2023-10-24 20:53:52.472045+00:00
[2023-10-24T13:58:20.614-0700] {standard_task_runner.py:55} INFO - Started process 4481 to run task
[2023-10-24T13:58:20.616-0700] {standard_task_runner.py:82} INFO - Running: ['airflow', 'tasks', 'run', 'extract_dag', 'extract_task', 'manual__2023-10-24T20:53:52.472045+00:00', '--job-id', '13', '--raw', '--subdir', 'DAGS_FOLDER/automate_extraction_dag.py', '--cfg-path', '/var/folders/jh/g6c8fm7j3x148qd22mrgmrsw0000gn/T/tmp1o8ushj8']
[2023-10-24T13:58:20.618-0700] {standard_task_runner.py:83} INFO - Job 13: Subtask extract_task
[2023-10-24T13:58:20.645-0700] {task_command.py:388} INFO - Running <TaskInstance: extract_dag.extract_task manual__2023-10-24T20:53:52.472045+00:00 [running]> on host anishs-macbook-air.local
[2023-10-24T13:58:20.661-0700] {taskinstance.py:1507} INFO - Exporting the following env vars:
AIRFLOW_CTX_DAG_OWNER=airflow
AIRFLOW_CTX_DAG_ID=extract_dag
AIRFLOW_CTX_TASK_ID=extract_task
AIRFLOW_CTX_EXECUTION_DATE=2023-10-24T20:53:52.472045+00:00
AIRFLOW_CTX_TRY_NUMBER=1
AIRFLOW_CTX_DAG_RUN_ID=manual__2023-10-24T20:53:52.472045+00:00
[2023-10-24T13:58:20.662-0700] {subprocess.py:63} INFO - Tmp dir root location: 
 /var/folders/jh/g6c8fm7j3x148qd22mrgmrsw0000gn/T
[2023-10-24T13:58:20.662-0700] {subprocess.py:75} INFO - Running command: ['/bin/bash', '-c', 'wget -c https://datahub.io/core/top-level-domain-names/r/top-level-domain-names.csv.csv -O /workspaces/hands-on-introduction-data-engineering-4395021/lab/orchestrated/airflow-extract-data.csv -O /Users/anishmore/airflow/temp/manual']
[2023-10-24T13:58:20.665-0700] {subprocess.py:86} INFO - Output:
[2023-10-24T13:58:20.671-0700] {subprocess.py:93} INFO - /Users/anishmore/airflow/temp/manual: Is a directory
[2023-10-24T13:58:20.671-0700] {subprocess.py:97} INFO - Command exited with return code 1
[2023-10-24T13:58:20.674-0700] {taskinstance.py:1768} ERROR - Task failed with exception
Traceback (most recent call last):
  File "/opt/homebrew/lib/python3.10/site-packages/airflow/operators/bash.py", line 196, in execute
    raise AirflowException(
airflow.exceptions.AirflowException: Bash command failed. The command returned a non-zero exit code 1.
[2023-10-24T13:58:20.676-0700] {taskinstance.py:1318} INFO - Marking task as FAILED. dag_id=extract_dag, task_id=extract_task, execution_date=20231024T205352, start_date=20231024T205820, end_date=20231024T205820
[2023-10-24T13:58:20.679-0700] {standard_task_runner.py:100} ERROR - Failed to execute job 13 for task extract_task (Bash command failed. The command returned a non-zero exit code 1.; 4481)
[2023-10-24T13:58:20.720-0700] {local_task_job.py:208} INFO - Task exited with return code 1
[2023-10-24T13:58:20.726-0700] {taskinstance.py:2578} INFO - 0 downstream tasks scheduled from follow-on schedule check
