[2023-11-02T12:12:58.576-0700] {taskinstance.py:1083} INFO - Dependencies all met for <TaskInstance: snowflake_automation_dag.create_table manual__2023-11-02T19:12:56.708730+00:00 [queued]>
[2023-11-02T12:12:58.582-0700] {taskinstance.py:1083} INFO - Dependencies all met for <TaskInstance: snowflake_automation_dag.create_table manual__2023-11-02T19:12:56.708730+00:00 [queued]>
[2023-11-02T12:12:58.582-0700] {taskinstance.py:1279} INFO - 
--------------------------------------------------------------------------------
[2023-11-02T12:12:58.582-0700] {taskinstance.py:1280} INFO - Starting attempt 1 of 1
[2023-11-02T12:12:58.582-0700] {taskinstance.py:1281} INFO - 
--------------------------------------------------------------------------------
[2023-11-02T12:12:58.587-0700] {taskinstance.py:1300} INFO - Executing <Task(SnowflakeOperator): create_table> on 2023-11-02 19:12:56.708730+00:00
[2023-11-02T12:12:58.589-0700] {standard_task_runner.py:55} INFO - Started process 32307 to run task
[2023-11-02T12:12:58.591-0700] {standard_task_runner.py:82} INFO - Running: ['airflow', 'tasks', 'run', 'snowflake_automation_dag', 'create_table', 'manual__2023-11-02T19:12:56.708730+00:00', '--job-id', '98', '--raw', '--subdir', 'DAGS_FOLDER/snowflake_airflow_dag.py', '--cfg-path', '/var/folders/jh/g6c8fm7j3x148qd22mrgmrsw0000gn/T/tmpikd16qd2']
[2023-11-02T12:12:58.593-0700] {standard_task_runner.py:83} INFO - Job 98: Subtask create_table
[2023-11-02T12:12:58.625-0700] {task_command.py:388} INFO - Running <TaskInstance: snowflake_automation_dag.create_table manual__2023-11-02T19:12:56.708730+00:00 [running]> on host anishs-air.lan
[2023-11-02T12:12:58.648-0700] {taskinstance.py:1507} INFO - Exporting the following env vars:
AIRFLOW_CTX_DAG_OWNER=Airflow
AIRFLOW_CTX_DAG_ID=snowflake_automation_dag
AIRFLOW_CTX_TASK_ID=create_table
AIRFLOW_CTX_EXECUTION_DATE=2023-11-02T19:12:56.708730+00:00
AIRFLOW_CTX_TRY_NUMBER=1
AIRFLOW_CTX_DAG_RUN_ID=manual__2023-11-02T19:12:56.708730+00:00
[2023-11-02T12:12:58.649-0700] {sql.py:254} INFO - Executing: 
            create  table if not exists source_table( emp_no int,emp_name text,salary int, hra int ,Dept text);
        
[2023-11-02T12:12:58.652-0700] {base.py:73} INFO - Using connection ID 'snowflake_conn' for task execution.
[2023-11-02T12:12:58.727-0700] {base.py:73} INFO - Using connection ID 'snowflake_conn' for task execution.
[2023-11-02T12:12:58.728-0700] {connection.py:334} INFO - Snowflake Connector for Python Version: 3.3.1, Python Version: 3.10.12, Platform: macOS-13.5.1-arm64-arm-64bit
[2023-11-02T12:12:58.728-0700] {connection.py:1103} INFO - This connection is in OCSP Fail Open Mode. TLS Certificates would be checked for validity and revocation status. Any other Certificate Revocation related exceptions or OCSP Responder failures would be disregarded in favor of connectivity.
[2023-11-02T12:12:58.728-0700] {connection.py:1121} INFO - Setting use_openssl_only mode to False
[2023-11-02T12:15:34.769-0700] {taskinstance.py:1073} INFO - Dependencies not met for <TaskInstance: snowflake_automation_dag.create_table manual__2023-11-02T19:12:56.708730+00:00 [running]>, dependency 'Task Instance Not Running' FAILED: Task is in the running state
[2023-11-02T12:15:34.773-0700] {taskinstance.py:1073} INFO - Dependencies not met for <TaskInstance: snowflake_automation_dag.create_table manual__2023-11-02T19:12:56.708730+00:00 [running]>, dependency 'Task Instance State' FAILED: Task is in the 'running' state.
[2023-11-02T12:15:34.778-0700] {local_task_job.py:147} INFO - Task is not able to be run
