[2023-10-23T19:27:32.833-0700] {taskinstance.py:1083} INFO - Dependencies all met for <TaskInstance: one_task_dag.one_task manual__2023-10-24T02:27:30.639583+00:00 [queued]>
[2023-10-23T19:27:32.837-0700] {taskinstance.py:1083} INFO - Dependencies all met for <TaskInstance: one_task_dag.one_task manual__2023-10-24T02:27:30.639583+00:00 [queued]>
[2023-10-23T19:27:32.837-0700] {taskinstance.py:1279} INFO - 
--------------------------------------------------------------------------------
[2023-10-23T19:27:32.837-0700] {taskinstance.py:1280} INFO - Starting attempt 1 of 1
[2023-10-23T19:27:32.837-0700] {taskinstance.py:1281} INFO - 
--------------------------------------------------------------------------------
[2023-10-23T19:27:32.841-0700] {taskinstance.py:1300} INFO - Executing <Task(BashOperator): one_task> on 2023-10-24 02:27:30.639583+00:00
[2023-10-23T19:27:32.842-0700] {standard_task_runner.py:55} INFO - Started process 70666 to run task
[2023-10-23T19:27:32.845-0700] {standard_task_runner.py:82} INFO - Running: ['airflow', 'tasks', 'run', 'one_task_dag', 'one_task', 'manual__2023-10-24T02:27:30.639583+00:00', '--job-id', '3', '--raw', '--subdir', 'DAGS_FOLDER/one_task_dag.py', '--cfg-path', '/var/folders/jh/g6c8fm7j3x148qd22mrgmrsw0000gn/T/tmp9s7qwhdx']
[2023-10-23T19:27:32.846-0700] {standard_task_runner.py:83} INFO - Job 3: Subtask one_task
[2023-10-23T19:27:32.866-0700] {task_command.py:388} INFO - Running <TaskInstance: one_task_dag.one_task manual__2023-10-24T02:27:30.639583+00:00 [running]> on host anishs-air.lan
[2023-10-23T19:27:32.897-0700] {taskinstance.py:1507} INFO - Exporting the following env vars:
AIRFLOW_CTX_DAG_OWNER=Anish
AIRFLOW_CTX_DAG_ID=one_task_dag
AIRFLOW_CTX_TASK_ID=one_task
AIRFLOW_CTX_EXECUTION_DATE=2023-10-24T02:27:30.639583+00:00
AIRFLOW_CTX_TRY_NUMBER=1
AIRFLOW_CTX_DAG_RUN_ID=manual__2023-10-24T02:27:30.639583+00:00
[2023-10-23T19:27:32.898-0700] {subprocess.py:63} INFO - Tmp dir root location: 
 /var/folders/jh/g6c8fm7j3x148qd22mrgmrsw0000gn/T
[2023-10-23T19:27:32.898-0700] {subprocess.py:75} INFO - Running command: ['/bin/bash', '-c', 'echo "hello, world!" > /Users/anishmore/airflow/temp/create-this-file.txt']
[2023-10-23T19:27:32.901-0700] {subprocess.py:86} INFO - Output:
[2023-10-23T19:27:32.907-0700] {subprocess.py:97} INFO - Command exited with return code 0
[2023-10-23T19:27:32.913-0700] {taskinstance.py:1318} INFO - Marking task as SUCCESS. dag_id=one_task_dag, task_id=one_task, execution_date=20231024T022730, start_date=20231024T022732, end_date=20231024T022732
[2023-10-23T19:27:32.950-0700] {local_task_job.py:208} INFO - Task exited with return code 0
[2023-10-23T19:27:32.956-0700] {taskinstance.py:2578} INFO - 0 downstream tasks scheduled from follow-on schedule check
